#
# There is insufficient memory for the Java Runtime Environment to continue.
# Native memory allocation (malloc) failed to allocate 262160 bytes for Chunk::new
# Possible reasons:
#   The system is out of physical RAM or swap space
#   In 32 bit mode, the process size limit was hit
# Possible solutions:
#   Reduce memory load on the system
#   Increase physical memory or swap space
#   Check if swap backing store is full
#   Use 64 bit Java on a 64 bit OS
#   Decrease Java heap size (-Xmx/-Xms)
#   Decrease number of Java threads
#   Decrease Java thread stack sizes (-Xss)
#   Set larger code cache with -XX:ReservedCodeCacheSize=
# This output file may be truncated or incomplete.
#
#  Out of Memory Error (allocation.cpp:390), pid=13556, tid=0x000000000000204c
#
# JRE version: Java(TM) SE Runtime Environment (8.0_121-b13) (build 1.8.0_121-b13)
# Java VM: Java HotSpot(TM) 64-Bit Server VM (25.121-b13 mixed mode windows-amd64 compressed oops)
# Failed to write core dump. Minidumps are not enabled by default on client versions of Windows
#

---------------  T H R E A D  ---------------

Current thread (0x00000000194df800):  JavaThread "C2 CompilerThread0" daemon [_thread_in_native, id=8268, stack(0x000000001a340000,0x000000001a440000)]

Stack: [0x000000001a340000,0x000000001a440000]
[error occurred during error reporting (printing stack bounds), id 0xc0000005]

Native frames: (J=compiled Java code, j=interpreted, Vv=VM code, C=native code)


Current CompileTask:
C2:   2282 1996       4       javafx.scene.CssStyleHelper::resolveLookups (521 bytes)


---------------  P R O C E S S  ---------------

Java Threads: ( => current thread )
  0x000000001af8f800 JavaThread "Prism Font Disposer" daemon [_thread_blocked, id=14284, stack(0x0000000021bf0000,0x0000000021cf0000)]
  0x000000001ab7b000 JavaThread "Thread-3" daemon [_thread_in_native, id=11268, stack(0x000000001fbf0000,0x000000001fcf0000)]
  0x000000001aa71800 JavaThread "JavaFX-Launcher" [_thread_blocked, id=4672, stack(0x000000001fcf0000,0x000000001fdf0000)]
  0x000000001aa46800 JavaThread "JavaFX Application Thread" [_thread_in_native, id=9416, stack(0x000000001b460000,0x000000001b560000)]
  0x000000001aa3f000 JavaThread "Thread-1" daemon [_thread_blocked, id=1220, stack(0x000000001b360000,0x000000001b460000)]
  0x000000001a9f6000 JavaThread "QuantumRenderer-0" daemon [_thread_blocked, id=3292, stack(0x000000001b140000,0x000000001b240000)]
  0x0000000019577000 JavaThread "Service Thread" daemon [_thread_blocked, id=8980, stack(0x000000001a740000,0x000000001a840000)]
  0x00000000194eb000 JavaThread "C1 CompilerThread3" daemon [_thread_blocked, id=14084, stack(0x000000001a640000,0x000000001a740000)]
  0x00000000194ea000 JavaThread "C2 CompilerThread2" daemon [_thread_blocked, id=13360, stack(0x000000001a540000,0x000000001a640000)]
  0x00000000194e9800 JavaThread "C2 CompilerThread1" daemon [_thread_blocked, id=5088, stack(0x000000001a440000,0x000000001a540000)]
=>0x00000000194df800 JavaThread "C2 CompilerThread0" daemon [_thread_in_native, id=8268, stack(0x000000001a340000,0x000000001a440000)]
  0x00000000194d3800 JavaThread "JDWP Command Reader" daemon [_thread_in_native, id=4364, stack(0x000000001a240000,0x000000001a340000)]
  0x00000000194ce800 JavaThread "JDWP Event Helper Thread" daemon [_thread_blocked, id=14220, stack(0x000000001a140000,0x000000001a240000)]
  0x00000000194bf800 JavaThread "JDWP Transport Listener: dt_socket" daemon [_thread_blocked, id=1816, stack(0x0000000019c80000,0x0000000019d80000)]
  0x00000000194b8000 JavaThread "Attach Listener" daemon [_thread_blocked, id=11044, stack(0x0000000019b80000,0x0000000019c80000)]
  0x00000000194b7000 JavaThread "Signal Dispatcher" daemon [_thread_blocked, id=10476, stack(0x0000000019a80000,0x0000000019b80000)]
  0x00000000194b0800 JavaThread "Finalizer" daemon [_thread_blocked, id=10852, stack(0x0000000019890000,0x0000000019990000)]
  0x0000000002687000 JavaThread "Reference Handler" daemon [_thread_blocked, id=9800, stack(0x0000000019390000,0x0000000019490000)]
  0x000000000085e000 JavaThread "main" [_thread_blocked, id=7292, stack(0x0000000000cb0000,0x0000000000db0000)]

Other Threads:
  0x0000000017579000 VMThread [stack: 0x0000000019290000,0x0000000019390000] [id=10656]
  0x0000000019585800 WatcherThread [stack: 0x000000001a840000,0x000000001a940000] [id=8280]

VM state:not at safepoint (normal execution)

VM Mutex/Monitor currently owned by a thread: None

Heap:
 PSYoungGen      total 37888K, used 27353K [0x00000000d6600000, 0x00000000d9000000, 0x0000000100000000)
  eden space 32768K, 68% used [0x00000000d6600000,0x00000000d7c0a4b8,0x00000000d8600000)
  from space 5120K, 93% used [0x00000000d8600000,0x00000000d8aac050,0x00000000d8b00000)
  to   space 5120K, 0% used [0x00000000d8b00000,0x00000000d8b00000,0x00000000d9000000)
 ParOldGen       total 86016K, used 80K [0x0000000083200000, 0x0000000088600000, 0x00000000d6600000)
  object space 86016K, 0% used [0x0000000083200000,0x0000000083214010,0x0000000088600000)
 Metaspace       used 18032K, capacity 19094K, committed 19328K, reserved 1064960K
  class space    used 2584K, capacity 2842K, committed 2944K, reserved 1048576K

Card table byte_map: [0x0000000011aa0000,0x0000000011e90000] byte_map_base: 0x0000000011687000

Marking Bits: (ParMarkBitMap*) 0x0000000068f8b6d0
 Begin Bits: [0x0000000012930000, 0x0000000014868000)
 End Bits:   [0x0000000014868000, 0x00000000167a0000)

Polling page: 0x0000000000840000

CodeCache: size=245760Kb used=6195Kb max_used=6210Kb free=239564Kb
 bounds [0x00000000026e0000, 0x0000000002d00000, 0x00000000116e0000]
 total_blobs=2653 nmethods=2006 adapters=567
 compilation: enabled

Compilation events (10 events):
Event: 2.257 Thread 0x00000000194eb000 2004       3       javafx.scene.Node::parentToLocal (15 bytes)
Event: 2.257 Thread 0x00000000194eb000 nmethod 2004 0x0000000002ce6e10 code [0x0000000002ce6f80, 0x0000000002ce7258]
Event: 2.258 Thread 0x00000000194eb000 2005       3       com.sun.prism.d3d.D3DGraphics::create (55 bytes)
Event: 2.258 Thread 0x00000000194eb000 nmethod 2005 0x0000000002ce64d0 code [0x0000000002ce6680, 0x0000000002ce6c18]
Event: 2.258 Thread 0x00000000194eb000 2006       3       com.sun.prism.d3d.D3DGraphics::<init> (12 bytes)
Event: 2.258 Thread 0x00000000194eb000 nmethod 2006 0x0000000002ce6010 code [0x0000000002ce6180, 0x0000000002ce63c8]
Event: 2.258 Thread 0x00000000194eb000 2007       3       com.sun.javafx.geom.RectBounds::<init> (10 bytes)
Event: 2.258 Thread 0x00000000194eb000 nmethod 2007 0x0000000002ceb850 code [0x0000000002ceb9e0, 0x0000000002cec070]
Event: 2.265 Thread 0x00000000194ea000 nmethod 1983 0x0000000002cefcd0 code [0x0000000002cefe80, 0x0000000002cf0c58]
Event: 2.267 Thread 0x00000000194e9800 nmethod 1994 0x0000000002cf4050 code [0x0000000002cf42a0, 0x0000000002cf54e0]

GC Heap History (2 events):
Event: 1.029 GC heap before
{Heap before GC invocations=1 (full 0):
 PSYoungGen      total 37888K, used 32768K [0x00000000d6600000, 0x00000000d9000000, 0x0000000100000000)
  eden space 32768K, 100% used [0x00000000d6600000,0x00000000d8600000,0x00000000d8600000)
  from space 5120K, 0% used [0x00000000d8b00000,0x00000000d8b00000,0x00000000d9000000)
  to   space 5120K, 0% used [0x00000000d8600000,0x00000000d8600000,0x00000000d8b00000)
 ParOldGen       total 86016K, used 0K [0x0000000083200000, 0x0000000088600000, 0x00000000d6600000)
  object space 86016K, 0% used [0x0000000083200000,0x0000000083200000,0x0000000088600000)
 Metaspace       used 16446K, capacity 17380K, committed 17536K, reserved 1064960K
  class space    used 2420K, capacity 2651K, committed 2688K, reserved 1048576K
Event: 1.034 GC heap after
Heap after GC invocations=1 (full 0):
 PSYoungGen      total 37888K, used 4784K [0x00000000d6600000, 0x00000000d9000000, 0x0000000100000000)
  eden space 32768K, 0% used [0x00000000d6600000,0x00000000d6600000,0x00000000d8600000)
  from space 5120K, 93% used [0x00000000d8600000,0x00000000d8aac050,0x00000000d8b00000)
  to   space 5120K, 0% used [0x00000000d8b00000,0x00000000d8b00000,0x00000000d9000000)
 ParOldGen       total 86016K, used 80K [0x0000000083200000, 0x0000000088600000, 0x00000000d6600000)
  object space 86016K, 0% used [0x0000000083200000,0x0000000083214010,0x0000000088600000)
 Metaspace       used 16446K, capacity 17380K, committed 17536K, reserved 1064960K
  class space    used 2420K, capacity 2651K, committed 2688K, reserved 1048576K
}

Deoptimization events (10 events):
Event: 0.868 Thread 0x000000001aa46800 Uncommon trap: reason=class_check action=maybe_recompile pc=0x00000000027fe918 method=java.lang.String.equals(Ljava/lang/Object;)Z @ 8
Event: 0.868 Thread 0x000000001aa46800 Uncommon trap: reason=class_check action=maybe_recompile pc=0x00000000027fe918 method=java.lang.String.equals(Ljava/lang/Object;)Z @ 8
Event: 0.868 Thread 0x000000001aa46800 Uncommon trap: reason=speculate_class_check action=maybe_recompile pc=0x0000000002a34b70 method=com.sun.javafx.css.BitSet.containsAll(Ljava/util/Collection;)Z @ 18
Event: 0.869 Thread 0x000000001aa46800 Uncommon trap: reason=speculate_class_check action=maybe_recompile pc=0x0000000002a34b70 method=com.sun.javafx.css.BitSet.containsAll(Ljava/util/Collection;)Z @ 18
Event: 0.871 Thread 0x000000001aa46800 Uncommon trap: reason=class_check action=maybe_recompile pc=0x00000000027fe918 method=java.lang.String.equals(Ljava/lang/Object;)Z @ 8
Event: 0.945 Thread 0x000000001aa46800 Uncommon trap: reason=unstable_if action=reinterpret pc=0x0000000002a036e0 method=java.lang.String.regionMatches(ZILjava/lang/String;II)Z @ 123
Event: 1.052 Thread 0x000000001aa46800 Uncommon trap: reason=unstable_if action=reinterpret pc=0x0000000002ab4c54 method=java.util.HashMap.isEmpty()Z @ 4
Event: 1.062 Thread 0x000000001aa46800 Uncommon trap: reason=unstable_if action=reinterpret pc=0x00000000029d240c method=sun.net.www.ParseUtil.encodePath(Ljava/lang/String;Z)Ljava/lang/String; @ 109
Event: 1.094 Thread 0x000000001aa46800 Uncommon trap: reason=unstable_if action=reinterpret pc=0x0000000002b32670 method=com.sun.javafx.css.SimpleSelector.stateMatches(Ljavafx/css/Styleable;Ljava/util/Set;)Z @ 1
Event: 2.245 Thread 0x000000001aa46800 Uncommon trap: reason=unstable_if action=reinterpret pc=0x0000000002cdf5d8 method=javafx.scene.Node.updateBounds()V @ 47

Internal exceptions (10 events):
Event: 1.194 Thread 0x000000001a9f6000 Exception <a 'java/lang/NullPointerException'> (0x00000000d6cbdae8) thrown at [C:\re\workspace\8-2-build-windows-amd64-cygwin\jdk8u121\8372\hotspot\src\share\vm\interpreter\linkResolver.cpp, line 1280]
Event: 1.216 Thread 0x000000001a9f6000 Exception <a 'java/lang/NullPointerException'> (0x00000000d6cc9f88) thrown at [C:\re\workspace\8-2-build-windows-amd64-cygwin\jdk8u121\8372\hotspot\src\share\vm\interpreter\linkResolver.cpp, line 1280]
Event: 1.230 Thread 0x000000001a9f6000 Exception <a 'java/lang/NullPointerException'> (0x00000000d71d66b8) thrown at [C:\re\workspace\8-2-build-windows-amd64-cygwin\jdk8u121\8372\hotspot\src\share\vm\interpreter\linkResolver.cpp, line 1280]
Event: 1.248 Thread 0x000000001a9f6000 Exception <a 'java/lang/NullPointerException'> (0x00000000d71e2b58) thrown at [C:\re\workspace\8-2-build-windows-amd64-cygwin\jdk8u121\8372\hotspot\src\share\vm\interpreter\linkResolver.cpp, line 1280]
Event: 1.255 Thread 0x000000001a9f6000 Exception <a 'java/lang/NullPointerException'> (0x00000000d71ef010) thrown at [C:\re\workspace\8-2-build-windows-amd64-cygwin\jdk8u121\8372\hotspot\src\share\vm\interpreter\linkResolver.cpp, line 1280]
Event: 1.267 Thread 0x000000001a9f6000 Exception <a 'java/lang/NullPointerException'> (0x00000000d71fb4b0) thrown at [C:\re\workspace\8-2-build-windows-amd64-cygwin\jdk8u121\8372\hotspot\src\share\vm\interpreter\linkResolver.cpp, line 1280]
Event: 1.279 Thread 0x000000001a9f6000 Exception <a 'java/lang/NullPointerException'> (0x00000000d7207968) thrown at [C:\re\workspace\8-2-build-windows-amd64-cygwin\jdk8u121\8372\hotspot\src\share\vm\interpreter\linkResolver.cpp, line 1280]
Event: 1.289 Thread 0x000000001a9f6000 Exception <a 'java/lang/NullPointerException'> (0x00000000d7213e20) thrown at [C:\re\workspace\8-2-build-windows-amd64-cygwin\jdk8u121\8372\hotspot\src\share\vm\interpreter\linkResolver.cpp, line 1280]
Event: 1.299 Thread 0x000000001a9f6000 Exception <a 'java/lang/NullPointerException'> (0x00000000d72202d8) thrown at [C:\re\workspace\8-2-build-windows-amd64-cygwin\jdk8u121\8372\hotspot\src\share\vm\interpreter\linkResolver.cpp, line 1280]
Event: 1.310 Thread 0x000000001a9f6000 Exception <a 'java/lang/NullPointerException'> (0x00000000d792cb00) thrown at [C:\re\workspace\8-2-build-windows-amd64-cygwin\jdk8u121\8372\hotspot\src\share\vm\interpreter\linkResolver.cpp, line 1280]

Events (10 events):
Event: 1.360 loading class com/sun/prism/shader/Solid_Color_Loader done
Event: 1.378 loading class com/sun/javafx/sg/prism/NGPerspectiveCamera
Event: 1.378 loading class com/sun/javafx/sg/prism/NGPerspectiveCamera done
Event: 1.379 loading class com/sun/javafx/geom/transform/TransformHelper
Event: 1.379 loading class com/sun/javafx/geom/transform/TransformHelper done
Event: 1.381 loading class com/sun/javafx/sg/prism/NGNode$RenderRootResult
Event: 1.381 loading class com/sun/javafx/sg/prism/NGNode$RenderRootResult done
Event: 2.245 Thread 0x000000001aa46800 Uncommon trap: trap_request=0xffffff65 fr.pc=0x0000000002cdf5d8
Event: 2.245 Thread 0x000000001aa46800 DEOPT PACKING pc=0x0000000002cdf5d8 sp=0x000000001b55d620
Event: 2.245 Thread 0x000000001aa46800 DEOPT UNPACKING pc=0x000000000272582a sp=0x000000001b55d5f8 mode 2


Dynamic libraries:
0x00007ff643040000 - 0x00007ff643077000 	C:\Program Files\Java\jre1.8.0_121\bin\javaw.exe
0x00007ffbe7000000 - 0x00007ffbe71db000 	C:\WINDOWS\SYSTEM32\ntdll.dll
0x00007ffbe4c80000 - 0x00007ffbe4d2e000 	C:\WINDOWS\System32\KERNEL32.DLL
0x00007ffbe3590000 - 0x00007ffbe37d9000 	C:\WINDOWS\System32\KERNELBASE.dll
0x00007ffbe5060000 - 0x00007ffbe5101000 	C:\WINDOWS\System32\ADVAPI32.dll
0x00007ffbe4e20000 - 0x00007ffbe4ebd000 	C:\WINDOWS\System32\msvcrt.dll
0x00007ffbe5950000 - 0x00007ffbe59a9000 	C:\WINDOWS\System32\sechost.dll
0x00007ffbe54b0000 - 0x00007ffbe55d5000 	C:\WINDOWS\System32\RPCRT4.dll
0x00007ffbe6e10000 - 0x00007ffbe6f5a000 	C:\WINDOWS\System32\USER32.dll
0x00007ffbe4030000 - 0x00007ffbe404e000 	C:\WINDOWS\System32\win32u.dll
0x00007ffbe5760000 - 0x00007ffbe5787000 	C:\WINDOWS\System32\GDI32.dll
0x00007ffbe4370000 - 0x00007ffbe44f7000 	C:\WINDOWS\System32\gdi32full.dll
0x00007ffbe3f90000 - 0x00007ffbe402a000 	C:\WINDOWS\System32\msvcp_win.dll
0x00007ffbe4270000 - 0x00007ffbe4366000 	C:\WINDOWS\System32\ucrtbase.dll
0x00007ffbd3d80000 - 0x00007ffbd3fe7000 	C:\WINDOWS\WinSxS\amd64_microsoft.windows.common-controls_6595b64144ccf1df_6.0.15063.483_none_26002d27e7c744a2\COMCTL32.dll
0x00007ffbe51b0000 - 0x00007ffbe54a9000 	C:\WINDOWS\System32\combase.dll
0x00007ffbe3520000 - 0x00007ffbe358a000 	C:\WINDOWS\System32\bcryptPrimitives.dll
0x00007ffbe4d90000 - 0x00007ffbe4dbd000 	C:\WINDOWS\System32\IMM32.DLL
0x000000006a290000 - 0x000000006a362000 	C:\Program Files\Java\jre1.8.0_121\bin\msvcr100.dll
0x0000000068770000 - 0x000000006900b000 	C:\Program Files\Java\jre1.8.0_121\bin\server\jvm.dll
0x00007ffbe57f0000 - 0x00007ffbe57f8000 	C:\WINDOWS\System32\PSAPI.DLL
0x00007ffbdf910000 - 0x00007ffbdf919000 	C:\WINDOWS\SYSTEM32\WSOCK32.dll
0x00007ffbd8af0000 - 0x00007ffbd8afa000 	C:\WINDOWS\SYSTEM32\VERSION.dll
0x00007ffbda540000 - 0x00007ffbda563000 	C:\WINDOWS\SYSTEM32\WINMM.dll
0x00007ffbe55e0000 - 0x00007ffbe564c000 	C:\WINDOWS\System32\WS2_32.dll
0x00007ffbda300000 - 0x00007ffbda32b000 	C:\WINDOWS\SYSTEM32\WINMMBASE.dll
0x00007ffbe4050000 - 0x00007ffbe4099000 	C:\WINDOWS\System32\cfgmgr32.dll
0x000000006a440000 - 0x000000006a44f000 	C:\Program Files\Java\jre1.8.0_121\bin\verify.dll
0x000000006a410000 - 0x000000006a439000 	C:\Program Files\Java\jre1.8.0_121\bin\java.dll
0x000000006a250000 - 0x000000006a285000 	C:\Program Files\Java\jre1.8.0_121\bin\jdwp.dll
0x000000006a240000 - 0x000000006a248000 	C:\Program Files\Java\jre1.8.0_121\bin\npt.dll
0x000000006a3f0000 - 0x000000006a406000 	C:\Program Files\Java\jre1.8.0_121\bin\zip.dll
0x00007ffbe59b0000 - 0x00007ffbe6de7000 	C:\WINDOWS\System32\SHELL32.dll
0x00007ffbe4b10000 - 0x00007ffbe4bba000 	C:\WINDOWS\System32\shcore.dll
0x00007ffbe37e0000 - 0x00007ffbe3ed1000 	C:\WINDOWS\System32\windows.storage.dll
0x00007ffbe4dc0000 - 0x00007ffbe4e11000 	C:\WINDOWS\System32\shlwapi.dll
0x00007ffbe3490000 - 0x00007ffbe34a1000 	C:\WINDOWS\System32\kernel.appcore.dll
0x00007ffbe34b0000 - 0x00007ffbe34fc000 	C:\WINDOWS\System32\powrprof.dll
0x00007ffbe3470000 - 0x00007ffbe3485000 	C:\WINDOWS\System32\profapi.dll
0x000000006a230000 - 0x000000006a239000 	C:\Program Files\Java\jre1.8.0_121\bin\dt_socket.dll
0x00007ffbcd5a0000 - 0x00007ffbcd5b6000 	C:\WINDOWS\system32\napinsp.dll
0x00007ffbcd580000 - 0x00007ffbcd59a000 	C:\WINDOWS\system32\pnrpnsp.dll
0x00007ffbdec10000 - 0x00007ffbdec28000 	C:\WINDOWS\system32\NLAapi.dll
0x00007ffbe2d80000 - 0x00007ffbe2ddc000 	C:\WINDOWS\System32\mswsock.dll
0x00007ffbe2b60000 - 0x00007ffbe2c04000 	C:\WINDOWS\SYSTEM32\DNSAPI.dll
0x00007ffbe6ff0000 - 0x00007ffbe6ff8000 	C:\WINDOWS\System32\NSI.dll
0x00007ffbe2b20000 - 0x00007ffbe2b57000 	C:\WINDOWS\SYSTEM32\IPHLPAPI.DLL
0x00007ffbde3a0000 - 0x00007ffbde3ae000 	C:\WINDOWS\System32\winrnr.dll
0x00007ffbbc400000 - 0x00007ffbbc415000 	C:\WINDOWS\System32\wshbth.dll
0x0000000063560000 - 0x0000000063569000 	C:\Program Files\National Instruments\Shared\mDNS Responder\nimdnsNSP.dll
0x0000000063550000 - 0x000000006355e000 	C:\WINDOWS\SYSTEM32\nimdnsResponder.dll
0x000000006a150000 - 0x000000006a1f3000 	C:\WINDOWS\WinSxS\amd64_microsoft.vc90.crt_1fc8b3b9a1e18e3b_9.0.30729.9279_none_08e667efa83ba076\MSVCR90.dll
0x00007ffbdab90000 - 0x00007ffbdabfb000 	C:\WINDOWS\System32\fwpuclnt.dll
0x00007ffbe3030000 - 0x00007ffbe3055000 	C:\WINDOWS\SYSTEM32\bcrypt.dll
0x00007ffbd60a0000 - 0x00007ffbd60aa000 	C:\Windows\System32\rasadhlp.dll
0x00007ffbbd080000 - 0x00007ffbbd16f000 	C:\Program Files\Java\jre1.8.0_121\bin\msvcr120.dll
0x00007ffbbd800000 - 0x00007ffbbd8a6000 	C:\Program Files\Java\jre1.8.0_121\bin\msvcp120.dll
0x000000006a200000 - 0x000000006a222000 	C:\Program Files\Java\jre1.8.0_121\bin\prism_d3d.dll
0x00007ffbbce60000 - 0x00007ffbbcfe9000 	C:\WINDOWS\system32\d3d9.dll
0x00007ffbd0c70000 - 0x00007ffbd0c9a000 	C:\WINDOWS\SYSTEM32\dwmapi.dll
0x00007ffbe1c60000 - 0x00007ffbe1cf5000 	C:\WINDOWS\system32\uxtheme.dll
0x00007ffba0830000 - 0x00007ffba26c3000 	C:\WINDOWS\SYSTEM32\igdumdim64.dll
0x00007ffbe46d0000 - 0x00007ffbe4b0b000 	C:\WINDOWS\System32\SETUPAPI.dll
0x00007ffbe4bc0000 - 0x00007ffbe4c80000 	C:\WINDOWS\System32\OLEAUT32.dll
0x00007ffbe5800000 - 0x00007ffbe5945000 	C:\WINDOWS\System32\ole32.dll
0x00000000679c0000 - 0x0000000067a03000 	C:\Program Files\Java\jre1.8.0_121\bin\glass.dll
0x00007ffbe5650000 - 0x00007ffbe5758000 	C:\WINDOWS\System32\COMDLG32.dll
0x00007ffbe4560000 - 0x00007ffbe46c6000 	C:\WINDOWS\System32\MSCTF.dll
0x00007ffbcd7b0000 - 0x00007ffbce622000 	C:\WINDOWS\SYSTEM32\igc64.dll
0x0000000067820000 - 0x00000000679b8000 	C:\Program Files\Java\jre1.8.0_121\bin\awt.dll
0x00007ffbe1b20000 - 0x00007ffbe1b9e000 	C:\WINDOWS\SYSTEM32\apphelp.dll
0x0000000067800000 - 0x0000000067814000 	C:\Program Files\Java\jre1.8.0_121\bin\javafx_font.dll
0x00007ffbcfd80000 - 0x00007ffbd003f000 	C:\WINDOWS\SYSTEM32\dwrite.dll
0x00007ffbe5110000 - 0x00007ffbe51ae000 	C:\WINDOWS\System32\clbcatq.dll
0x00007ffbd0410000 - 0x00007ffbd05bc000 	C:\WINDOWS\SYSTEM32\WindowsCodecs.dll
0x00007ffbca870000 - 0x00007ffbca8b7000 	C:\WINDOWS\system32\dataexchange.dll
0x00007ffbe0b90000 - 0x00007ffbe0e6f000 	C:\WINDOWS\system32\d3d11.dll
0x00007ffbe1510000 - 0x00007ffbe1632000 	C:\WINDOWS\system32\dcomp.dll
0x00007ffbe23c0000 - 0x00007ffbe2464000 	C:\WINDOWS\system32\dxgi.dll
0x00007ffbe1f00000 - 0x00007ffbe2070000 	C:\WINDOWS\system32\twinapi.appcore.dll
0x00007ffbc8a60000 - 0x00007ffbc8a91000 	C:\Program Files\Common Files\Microsoft Shared\Ink\rtscom.dll
0x00007ffbdea20000 - 0x00007ffbdeaa2000 	C:\WINDOWS\System32\TextInputFramework.dll
0x00007ffbe1420000 - 0x00007ffbe1503000 	C:\WINDOWS\System32\CoreMessaging.dll
0x00007ffbd0130000 - 0x00007ffbd0402000 	C:\WINDOWS\System32\CoreUIComponents.dll
0x00007ffbdfcb0000 - 0x00007ffbdfde9000 	C:\WINDOWS\SYSTEM32\wintypes.dll
0x00007ffbe2680000 - 0x00007ffbe26b1000 	C:\WINDOWS\SYSTEM32\ntmarta.dll
0x00007ffbdf120000 - 0x00007ffbdf135000 	C:\WINDOWS\SYSTEM32\usermgrcli.dll
0x00000000677e0000 - 0x00000000677f1000 	C:\Program Files\Java\jre1.8.0_121\bin\prism_common.dll

VM Arguments:
jvm_args: -agentlib:jdwp=transport=dt_socket,suspend=y,address=localhost:9022 -Dfile.encoding=Cp1252 
java_command: eg.edu.alexu.csd.oop.draw.cs.gui.Main
java_class_path (initial): C:\Users\mohamed kamal\workspace\Paint_GUI\bin;C:\Program Files (x86)\Java\jdk1.8.0_131\jre\lib\jfxswt.jar
Launcher Type: SUN_STANDARD

Environment Variables:
PATH=C:/Program Files/Java/jre1.8.0_121/bin/server;C:/Program Files/Java/jre1.8.0_121/bin;C:/Program Files/Java/jre1.8.0_121/lib/amd64;C:\Program Files\ImageMagick-6.9.8-Q16-HDRI;C:\ProgramData\Oracle\Java\javapath;C:\WINDOWS\system32;C:\WINDOWS;C:\WINDOWS\System32\Wbem;C:\WINDOWS\System32\WindowsPowerShell\v1.0\;C:\Program Files\Microsoft SQL Server\130\Tools\Binn\;C:\Program Files\Git\cmd;C:\RailsInstaller\Ruby2.2.0\bin;C:\Program Files\dotnet\;Z:\Git\cmd;C:\Program Files\Java\jdk1.8.0_121\bin;C:\RailsInstaller\Git\cmd;C:\RailsInstaller\Ruby2.2.0\bin;D:\Ruby23-x64\bin;C:\Users\mohamed kamal\AppData\Local\Microsoft\WindowsApps;C:\Users\mohamed kamal\workspace\Stack2\src\eg\edu\alexu\csd\datastructure\stack\cs58;Z:\Heroku\bin;C:\WINDOWS\System32;
USERNAME=mohamed kamal
OS=Windows_NT
PROCESSOR_IDENTIFIER=Intel64 Family 6 Model 94 Stepping 3, GenuineIntel



---------------  S Y S T E M  ---------------

OS: Windows 10.0 , 64 bit Build 15063 (10.0.15063.296)

CPU:total 8 (4 cores per cpu, 2 threads per core) family 6 model 94 stepping 3, cmov, cx8, fxsr, mmx, sse, sse2, sse3, ssse3, sse4.1, sse4.2, popcnt, avx, avx2, aes, clmul, erms, rtm, 3dnowpref, lzcnt, ht, tsc, tscinvbit, bmi1, bmi2, adx

Memory: 4k page, physical 8178536k(2874304k free), swap 8741736k(5392k free)

vm_info: Java HotSpot(TM) 64-Bit Server VM (25.121-b13) for windows-amd64 JRE (1.8.0_121-b13), built on Dec 12 2016 18:21:36 by "java_re" with MS VC++ 10.0 (VS2010)

time: Sun Nov 19 07:02:33 2017
elapsed time: 2 seconds (0d 0h 0m 2s)

