#
# There is insufficient memory for the Java Runtime Environment to continue.
# Native memory allocation (malloc) failed to allocate 32744 bytes for ChunkPool::allocate
# Possible reasons:
#   The system is out of physical RAM or swap space
#   In 32 bit mode, the process size limit was hit
# Possible solutions:
#   Reduce memory load on the system
#   Increase physical memory or swap space
#   Check if swap backing store is full
#   Use 64 bit Java on a 64 bit OS
#   Decrease Java heap size (-Xmx/-Xms)
#   Decrease number of Java threads
#   Decrease Java thread stack sizes (-Xss)
#   Set larger code cache with -XX:ReservedCodeCacheSize=
# This output file may be truncated or incomplete.
#
#  Out of Memory Error (allocation.cpp:273), pid=13548, tid=0x0000000000000504
#
# JRE version: Java(TM) SE Runtime Environment (8.0_121-b13) (build 1.8.0_121-b13)
# Java VM: Java HotSpot(TM) 64-Bit Server VM (25.121-b13 mixed mode windows-amd64 compressed oops)
# Failed to write core dump. Minidumps are not enabled by default on client versions of Windows
#

---------------  T H R E A D  ---------------

Current thread (0x000000001956a800):  JavaThread "C2 CompilerThread2" daemon [_thread_in_native, id=1284, stack(0x000000001a550000,0x000000001a650000)]

Stack: [0x000000001a550000,0x000000001a650000]
[error occurred during error reporting (printing stack bounds), id 0xc0000005]

Native frames: (J=compiled Java code, j=interpreted, Vv=VM code, C=native code)


Current CompileTask:
C2:   6304 2412       4       javafx.scene.CssStyleHelper::resolveLookups (521 bytes)


---------------  P R O C E S S  ---------------

Java Threads: ( => current thread )
  0x000000001af09000 JavaThread "Prism Font Disposer" daemon [_thread_blocked, id=1628, stack(0x0000000023630000,0x0000000023730000)]
  0x000000001ab09000 JavaThread "Thread-3" daemon [_thread_in_native, id=9764, stack(0x000000001fcb0000,0x000000001fdb0000)]
  0x000000001aa72800 JavaThread "JavaFX-Launcher" [_thread_blocked, id=14116, stack(0x000000001fdb0000,0x000000001feb0000)]
  0x000000001aa4b800 JavaThread "JavaFX Application Thread" [_thread_in_native, id=11556, stack(0x000000001b520000,0x000000001b620000)]
  0x000000001aa48000 JavaThread "Thread-1" daemon [_thread_blocked, id=8320, stack(0x000000001b420000,0x000000001b520000)]
  0x000000001a9eb000 JavaThread "QuantumRenderer-0" daemon [_thread_blocked, id=14040, stack(0x000000001b150000,0x000000001b250000)]
  0x00000000195f9800 JavaThread "Service Thread" daemon [_thread_blocked, id=8628, stack(0x000000001a750000,0x000000001a850000)]
  0x000000001956b000 JavaThread "C1 CompilerThread3" daemon [_thread_blocked, id=3824, stack(0x000000001a650000,0x000000001a750000)]
=>0x000000001956a800 JavaThread "C2 CompilerThread2" daemon [_thread_in_native, id=1284, stack(0x000000001a550000,0x000000001a650000)]
  0x0000000019569800 JavaThread "C2 CompilerThread1" daemon [_thread_blocked, id=13840, stack(0x000000001a450000,0x000000001a550000)]
  0x0000000019560800 JavaThread "C2 CompilerThread0" daemon [_thread_in_native, id=232, stack(0x000000001a350000,0x000000001a450000)]
  0x0000000019554800 JavaThread "JDWP Command Reader" daemon [_thread_in_native, id=1632, stack(0x000000001a250000,0x000000001a350000)]
  0x000000001954d800 JavaThread "JDWP Event Helper Thread" daemon [_thread_blocked, id=14000, stack(0x000000001a150000,0x000000001a250000)]
  0x000000001954a800 JavaThread "JDWP Transport Listener: dt_socket" daemon [_thread_blocked, id=4536, stack(0x0000000019d00000,0x0000000019e00000)]
  0x0000000019538800 JavaThread "Attach Listener" daemon [_thread_blocked, id=13468, stack(0x0000000019c00000,0x0000000019d00000)]
  0x000000001763e800 JavaThread "Signal Dispatcher" daemon [_thread_blocked, id=808, stack(0x0000000019b00000,0x0000000019c00000)]
  0x0000000002789000 JavaThread "Finalizer" daemon [_thread_blocked, id=3740, stack(0x0000000019910000,0x0000000019a10000)]
  0x0000000002788000 JavaThread "Reference Handler" daemon [_thread_blocked, id=13100, stack(0x0000000019410000,0x0000000019510000)]
  0x0000000000d6e000 JavaThread "main" [_thread_blocked, id=1264, stack(0x0000000002590000,0x0000000002690000)]

Other Threads:
  0x0000000017629000 VMThread [stack: 0x0000000019310000,0x0000000019410000] [id=10032]
  0x000000001961f000 WatcherThread [stack: 0x000000001a850000,0x000000001a950000] [id=5736]

VM state:not at safepoint (normal execution)

VM Mutex/Monitor currently owned by a thread: None

Heap:
 PSYoungGen      total 37888K, used 17919K [0x00000000d6600000, 0x00000000d9000000, 0x0000000100000000)
  eden space 32768K, 40% used [0x00000000d6600000,0x00000000d72d3d08,0x00000000d8600000)
  from space 5120K, 93% used [0x00000000d8600000,0x00000000d8aac030,0x00000000d8b00000)
  to   space 5120K, 0% used [0x00000000d8b00000,0x00000000d8b00000,0x00000000d9000000)
 ParOldGen       total 86016K, used 80K [0x0000000083200000, 0x0000000088600000, 0x00000000d6600000)
  object space 86016K, 0% used [0x0000000083200000,0x0000000083214010,0x0000000088600000)
 Metaspace       used 19459K, capacity 20726K, committed 20992K, reserved 1067008K
  class space    used 2779K, capacity 3058K, committed 3072K, reserved 1048576K

Card table byte_map: [0x0000000011b50000,0x0000000011f40000] byte_map_base: 0x0000000011737000

Marking Bits: (ParMarkBitMap*) 0x000000005806b6d0
 Begin Bits: [0x00000000129e0000, 0x0000000014918000)
 End Bits:   [0x0000000014918000, 0x0000000016850000)

Polling page: 0x0000000000870000

CodeCache: size=245760Kb used=7982Kb max_used=7989Kb free=237777Kb
 bounds [0x0000000002790000, 0x0000000002f70000, 0x0000000011790000]
 total_blobs=3211 nmethods=2557 adapters=573
 compilation: enabled

Compilation events (10 events):
Event: 6.275 Thread 0x000000001956b000 2553       3       com.sun.prism.impl.ps.BaseShaderContext::getPaintShader (262 bytes)
Event: 6.277 Thread 0x0000000019569800 2557       4       java.util.WeakHashMap$HashIterator::hasNext (95 bytes)
Event: 6.277 Thread 0x000000001956b000 nmethod 2553 0x0000000002f58290 code [0x0000000002f58680, 0x0000000002f5b208]
Event: 6.277 Thread 0x000000001956b000 2554       3       com.sun.prism.impl.ps.BaseShaderContext::getStockShaderIndex (57 bytes)
Event: 6.278 Thread 0x000000001956b000 nmethod 2554 0x0000000002f5c890 code [0x0000000002f5ca00, 0x0000000002f5d070]
Event: 6.278 Thread 0x000000001956b000 2555       3       com.sun.prism.impl.ManagedResource::lock (20 bytes)
Event: 6.278 Thread 0x000000001956b000 nmethod 2555 0x0000000002f54150 code [0x0000000002f542a0, 0x0000000002f54410]
Event: 6.278 Thread 0x000000001956b000 2556       1       javafx.animation.Animation::access$100 (5 bytes)
Event: 6.278 Thread 0x000000001956b000 nmethod 2556 0x0000000002f53e90 code [0x0000000002f53fe0, 0x0000000002f540d0]
Event: 6.285 Thread 0x0000000019569800 nmethod 2557 0x0000000002f60050 code [0x0000000002f601a0, 0x0000000002f603f8]

GC Heap History (2 events):
Event: 0.862 GC heap before
{Heap before GC invocations=1 (full 0):
 PSYoungGen      total 37888K, used 32768K [0x00000000d6600000, 0x00000000d9000000, 0x0000000100000000)
  eden space 32768K, 100% used [0x00000000d6600000,0x00000000d8600000,0x00000000d8600000)
  from space 5120K, 0% used [0x00000000d8b00000,0x00000000d8b00000,0x00000000d9000000)
  to   space 5120K, 0% used [0x00000000d8600000,0x00000000d8600000,0x00000000d8b00000)
 ParOldGen       total 86016K, used 0K [0x0000000083200000, 0x0000000088600000, 0x00000000d6600000)
  object space 86016K, 0% used [0x0000000083200000,0x0000000083200000,0x0000000088600000)
 Metaspace       used 16523K, capacity 17436K, committed 17536K, reserved 1064960K
  class space    used 2431K, capacity 2657K, committed 2688K, reserved 1048576K
Event: 0.866 GC heap after
Heap after GC invocations=1 (full 0):
 PSYoungGen      total 37888K, used 4784K [0x00000000d6600000, 0x00000000d9000000, 0x0000000100000000)
  eden space 32768K, 0% used [0x00000000d6600000,0x00000000d6600000,0x00000000d8600000)
  from space 5120K, 93% used [0x00000000d8600000,0x00000000d8aac030,0x00000000d8b00000)
  to   space 5120K, 0% used [0x00000000d8b00000,0x00000000d8b00000,0x00000000d9000000)
 ParOldGen       total 86016K, used 80K [0x0000000083200000, 0x0000000088600000, 0x00000000d6600000)
  object space 86016K, 0% used [0x0000000083200000,0x0000000083214010,0x0000000088600000)
 Metaspace       used 16523K, capacity 17436K, committed 17536K, reserved 1064960K
  class space    used 2431K, capacity 2657K, committed 2688K, reserved 1048576K
}

Deoptimization events (10 events):
Event: 0.931 Thread 0x000000001aa4b800 Uncommon trap: reason=array_check action=maybe_recompile pc=0x0000000002c06d68 method=com.sun.javafx.css.SimpleSelector.applies(Ljavafx/css/Styleable;[Ljava/util/Set;I)Z @ 37
Event: 0.960 Thread 0x000000001aa4b800 Uncommon trap: reason=unstable_if action=reinterpret pc=0x0000000002c2032c method=com.sun.javafx.css.SimpleSelector.stateMatches(Ljavafx/css/Styleable;Ljava/util/Set;)Z @ 1
Event: 1.715 Thread 0x000000001aa4b800 Uncommon trap: reason=unstable_if action=reinterpret pc=0x0000000002a97e64 method=jdk.internal.org.objectweb.asm.Type.getArgumentsAndReturnSizes(Ljava/lang/String;)I @ 47
Event: 5.490 Thread 0x000000001aa4b800 Uncommon trap: reason=unstable_if action=reinterpret pc=0x0000000002da3318 method=javafx.scene.Node.updateBounds()V @ 47
Event: 5.491 Thread 0x000000001a9eb000 Uncommon trap: reason=unstable_if action=reinterpret pc=0x0000000002dbeb54 method=com.sun.javafx.text.TextRun.getPosX(I)F @ 46
Event: 6.009 Thread 0x000000001aa4b800 Uncommon trap: reason=unstable_if action=reinterpret pc=0x0000000002e7d2d4 method=javafx.scene.Node.updateLocalToParentTransform()V @ 4
Event: 6.022 Thread 0x000000001aa4b800 Uncommon trap: reason=unstable_if action=reinterpret pc=0x0000000002b66878 method=com.sun.javafx.css.BitSet.add(Ljava/lang/Object;)Z @ 91
Event: 6.023 Thread 0x000000001aa4b800 Uncommon trap: reason=unstable_if action=reinterpret pc=0x0000000002de69b0 method=java.lang.StrictMath.floorOrCeil(DDDD)D @ 38
Event: 6.037 Thread 0x000000001aa4b800 Uncommon trap: reason=unstable_if action=reinterpret pc=0x0000000002c13198 method=com.sun.javafx.css.BitSet.addAll(Ljava/util/Collection;)Z @ 1
Event: 6.070 Thread 0x000000001a9eb000 Uncommon trap: reason=unstable_if action=reinterpret pc=0x0000000002d44488 method=com.sun.javafx.geom.RectBounds.isEmpty()Z @ 21

Internal exceptions (10 events):
Event: 0.403 Thread 0x000000001aa4b800 Exception <a 'java/lang/NullPointerException'> (0x00000000d732edb0) thrown at [C:\re\workspace\8-2-build-windows-amd64-cygwin\jdk8u121\8372\hotspot\src\share\vm\prims\jvm.cpp, line 1394]
Event: 0.507 Thread 0x000000001aa4b800 Exception <a 'java/lang/ArrayIndexOutOfBoundsException'> (0x00000000d7896d28) thrown at [C:\re\workspace\8-2-build-windows-amd64-cygwin\jdk8u121\8372\hotspot\src\share\vm\runtime\sharedRuntime.cpp, line 605]
Event: 0.507 Thread 0x000000001aa4b800 Exception <a 'java/lang/ArrayIndexOutOfBoundsException'> (0x00000000d7897a58) thrown at [C:\re\workspace\8-2-build-windows-amd64-cygwin\jdk8u121\8372\hotspot\src\share\vm\runtime\sharedRuntime.cpp, line 605]
Event: 0.508 Thread 0x000000001aa4b800 Exception <a 'java/lang/ArrayIndexOutOfBoundsException'> (0x00000000d7898e00) thrown at [C:\re\workspace\8-2-build-windows-amd64-cygwin\jdk8u121\8372\hotspot\src\share\vm\runtime\sharedRuntime.cpp, line 605]
Event: 0.508 Thread 0x000000001aa4b800 Exception <a 'java/lang/ArrayIndexOutOfBoundsException'> (0x00000000d789c758) thrown at [C:\re\workspace\8-2-build-windows-amd64-cygwin\jdk8u121\8372\hotspot\src\share\vm\runtime\sharedRuntime.cpp, line 605]
Event: 0.511 Thread 0x000000001aa4b800 Exception <a 'java/lang/ArrayIndexOutOfBoundsException'> (0x00000000d78a7970) thrown at [C:\re\workspace\8-2-build-windows-amd64-cygwin\jdk8u121\8372\hotspot\src\share\vm\runtime\sharedRuntime.cpp, line 605]
Event: 0.562 Thread 0x000000001aa4b800 Implicit null exception at 0x00000000029f34b4 to 0x00000000029f37e1
Event: 0.639 Thread 0x000000001aa4b800 Exception <a 'java/io/FileNotFoundException'> (0x00000000d7d3c0d0) thrown at [C:\re\workspace\8-2-build-windows-amd64-cygwin\jdk8u121\8372\hotspot\src\share\vm\prims\jni.cpp, line 709]
Event: 0.960 Thread 0x000000001aa4b800 Implicit null exception at 0x0000000002c1f4fc to 0x0000000002c202f5
Event: 6.037 Thread 0x000000001aa4b800 Implicit null exception at 0x0000000002c12b34 to 0x0000000002c13181

Events (10 events):
Event: 6.081 loading class java/nio/DirectIntBufferU
Event: 6.081 loading class java/nio/DirectIntBufferU done
Event: 6.084 loading class com/sun/prism/PixelSource
Event: 6.084 loading class com/sun/prism/PixelSource done
Event: 6.084 loading class com/sun/javafx/tk/quantum/SceneState
Event: 6.084 loading class com/sun/javafx/tk/quantum/SceneState done
Event: 6.084 Executing VM operation: RevokeBias
Event: 6.085 Executing VM operation: RevokeBias done
Event: 6.088 Executing VM operation: RevokeBias
Event: 6.088 Executing VM operation: RevokeBias done


Dynamic libraries:
0x00007ff7bf1d0000 - 0x00007ff7bf207000 	C:\Program Files\Java\jre1.8.0_121\bin\javaw.exe
0x00007ff84ee60000 - 0x00007ff84f03b000 	C:\WINDOWS\SYSTEM32\ntdll.dll
0x00007ff84e0e0000 - 0x00007ff84e18e000 	C:\WINDOWS\System32\KERNEL32.DLL
0x00007ff84bc70000 - 0x00007ff84beb9000 	C:\WINDOWS\System32\KERNELBASE.dll
0x00007ff84ed50000 - 0x00007ff84edf1000 	C:\WINDOWS\System32\ADVAPI32.dll
0x00007ff84ebe0000 - 0x00007ff84ec7d000 	C:\WINDOWS\System32\msvcrt.dll
0x00007ff84c4e0000 - 0x00007ff84c539000 	C:\WINDOWS\System32\sechost.dll
0x00007ff84c540000 - 0x00007ff84c665000 	C:\WINDOWS\System32\RPCRT4.dll
0x00007ff84e9d0000 - 0x00007ff84eb1a000 	C:\WINDOWS\System32\USER32.dll
0x00007ff84bb80000 - 0x00007ff84bb9e000 	C:\WINDOWS\System32\win32u.dll
0x00007ff84e190000 - 0x00007ff84e1b7000 	C:\WINDOWS\System32\GDI32.dll
0x00007ff84c0e0000 - 0x00007ff84c267000 	C:\WINDOWS\System32\gdi32full.dll
0x00007ff84c320000 - 0x00007ff84c3ba000 	C:\WINDOWS\System32\msvcp_win.dll
0x00007ff84ba80000 - 0x00007ff84bb76000 	C:\WINDOWS\System32\ucrtbase.dll
0x00007ff83e260000 - 0x00007ff83e4c7000 	C:\WINDOWS\WinSxS\amd64_microsoft.windows.common-controls_6595b64144ccf1df_6.0.15063.483_none_26002d27e7c744a2\COMCTL32.dll
0x00007ff84e6d0000 - 0x00007ff84e9c9000 	C:\WINDOWS\System32\combase.dll
0x00007ff84bc00000 - 0x00007ff84bc6a000 	C:\WINDOWS\System32\bcryptPrimitives.dll
0x00007ff84eb20000 - 0x00007ff84eb4d000 	C:\WINDOWS\System32\IMM32.DLL
0x0000000056d40000 - 0x0000000056e12000 	C:\Program Files\Java\jre1.8.0_121\bin\msvcr100.dll
0x0000000057850000 - 0x00000000580eb000 	C:\Program Files\Java\jre1.8.0_121\bin\server\jvm.dll
0x00007ff84ec80000 - 0x00007ff84ec88000 	C:\WINDOWS\System32\PSAPI.DLL
0x00007ff842540000 - 0x00007ff842563000 	C:\WINDOWS\SYSTEM32\WINMM.dll
0x00007ff846b10000 - 0x00007ff846b19000 	C:\WINDOWS\SYSTEM32\WSOCK32.dll
0x00007ff841670000 - 0x00007ff84167a000 	C:\WINDOWS\SYSTEM32\VERSION.dll
0x00007ff84e660000 - 0x00007ff84e6cc000 	C:\WINDOWS\System32\WS2_32.dll
0x00007ff8423c0000 - 0x00007ff8423eb000 	C:\WINDOWS\SYSTEM32\winmmbase.dll
0x00007ff84bec0000 - 0x00007ff84bf09000 	C:\WINDOWS\System32\cfgmgr32.dll
0x00000000595c0000 - 0x00000000595cf000 	C:\Program Files\Java\jre1.8.0_121\bin\verify.dll
0x0000000059590000 - 0x00000000595b9000 	C:\Program Files\Java\jre1.8.0_121\bin\java.dll
0x0000000056b60000 - 0x0000000056b95000 	C:\Program Files\Java\jre1.8.0_121\bin\jdwp.dll
0x0000000056b50000 - 0x0000000056b58000 	C:\Program Files\Java\jre1.8.0_121\bin\npt.dll
0x0000000059570000 - 0x0000000059586000 	C:\Program Files\Java\jre1.8.0_121\bin\zip.dll
0x00007ff84cc00000 - 0x00007ff84e036000 	C:\WINDOWS\System32\SHELL32.dll
0x00007ff84c420000 - 0x00007ff84c4ca000 	C:\WINDOWS\System32\shcore.dll
0x00007ff84b380000 - 0x00007ff84ba71000 	C:\WINDOWS\System32\windows.storage.dll
0x00007ff84c3c0000 - 0x00007ff84c411000 	C:\WINDOWS\System32\shlwapi.dll
0x00007ff84b2d0000 - 0x00007ff84b2e1000 	C:\WINDOWS\System32\kernel.appcore.dll
0x00007ff84b310000 - 0x00007ff84b35c000 	C:\WINDOWS\System32\powrprof.dll
0x00007ff84b360000 - 0x00007ff84b375000 	C:\WINDOWS\System32\profapi.dll
0x0000000056b40000 - 0x0000000056b49000 	C:\Program Files\Java\jre1.8.0_121\bin\dt_socket.dll
0x00007ff8317b0000 - 0x00007ff8317c6000 	C:\WINDOWS\system32\napinsp.dll
0x00007ff831790000 - 0x00007ff8317aa000 	C:\WINDOWS\system32\pnrpnsp.dll
0x00007ff848240000 - 0x00007ff848258000 	C:\WINDOWS\system32\NLAapi.dll
0x00007ff84abe0000 - 0x00007ff84ac3c000 	C:\WINDOWS\System32\mswsock.dll
0x00007ff84a9c0000 - 0x00007ff84aa64000 	C:\WINDOWS\SYSTEM32\DNSAPI.dll
0x00007ff84c4d0000 - 0x00007ff84c4d8000 	C:\WINDOWS\System32\NSI.dll
0x00007ff84a980000 - 0x00007ff84a9b7000 	C:\WINDOWS\SYSTEM32\IPHLPAPI.DLL
0x00007ff8378d0000 - 0x00007ff8378de000 	C:\WINDOWS\System32\winrnr.dll
0x00007ff825e90000 - 0x00007ff825ea5000 	C:\WINDOWS\System32\wshbth.dll
0x0000000063560000 - 0x0000000063569000 	C:\Program Files\National Instruments\Shared\mDNS Responder\nimdnsNSP.dll
0x0000000058750000 - 0x00000000587f3000 	C:\WINDOWS\WinSxS\amd64_microsoft.vc90.crt_1fc8b3b9a1e18e3b_9.0.30729.9279_none_08e667efa83ba076\MSVCR90.dll
0x0000000063550000 - 0x000000006355e000 	C:\WINDOWS\SYSTEM32\nimdnsResponder.dll
0x00007ff8434f0000 - 0x00007ff84355b000 	C:\WINDOWS\System32\fwpuclnt.dll
0x00007ff84ae90000 - 0x00007ff84aeb5000 	C:\WINDOWS\SYSTEM32\bcrypt.dll
0x00007ff8409f0000 - 0x00007ff8409fa000 	C:\Windows\System32\rasadhlp.dll
0x00007ff8316a0000 - 0x00007ff83178f000 	C:\Program Files\Java\jre1.8.0_121\bin\msvcr120.dll
0x00007ff81ee90000 - 0x00007ff81ef36000 	C:\Program Files\Java\jre1.8.0_121\bin\msvcp120.dll
0x0000000058160000 - 0x0000000058182000 	C:\Program Files\Java\jre1.8.0_121\bin\prism_d3d.dll
0x00007ff824330000 - 0x00007ff8244b9000 	C:\WINDOWS\system32\d3d9.dll
0x00007ff83aa90000 - 0x00007ff83aaba000 	C:\WINDOWS\SYSTEM32\dwmapi.dll
0x00007ff849ac0000 - 0x00007ff849b55000 	C:\WINDOWS\system32\uxtheme.dll
0x00007ff81af40000 - 0x00007ff81cdd3000 	C:\WINDOWS\SYSTEM32\igdumdim64.dll
0x00007ff84e220000 - 0x00007ff84e65b000 	C:\WINDOWS\System32\SETUPAPI.dll
0x00007ff84ec90000 - 0x00007ff84ed50000 	C:\WINDOWS\System32\OLEAUT32.dll
0x00007ff84cab0000 - 0x00007ff84cbf5000 	C:\WINDOWS\System32\ole32.dll
0x0000000058110000 - 0x0000000058153000 	C:\Program Files\Java\jre1.8.0_121\bin\glass.dll
0x00007ff84c9a0000 - 0x00007ff84caa8000 	C:\WINDOWS\System32\COMDLG32.dll
0x00007ff84c670000 - 0x00007ff84c7d6000 	C:\WINDOWS\System32\MSCTF.dll
0x00007ff835900000 - 0x00007ff836772000 	C:\WINDOWS\SYSTEM32\igc64.dll
0x0000000056ba0000 - 0x0000000056d38000 	C:\Program Files\Java\jre1.8.0_121\bin\awt.dll
0x00007ff849980000 - 0x00007ff8499fe000 	C:\WINDOWS\SYSTEM32\apphelp.dll
0x0000000056b20000 - 0x0000000056b34000 	C:\Program Files\Java\jre1.8.0_121\bin\javafx_font.dll
0x00007ff833c10000 - 0x00007ff833ecf000 	C:\WINDOWS\SYSTEM32\dwrite.dll
0x00007ff84e040000 - 0x00007ff84e0de000 	C:\WINDOWS\System32\clbcatq.dll
0x00007ff838510000 - 0x00007ff8386bc000 	C:\WINDOWS\SYSTEM32\WindowsCodecs.dll
0x00007ff82f1c0000 - 0x00007ff82f207000 	C:\WINDOWS\system32\dataexchange.dll
0x00007ff849300000 - 0x00007ff849422000 	C:\WINDOWS\system32\dcomp.dll
0x00007ff848980000 - 0x00007ff848c5f000 	C:\WINDOWS\system32\d3d11.dll
0x00007ff84a220000 - 0x00007ff84a2c4000 	C:\WINDOWS\system32\dxgi.dll
0x00007ff849ca0000 - 0x00007ff849e10000 	C:\WINDOWS\system32\twinapi.appcore.dll
0x00007ff826540000 - 0x00007ff826571000 	C:\Program Files\Common Files\Microsoft Shared\Ink\rtscom.dll
0x00007ff841e90000 - 0x00007ff841f12000 	C:\WINDOWS\System32\TextInputFramework.dll
0x00007ff848c60000 - 0x00007ff848d43000 	C:\WINDOWS\System32\CoreMessaging.dll
0x00007ff837f10000 - 0x00007ff8381e2000 	C:\WINDOWS\System32\CoreUIComponents.dll
0x00007ff847aa0000 - 0x00007ff847bd9000 	C:\WINDOWS\SYSTEM32\wintypes.dll
0x00007ff84a4e0000 - 0x00007ff84a511000 	C:\WINDOWS\SYSTEM32\ntmarta.dll
0x00007ff847c00000 - 0x00007ff847c15000 	C:\WINDOWS\SYSTEM32\usermgrcli.dll
0x0000000056b00000 - 0x0000000056b11000 	C:\Program Files\Java\jre1.8.0_121\bin\prism_common.dll

VM Arguments:
jvm_args: -agentlib:jdwp=transport=dt_socket,suspend=y,address=localhost:5725 -Dfile.encoding=Cp1252 
java_command: application.Main
java_class_path (initial): C:\Users\mohamed kamal\workspace\Paint_GUI\bin;C:\Users\mohamed kamal\.p2\pool\plugins\org.eclipse.fx.ide.css.jfx8_2.4.0.201605112122.jar
Launcher Type: SUN_STANDARD

Environment Variables:
PATH=C:/Program Files/Java/jre1.8.0_121/bin/server;C:/Program Files/Java/jre1.8.0_121/bin;C:/Program Files/Java/jre1.8.0_121/lib/amd64;C:\Program Files\ImageMagick-6.9.8-Q16-HDRI;C:\ProgramData\Oracle\Java\javapath;C:\WINDOWS\system32;C:\WINDOWS;C:\WINDOWS\System32\Wbem;C:\WINDOWS\System32\WindowsPowerShell\v1.0\;C:\Program Files\Microsoft SQL Server\130\Tools\Binn\;C:\Program Files\Git\cmd;C:\RailsInstaller\Ruby2.2.0\bin;C:\Program Files\dotnet\;Z:\Git\cmd;C:\Program Files\Java\jdk1.8.0_121\bin;C:\RailsInstaller\Git\cmd;C:\RailsInstaller\Ruby2.2.0\bin;D:\Ruby23-x64\bin;C:\Users\mohamed kamal\AppData\Local\Microsoft\WindowsApps;C:\Users\mohamed kamal\workspace\Stack2\src\eg\edu\alexu\csd\datastructure\stack\cs58;Z:\Heroku\bin;C:\WINDOWS\System32;
USERNAME=mohamed kamal
OS=Windows_NT
PROCESSOR_IDENTIFIER=Intel64 Family 6 Model 94 Stepping 3, GenuineIntel



---------------  S Y S T E M  ---------------

OS: Windows 10.0 , 64 bit Build 15063 (10.0.15063.296)

CPU:total 8 (4 cores per cpu, 2 threads per core) family 6 model 94 stepping 3, cmov, cx8, fxsr, mmx, sse, sse2, sse3, ssse3, sse4.1, sse4.2, popcnt, avx, avx2, aes, clmul, erms, rtm, 3dnowpref, lzcnt, ht, tsc, tscinvbit, bmi1, bmi2, adx

Memory: 4k page, physical 8178536k(3647192k free), swap 8741736k(3996k free)

vm_info: Java HotSpot(TM) 64-Bit Server VM (25.121-b13) for windows-amd64 JRE (1.8.0_121-b13), built on Dec 12 2016 18:21:36 by "java_re" with MS VC++ 10.0 (VS2010)

time: Tue Nov 14 07:42:44 2017
elapsed time: 6 seconds (0d 0h 0m 6s)

