#
# There is insufficient memory for the Java Runtime Environment to continue.
# Native memory allocation (malloc) failed to allocate 399776 bytes for Chunk::new
# Possible reasons:
#   The system is out of physical RAM or swap space
#   In 32 bit mode, the process size limit was hit
# Possible solutions:
#   Reduce memory load on the system
#   Increase physical memory or swap space
#   Check if swap backing store is full
#   Use 64 bit Java on a 64 bit OS
#   Decrease Java heap size (-Xmx/-Xms)
#   Decrease number of Java threads
#   Decrease Java thread stack sizes (-Xss)
#   Set larger code cache with -XX:ReservedCodeCacheSize=
# This output file may be truncated or incomplete.
#
#  Out of Memory Error (allocation.cpp:390), pid=12908, tid=0x0000000000001e54
#
# JRE version: Java(TM) SE Runtime Environment (8.0_121-b13) (build 1.8.0_121-b13)
# Java VM: Java HotSpot(TM) 64-Bit Server VM (25.121-b13 mixed mode windows-amd64 compressed oops)
# Failed to write core dump. Minidumps are not enabled by default on client versions of Windows
#

---------------  T H R E A D  ---------------

Current thread (0x0000000019d97800):  JavaThread "C2 CompilerThread0" daemon [_thread_in_native, id=7764, stack(0x000000001a560000,0x000000001a660000)]

Stack: [0x000000001a560000,0x000000001a660000]
[error occurred during error reporting (printing stack bounds), id 0xc0000005]

Native frames: (J=compiled Java code, j=interpreted, Vv=VM code, C=native code)


Current CompileTask:
C2:   4422 1947       4       javafx.scene.CssStyleHelper::resolveLookups (521 bytes)


---------------  P R O C E S S  ---------------

Java Threads: ( => current thread )
  0x000000001b12e800 JavaThread "Prism Font Disposer" daemon [_thread_blocked, id=6124, stack(0x0000000023920000,0x0000000023a20000)]
  0x000000001ac90800 JavaThread "Thread-3" daemon [_thread_in_native, id=5880, stack(0x000000001fd50000,0x000000001fe50000)]
  0x000000001ac60000 JavaThread "JavaFX-Launcher" [_thread_blocked, id=4168, stack(0x000000001fe50000,0x000000001ff50000)]
  0x000000001abce800 JavaThread "JavaFX Application Thread" [_thread_in_native, id=10800, stack(0x000000001b6c0000,0x000000001b7c0000)]
  0x000000001abbf800 JavaThread "Thread-1" daemon [_thread_blocked, id=13580, stack(0x000000001b5c0000,0x000000001b6c0000)]
  0x000000001aba2800 JavaThread "QuantumRenderer-0" daemon [_thread_in_native, id=6420, stack(0x000000001b360000,0x000000001b460000)]
  0x0000000019e44800 JavaThread "Service Thread" daemon [_thread_blocked, id=6292, stack(0x000000001a960000,0x000000001aa60000)]
  0x0000000019dae800 JavaThread "C1 CompilerThread3" daemon [_thread_blocked, id=12784, stack(0x000000001a860000,0x000000001a960000)]
  0x0000000019da1000 JavaThread "C2 CompilerThread2" daemon [_thread_blocked, id=13528, stack(0x000000001a760000,0x000000001a860000)]
  0x0000000019d9a000 JavaThread "C2 CompilerThread1" daemon [_thread_in_native, id=10160, stack(0x000000001a660000,0x000000001a760000)]
=>0x0000000019d97800 JavaThread "C2 CompilerThread0" daemon [_thread_in_native, id=7764, stack(0x000000001a560000,0x000000001a660000)]
  0x0000000019d96000 JavaThread "Attach Listener" daemon [_thread_blocked, id=13604, stack(0x000000001a460000,0x000000001a560000)]
  0x0000000017e9e800 JavaThread "Signal Dispatcher" daemon [_thread_blocked, id=1816, stack(0x000000001a360000,0x000000001a460000)]
  0x0000000002f3e000 JavaThread "Finalizer" daemon [_thread_blocked, id=4588, stack(0x000000001a170000,0x000000001a270000)]
  0x0000000002f35000 JavaThread "Reference Handler" daemon [_thread_blocked, id=8856, stack(0x0000000019c70000,0x0000000019d70000)]
  0x0000000002e40800 JavaThread "main" [_thread_blocked, id=9704, stack(0x0000000002d20000,0x0000000002e20000)]

Other Threads:
  0x0000000017e89000 VMThread [stack: 0x0000000019b70000,0x0000000019c70000] [id=11952]
  0x0000000019e69000 WatcherThread [stack: 0x000000001aa60000,0x000000001ab60000] [id=12968]

VM state:not at safepoint (normal execution)

VM Mutex/Monitor currently owned by a thread: None

Heap:
 PSYoungGen      total 37888K, used 13813K [0x00000000d6600000, 0x00000000d9000000, 0x0000000100000000)
  eden space 32768K, 27% used [0x00000000d6600000,0x00000000d6ea8c38,0x00000000d8600000)
  from space 5120K, 96% used [0x00000000d8600000,0x00000000d8ad4ac0,0x00000000d8b00000)
  to   space 5120K, 0% used [0x00000000d8b00000,0x00000000d8b00000,0x00000000d9000000)
 ParOldGen       total 86016K, used 88K [0x0000000083200000, 0x0000000088600000, 0x00000000d6600000)
  object space 86016K, 0% used [0x0000000083200000,0x0000000083216010,0x0000000088600000)
 Metaspace       used 18231K, capacity 19308K, committed 19584K, reserved 1067008K
  class space    used 2657K, capacity 2905K, committed 2944K, reserved 1048576K

Card table byte_map: [0x00000000123b0000,0x00000000127a0000] byte_map_base: 0x0000000011f97000

Marking Bits: (ParMarkBitMap*) 0x000000005806b6d0
 Begin Bits: [0x0000000013240000, 0x0000000015178000)
 End Bits:   [0x0000000015178000, 0x00000000170b0000)

Polling page: 0x0000000001500000

CodeCache: size=245760Kb used=6066Kb max_used=6078Kb free=239693Kb
 bounds [0x0000000002ff0000, 0x00000000035f0000, 0x0000000011ff0000]
 total_blobs=2669 nmethods=2009 adapters=572
 compilation: enabled

Compilation events (10 events):
Event: 4.409 Thread 0x0000000019dae800 2006       3       com.sun.prism.d3d.D3DRTTexture::getResourceHandle (17 bytes)
Event: 4.409 Thread 0x0000000019dae800 nmethod 2006 0x00000000035df350 code [0x00000000035df500, 0x00000000035dfbe8]
Event: 4.410 Thread 0x0000000019dae800 2007       3       com.sun.prism.impl.BaseContext::flushMask (97 bytes)
Event: 4.410 Thread 0x0000000019dae800 nmethod 2007 0x00000000035de950 code [0x00000000035deb00, 0x00000000035df128]
Event: 4.410 Thread 0x0000000019dae800 2008       3       com.sun.prism.impl.ps.BaseShaderContext::resetLastClip (7 bytes)
Event: 4.410 Thread 0x0000000019dae800 nmethod 2008 0x00000000035d8b10 code [0x00000000035d8c80, 0x00000000035d8e50]
Event: 4.412 Thread 0x0000000019dae800 2009       3       java.lang.Class::newReflectionData (74 bytes)
Event: 4.413 Thread 0x0000000019dae800 nmethod 2009 0x00000000035db3d0 code [0x00000000035db5a0, 0x00000000035dbf50]
Event: 4.413 Thread 0x0000000019da1000 2010       4       java.util.zip.ZipFile::ensureOpen (37 bytes)
Event: 4.414 Thread 0x0000000019da1000 nmethod 2010 0x00000000035d9a50 code [0x00000000035d9b80, 0x00000000035d9c18]

GC Heap History (2 events):
Event: 0.816 GC heap before
{Heap before GC invocations=1 (full 0):
 PSYoungGen      total 37888K, used 32767K [0x00000000d6600000, 0x00000000d9000000, 0x0000000100000000)
  eden space 32768K, 99% used [0x00000000d6600000,0x00000000d85ffff8,0x00000000d8600000)
  from space 5120K, 0% used [0x00000000d8b00000,0x00000000d8b00000,0x00000000d9000000)
  to   space 5120K, 0% used [0x00000000d8600000,0x00000000d8600000,0x00000000d8b00000)
 ParOldGen       total 86016K, used 0K [0x0000000083200000, 0x0000000088600000, 0x00000000d6600000)
  object space 86016K, 0% used [0x0000000083200000,0x0000000083200000,0x0000000088600000)
 Metaspace       used 16602K, capacity 17552K, committed 17920K, reserved 1064960K
  class space    used 2465K, capacity 2695K, committed 2816K, reserved 1048576K
Event: 0.821 GC heap after
Heap after GC invocations=1 (full 0):
 PSYoungGen      total 37888K, used 4946K [0x00000000d6600000, 0x00000000d9000000, 0x0000000100000000)
  eden space 32768K, 0% used [0x00000000d6600000,0x00000000d6600000,0x00000000d8600000)
  from space 5120K, 96% used [0x00000000d8600000,0x00000000d8ad4ac0,0x00000000d8b00000)
  to   space 5120K, 0% used [0x00000000d8b00000,0x00000000d8b00000,0x00000000d9000000)
 ParOldGen       total 86016K, used 88K [0x0000000083200000, 0x0000000088600000, 0x00000000d6600000)
  object space 86016K, 0% used [0x0000000083200000,0x0000000083216010,0x0000000088600000)
 Metaspace       used 16602K, capacity 17552K, committed 17920K, reserved 1064960K
  class space    used 2465K, capacity 2695K, committed 2816K, reserved 1048576K
}

Deoptimization events (10 events):
Event: 0.784 Thread 0x000000001abce800 Uncommon trap: reason=unstable_if action=reinterpret pc=0x00000000032bb5b8 method=sun.net.www.ParseUtil.encodePath(Ljava/lang/String;Z)Ljava/lang/String; @ 109
Event: 0.823 Thread 0x000000001abce800 Uncommon trap: reason=unstable_if action=reinterpret pc=0x000000000341631c method=java.lang.ref.ReferenceQueue.poll()Ljava/lang/ref/Reference; @ 4
Event: 4.166 Thread 0x000000001abce800 Uncommon trap: reason=unstable_if action=reinterpret pc=0x0000000003350428 method=jdk.internal.org.objectweb.asm.Type.getArgumentsAndReturnSizes(Ljava/lang/String;)I @ 47
Event: 4.342 Thread 0x000000001abce800 Uncommon trap: reason=array_check action=maybe_recompile pc=0x000000000356660c method=com.sun.javafx.css.SimpleSelector.applies(Ljavafx/css/Styleable;[Ljava/util/Set;I)Z @ 37
Event: 4.343 Thread 0x000000001abce800 Uncommon trap: reason=array_check action=maybe_recompile pc=0x000000000356660c method=com.sun.javafx.css.SimpleSelector.applies(Ljavafx/css/Styleable;[Ljava/util/Set;I)Z @ 37
Event: 4.343 Thread 0x000000001abce800 Uncommon trap: reason=array_check action=maybe_recompile pc=0x000000000356660c method=com.sun.javafx.css.SimpleSelector.applies(Ljavafx/css/Styleable;[Ljava/util/Set;I)Z @ 37
Event: 4.343 Thread 0x000000001abce800 Uncommon trap: reason=array_check action=maybe_recompile pc=0x000000000356660c method=com.sun.javafx.css.SimpleSelector.applies(Ljavafx/css/Styleable;[Ljava/util/Set;I)Z @ 37
Event: 4.350 Thread 0x000000001abce800 Uncommon trap: reason=unstable_if action=reinterpret pc=0x00000000033a688c method=com.sun.javafx.css.BitSet.add(Ljava/lang/Object;)Z @ 91
Event: 4.368 Thread 0x000000001abce800 Uncommon trap: reason=unstable_if action=reinterpret pc=0x00000000035363d4 method=com.sun.javafx.css.BitSet.addAll(Ljava/util/Collection;)Z @ 1
Event: 4.411 Thread 0x000000001aba2800 Uncommon trap: reason=unstable_if action=reinterpret pc=0x0000000003557944 method=com.sun.javafx.geom.RectBounds.isEmpty()Z @ 21

Internal exceptions (10 events):
Event: 0.338 Thread 0x000000001abce800 Exception <a 'java/lang/NullPointerException'> (0x00000000d7284720) thrown at [C:\re\workspace\8-2-build-windows-amd64-cygwin\jdk8u121\8372\hotspot\src\share\vm\interpreter\linkResolver.cpp, line 1178]
Event: 0.338 Thread 0x000000001abce800 Exception <a 'java/lang/NullPointerException'> (0x00000000d7284720) thrown at [C:\re\workspace\8-2-build-windows-amd64-cygwin\jdk8u121\8372\hotspot\src\share\vm\prims\jvm.cpp, line 1394]
Event: 0.437 Thread 0x000000001abce800 Exception <a 'java/lang/ArrayIndexOutOfBoundsException'> (0x00000000d77fe5c0) thrown at [C:\re\workspace\8-2-build-windows-amd64-cygwin\jdk8u121\8372\hotspot\src\share\vm\runtime\sharedRuntime.cpp, line 605]
Event: 0.438 Thread 0x000000001abce800 Exception <a 'java/lang/ArrayIndexOutOfBoundsException'> (0x00000000d77ff2f0) thrown at [C:\re\workspace\8-2-build-windows-amd64-cygwin\jdk8u121\8372\hotspot\src\share\vm\runtime\sharedRuntime.cpp, line 605]
Event: 0.438 Thread 0x000000001abce800 Exception <a 'java/lang/ArrayIndexOutOfBoundsException'> (0x00000000d7800698) thrown at [C:\re\workspace\8-2-build-windows-amd64-cygwin\jdk8u121\8372\hotspot\src\share\vm\runtime\sharedRuntime.cpp, line 605]
Event: 0.438 Thread 0x000000001abce800 Exception <a 'java/lang/ArrayIndexOutOfBoundsException'> (0x00000000d7803ff0) thrown at [C:\re\workspace\8-2-build-windows-amd64-cygwin\jdk8u121\8372\hotspot\src\share\vm\runtime\sharedRuntime.cpp, line 605]
Event: 0.441 Thread 0x000000001abce800 Exception <a 'java/lang/ArrayIndexOutOfBoundsException'> (0x00000000d780f208) thrown at [C:\re\workspace\8-2-build-windows-amd64-cygwin\jdk8u121\8372\hotspot\src\share\vm\runtime\sharedRuntime.cpp, line 605]
Event: 0.489 Thread 0x000000001abce800 Implicit null exception at 0x0000000003297ab5 to 0x0000000003297cc5
Event: 0.577 Thread 0x000000001abce800 Exception <a 'java/io/FileNotFoundException'> (0x00000000d7c9b760) thrown at [C:\re\workspace\8-2-build-windows-amd64-cygwin\jdk8u121\8372\hotspot\src\share\vm\prims\jni.cpp, line 709]
Event: 4.368 Thread 0x000000001abce800 Implicit null exception at 0x0000000003535e6f to 0x00000000035363c1

Events (10 events):
Event: 4.412 loading class com/sun/scenario/effect/ImageData$1
Event: 4.412 loading class com/sun/scenario/effect/ImageData$1 done
Event: 4.412 loading class com/sun/scenario/effect/impl/state/LinearConvolveRenderState$PassType
Event: 4.412 loading class com/sun/scenario/effect/impl/state/LinearConvolveRenderState$PassType done
Event: 4.413 loading class com/sun/scenario/effect/impl/prism/ps/PPSLinearConvolveShadowPeer
Event: 4.413 loading class com/sun/scenario/effect/impl/prism/ps/PPSLinearConvolveShadowPeer done
Event: 4.413 loading class com/sun/scenario/effect/impl/prism/ps/PPSOneSamplerPeer
Event: 4.413 loading class com/sun/scenario/effect/impl/prism/ps/PPSOneSamplerPeer done
Event: 4.413 loading class com/sun/scenario/effect/impl/prism/ps/PPSEffectPeer
Event: 4.413 loading class com/sun/scenario/effect/impl/prism/ps/PPSEffectPeer done


Dynamic libraries:
0x00007ff75ab90000 - 0x00007ff75abc7000 	C:\Program Files\Java\jre1.8.0_121\bin\javaw.exe
0x00007ff84ee60000 - 0x00007ff84f03b000 	C:\WINDOWS\SYSTEM32\ntdll.dll
0x00007ff84e0e0000 - 0x00007ff84e18e000 	C:\WINDOWS\System32\KERNEL32.DLL
0x00007ff84bc70000 - 0x00007ff84beb9000 	C:\WINDOWS\System32\KERNELBASE.dll
0x00007ff84ed50000 - 0x00007ff84edf1000 	C:\WINDOWS\System32\ADVAPI32.dll
0x00007ff84ebe0000 - 0x00007ff84ec7d000 	C:\WINDOWS\System32\msvcrt.dll
0x00007ff84c4e0000 - 0x00007ff84c539000 	C:\WINDOWS\System32\sechost.dll
0x00007ff84c540000 - 0x00007ff84c665000 	C:\WINDOWS\System32\RPCRT4.dll
0x00007ff84e9d0000 - 0x00007ff84eb1a000 	C:\WINDOWS\System32\USER32.dll
0x00007ff84bb80000 - 0x00007ff84bb9e000 	C:\WINDOWS\System32\win32u.dll
0x00007ff84e190000 - 0x00007ff84e1b7000 	C:\WINDOWS\System32\GDI32.dll
0x00007ff84c0e0000 - 0x00007ff84c267000 	C:\WINDOWS\System32\gdi32full.dll
0x00007ff84c320000 - 0x00007ff84c3ba000 	C:\WINDOWS\System32\msvcp_win.dll
0x00007ff84ba80000 - 0x00007ff84bb76000 	C:\WINDOWS\System32\ucrtbase.dll
0x00007ff83e260000 - 0x00007ff83e4c7000 	C:\WINDOWS\WinSxS\amd64_microsoft.windows.common-controls_6595b64144ccf1df_6.0.15063.483_none_26002d27e7c744a2\COMCTL32.dll
0x00007ff84e6d0000 - 0x00007ff84e9c9000 	C:\WINDOWS\System32\combase.dll
0x00007ff84bc00000 - 0x00007ff84bc6a000 	C:\WINDOWS\System32\bcryptPrimitives.dll
0x00007ff84eb20000 - 0x00007ff84eb4d000 	C:\WINDOWS\System32\IMM32.DLL
0x0000000058410000 - 0x00000000584e2000 	C:\Program Files\Java\jre1.8.0_121\bin\msvcr100.dll
0x0000000057850000 - 0x00000000580eb000 	C:\Program Files\Java\jre1.8.0_121\bin\server\jvm.dll
0x00007ff84ec80000 - 0x00007ff84ec88000 	C:\WINDOWS\System32\PSAPI.DLL
0x00007ff841670000 - 0x00007ff84167a000 	C:\WINDOWS\SYSTEM32\VERSION.dll
0x00007ff8487c0000 - 0x00007ff8487c9000 	C:\WINDOWS\SYSTEM32\WSOCK32.dll
0x00007ff842540000 - 0x00007ff842563000 	C:\WINDOWS\SYSTEM32\WINMM.dll
0x00007ff84e660000 - 0x00007ff84e6cc000 	C:\WINDOWS\System32\WS2_32.dll
0x00007ff8423c0000 - 0x00007ff8423eb000 	C:\WINDOWS\SYSTEM32\WINMMBASE.dll
0x00007ff84bec0000 - 0x00007ff84bf09000 	C:\WINDOWS\System32\cfgmgr32.dll
0x00000000595c0000 - 0x00000000595cf000 	C:\Program Files\Java\jre1.8.0_121\bin\verify.dll
0x0000000059590000 - 0x00000000595b9000 	C:\Program Files\Java\jre1.8.0_121\bin\java.dll
0x0000000059570000 - 0x0000000059586000 	C:\Program Files\Java\jre1.8.0_121\bin\zip.dll
0x00007ff84cc00000 - 0x00007ff84e036000 	C:\WINDOWS\System32\SHELL32.dll
0x00007ff84c420000 - 0x00007ff84c4ca000 	C:\WINDOWS\System32\shcore.dll
0x00007ff84b380000 - 0x00007ff84ba71000 	C:\WINDOWS\System32\windows.storage.dll
0x00007ff84c3c0000 - 0x00007ff84c411000 	C:\WINDOWS\System32\shlwapi.dll
0x00007ff84b2d0000 - 0x00007ff84b2e1000 	C:\WINDOWS\System32\kernel.appcore.dll
0x00007ff84b310000 - 0x00007ff84b35c000 	C:\WINDOWS\System32\powrprof.dll
0x00007ff84b360000 - 0x00007ff84b375000 	C:\WINDOWS\System32\profapi.dll
0x00007ff820150000 - 0x00007ff82023f000 	C:\Program Files\Java\jre1.8.0_121\bin\msvcr120.dll
0x00007ff837ac0000 - 0x00007ff837b66000 	C:\Program Files\Java\jre1.8.0_121\bin\msvcp120.dll
0x00000000583e0000 - 0x0000000058402000 	C:\Program Files\Java\jre1.8.0_121\bin\prism_d3d.dll
0x00007ff80d7f0000 - 0x00007ff80d979000 	C:\WINDOWS\system32\d3d9.dll
0x00007ff83aa90000 - 0x00007ff83aaba000 	C:\WINDOWS\SYSTEM32\dwmapi.dll
0x00007ff849ac0000 - 0x00007ff849b55000 	C:\WINDOWS\system32\uxtheme.dll
0x00007ff80b1a0000 - 0x00007ff80d033000 	C:\WINDOWS\SYSTEM32\igdumdim64.dll
0x00007ff84e220000 - 0x00007ff84e65b000 	C:\WINDOWS\System32\SETUPAPI.dll
0x00007ff84ec90000 - 0x00007ff84ed50000 	C:\WINDOWS\System32\OLEAUT32.dll
0x00007ff84cab0000 - 0x00007ff84cbf5000 	C:\WINDOWS\System32\ole32.dll
0x0000000058390000 - 0x00000000583d3000 	C:\Program Files\Java\jre1.8.0_121\bin\glass.dll
0x00007ff84c9a0000 - 0x00007ff84caa8000 	C:\WINDOWS\System32\COMDLG32.dll
0x00007ff84c670000 - 0x00007ff84c7d6000 	C:\WINDOWS\System32\MSCTF.dll
0x00007ff835900000 - 0x00007ff836772000 	C:\WINDOWS\SYSTEM32\igc64.dll
0x00000000581f0000 - 0x0000000058388000 	C:\Program Files\Java\jre1.8.0_121\bin\awt.dll
0x00007ff849980000 - 0x00007ff8499fe000 	C:\WINDOWS\SYSTEM32\apphelp.dll
0x0000000058170000 - 0x0000000058184000 	C:\Program Files\Java\jre1.8.0_121\bin\javafx_font.dll
0x00007ff833670000 - 0x00007ff83392f000 	C:\WINDOWS\SYSTEM32\dwrite.dll
0x00007ff84e040000 - 0x00007ff84e0de000 	C:\WINDOWS\System32\clbcatq.dll
0x00007ff838510000 - 0x00007ff8386bc000 	C:\WINDOWS\SYSTEM32\WindowsCodecs.dll
0x00007ff831d80000 - 0x00007ff831dc7000 	C:\WINDOWS\system32\dataexchange.dll
0x00007ff848980000 - 0x00007ff848c5f000 	C:\WINDOWS\system32\d3d11.dll
0x00007ff849300000 - 0x00007ff849422000 	C:\WINDOWS\system32\dcomp.dll
0x00007ff84a220000 - 0x00007ff84a2c4000 	C:\WINDOWS\system32\dxgi.dll
0x00007ff849ca0000 - 0x00007ff849e10000 	C:\WINDOWS\system32\twinapi.appcore.dll
0x00007ff84ae90000 - 0x00007ff84aeb5000 	C:\WINDOWS\system32\bcrypt.dll
0x00007ff81ce20000 - 0x00007ff81ce51000 	C:\Program Files\Common Files\Microsoft Shared\Ink\rtscom.dll
0x00007ff841d70000 - 0x00007ff841df2000 	C:\WINDOWS\System32\TextInputFramework.dll
0x00007ff837f10000 - 0x00007ff8381e2000 	C:\WINDOWS\System32\CoreUIComponents.dll
0x00007ff848c60000 - 0x00007ff848d43000 	C:\WINDOWS\System32\CoreMessaging.dll
0x00007ff847aa0000 - 0x00007ff847bd9000 	C:\WINDOWS\SYSTEM32\wintypes.dll
0x00007ff84a4e0000 - 0x00007ff84a511000 	C:\WINDOWS\SYSTEM32\ntmarta.dll
0x00007ff847c00000 - 0x00007ff847c15000 	C:\WINDOWS\SYSTEM32\usermgrcli.dll
0x0000000058150000 - 0x0000000058161000 	C:\Program Files\Java\jre1.8.0_121\bin\prism_common.dll

VM Arguments:
jvm_args: -Dfile.encoding=Cp1252 
java_command: application.Main
java_class_path (initial): C:\Users\mohamed kamal\workspace\Paint_GUI\bin;C:\Users\mohamed kamal\.p2\pool\plugins\org.eclipse.fx.ide.css.jfx8_2.4.0.201605112122.jar
Launcher Type: SUN_STANDARD

Environment Variables:
PATH=C:/Program Files/Java/jre1.8.0_121/bin/server;C:/Program Files/Java/jre1.8.0_121/bin;C:/Program Files/Java/jre1.8.0_121/lib/amd64;C:\Program Files\ImageMagick-6.9.8-Q16-HDRI;C:\ProgramData\Oracle\Java\javapath;C:\WINDOWS\system32;C:\WINDOWS;C:\WINDOWS\System32\Wbem;C:\WINDOWS\System32\WindowsPowerShell\v1.0\;C:\Program Files\Microsoft SQL Server\130\Tools\Binn\;C:\Program Files\Git\cmd;C:\RailsInstaller\Ruby2.2.0\bin;C:\Program Files\dotnet\;Z:\Git\cmd;C:\Program Files\Java\jdk1.8.0_121\bin;C:\RailsInstaller\Git\cmd;C:\RailsInstaller\Ruby2.2.0\bin;D:\Ruby23-x64\bin;C:\Users\mohamed kamal\AppData\Local\Microsoft\WindowsApps;C:\Users\mohamed kamal\workspace\Stack2\src\eg\edu\alexu\csd\datastructure\stack\cs58;Z:\Heroku\bin;C:\WINDOWS\System32;
USERNAME=mohamed kamal
OS=Windows_NT
PROCESSOR_IDENTIFIER=Intel64 Family 6 Model 94 Stepping 3, GenuineIntel



---------------  S Y S T E M  ---------------

OS: Windows 10.0 , 64 bit Build 15063 (10.0.15063.296)

CPU:total 8 (4 cores per cpu, 2 threads per core) family 6 model 94 stepping 3, cmov, cx8, fxsr, mmx, sse, sse2, sse3, ssse3, sse4.1, sse4.2, popcnt, avx, avx2, aes, clmul, erms, rtm, 3dnowpref, lzcnt, ht, tsc, tscinvbit, bmi1, bmi2, adx

Memory: 4k page, physical 8178536k(3383440k free), swap 8741728k(5136k free)

vm_info: Java HotSpot(TM) 64-Bit Server VM (25.121-b13) for windows-amd64 JRE (1.8.0_121-b13), built on Dec 12 2016 18:21:36 by "java_re" with MS VC++ 10.0 (VS2010)

time: Tue Nov 14 19:58:00 2017
elapsed time: 4 seconds (0d 0h 0m 4s)

