#
# There is insufficient memory for the Java Runtime Environment to continue.
# Native memory allocation (malloc) failed to allocate 2899696 bytes for Chunk::new
# Possible reasons:
#   The system is out of physical RAM or swap space
#   In 32 bit mode, the process size limit was hit
# Possible solutions:
#   Reduce memory load on the system
#   Increase physical memory or swap space
#   Check if swap backing store is full
#   Use 64 bit Java on a 64 bit OS
#   Decrease Java heap size (-Xmx/-Xms)
#   Decrease number of Java threads
#   Decrease Java thread stack sizes (-Xss)
#   Set larger code cache with -XX:ReservedCodeCacheSize=
# This output file may be truncated or incomplete.
#
#  Out of Memory Error (allocation.cpp:390), pid=13104, tid=0x0000000000002288
#
# JRE version: Java(TM) SE Runtime Environment (8.0_121-b13) (build 1.8.0_121-b13)
# Java VM: Java HotSpot(TM) 64-Bit Server VM (25.121-b13 mixed mode windows-amd64 compressed oops)
# Failed to write core dump. Minidumps are not enabled by default on client versions of Windows
#

---------------  T H R E A D  ---------------

Current thread (0x0000000019df6000):  JavaThread "C2 CompilerThread1" daemon [_thread_in_native, id=8840, stack(0x000000001ad50000,0x000000001ae50000)]

Stack: [0x000000001ad50000,0x000000001ae50000]
[error occurred during error reporting (printing stack bounds), id 0xc0000005]

Native frames: (J=compiled Java code, j=interpreted, Vv=VM code, C=native code)


Current CompileTask:
C2:   2287 1716       4       javafx.scene.CssStyleHelper::resolveLookups (521 bytes)


---------------  P R O C E S S  ---------------

Java Threads: ( => current thread )
  0x000000001b6a5000 JavaThread "Prism Font Disposer" daemon [_thread_blocked, id=3248, stack(0x0000000023fd0000,0x00000000240d0000)]
  0x000000001b31c800 JavaThread "Thread-3" daemon [_thread_in_native, id=13360, stack(0x0000000020530000,0x0000000020630000)]
  0x000000001b37b800 JavaThread "JavaFX-Launcher" [_thread_blocked, id=14084, stack(0x0000000020630000,0x0000000020730000)]
  0x000000001b2a1000 JavaThread "JavaFX Application Thread" [_thread_in_native, id=9380, stack(0x000000001bda0000,0x000000001bea0000)]
  0x000000001b29c000 JavaThread "Thread-1" daemon [_thread_blocked, id=10100, stack(0x000000001bca0000,0x000000001bda0000)]
  0x000000001b269800 JavaThread "QuantumRenderer-0" daemon [_thread_blocked, id=12420, stack(0x000000001ba50000,0x000000001bb50000)]
  0x0000000019e84000 JavaThread "Service Thread" daemon [_thread_blocked, id=1804, stack(0x000000001b050000,0x000000001b150000)]
  0x0000000019df7800 JavaThread "C1 CompilerThread3" daemon [_thread_blocked, id=13900, stack(0x000000001af50000,0x000000001b050000)]
  0x0000000019df7000 JavaThread "C2 CompilerThread2" daemon [_thread_blocked, id=10140, stack(0x000000001ae50000,0x000000001af50000)]
=>0x0000000019df6000 JavaThread "C2 CompilerThread1" daemon [_thread_in_native, id=8840, stack(0x000000001ad50000,0x000000001ae50000)]
  0x0000000019df2800 JavaThread "C2 CompilerThread0" daemon [_thread_in_native, id=10164, stack(0x000000001ac50000,0x000000001ad50000)]
  0x0000000019ddc000 JavaThread "JDWP Command Reader" daemon [_thread_in_native, id=10288, stack(0x000000001ab50000,0x000000001ac50000)]
  0x0000000019dcd800 JavaThread "JDWP Event Helper Thread" daemon [_thread_blocked, id=9976, stack(0x000000001aa50000,0x000000001ab50000)]
  0x0000000019dbe800 JavaThread "JDWP Transport Listener: dt_socket" daemon [_thread_blocked, id=8656, stack(0x000000001a5e0000,0x000000001a6e0000)]
  0x0000000019db7000 JavaThread "Attach Listener" daemon [_thread_blocked, id=8872, stack(0x000000001a480000,0x000000001a580000)]
  0x0000000019db6000 JavaThread "Signal Dispatcher" daemon [_thread_blocked, id=11840, stack(0x000000001a380000,0x000000001a480000)]
  0x000000000301d800 JavaThread "Finalizer" daemon [_thread_blocked, id=11800, stack(0x000000001a190000,0x000000001a290000)]
  0x0000000003017000 JavaThread "Reference Handler" daemon [_thread_blocked, id=13600, stack(0x0000000019c90000,0x0000000019d90000)]
  0x0000000002dbe000 JavaThread "main" [_thread_blocked, id=2312, stack(0x0000000002e20000,0x0000000002f20000)]

Other Threads:
  0x0000000017eb9000 VMThread [stack: 0x0000000019b90000,0x0000000019c90000] [id=10620]
  0x0000000019e97800 WatcherThread [stack: 0x000000001b150000,0x000000001b250000] [id=7968]

VM state:not at safepoint (normal execution)

VM Mutex/Monitor currently owned by a thread: None

Heap:
 PSYoungGen      total 37888K, used 15242K [0x00000000d6600000, 0x00000000d9000000, 0x0000000100000000)
  eden space 32768K, 31% used [0x00000000d6600000,0x00000000d7036928,0x00000000d8600000)
  from space 5120K, 93% used [0x00000000d8600000,0x00000000d8aac050,0x00000000d8b00000)
  to   space 5120K, 0% used [0x00000000d8b00000,0x00000000d8b00000,0x00000000d9000000)
 ParOldGen       total 86016K, used 80K [0x0000000083200000, 0x0000000088600000, 0x00000000d6600000)
  object space 86016K, 0% used [0x0000000083200000,0x0000000083214010,0x0000000088600000)
 Metaspace       used 18418K, capacity 19432K, committed 19584K, reserved 1067008K
  class space    used 2661K, capacity 2905K, committed 2944K, reserved 1048576K

Card table byte_map: [0x00000000123e0000,0x00000000127d0000] byte_map_base: 0x0000000011fc7000

Marking Bits: (ParMarkBitMap*) 0x0000000068f8b6d0
 Begin Bits: [0x0000000013270000, 0x00000000151a8000)
 End Bits:   [0x00000000151a8000, 0x00000000170e0000)

Polling page: 0x00000000015a0000

CodeCache: size=245760Kb used=6171Kb max_used=6183Kb free=239588Kb
 bounds [0x0000000003020000, 0x0000000003630000, 0x0000000012020000]
 total_blobs=2584 nmethods=1931 adapters=572
 compilation: enabled

Compilation events (10 events):
Event: 2.255 Thread 0x0000000019df7800 1927       3       com.sun.javafx.tk.Toolkit::checkFxUserThread (40 bytes)
Event: 2.256 Thread 0x0000000019df7800 nmethod 1927 0x0000000003626e50 code [0x0000000003627040, 0x0000000003627a98]
Event: 2.265 Thread 0x0000000019df7800 1930       3       javafx.scene.Node::getCursor (21 bytes)
Event: 2.265 Thread 0x0000000019df7800 nmethod 1930 0x0000000003627ed0 code [0x0000000003628060, 0x0000000003628568]
Event: 2.275 Thread 0x0000000019df7800 1932       3       com.sun.javafx.event.CompositeEventDispatcher::dispatchCapturingEvent (35 bytes)
Event: 2.275 Thread 0x0000000019df7800 nmethod 1932 0x00000000036286d0 code [0x0000000003628860, 0x0000000003628d98]
Event: 2.275 Thread 0x0000000019df7800 1931       3       com.sun.javafx.event.BasicEventDispatcher::dispatchEvent (44 bytes)
Event: 2.275 Thread 0x0000000019df7800 nmethod 1931 0x0000000003628f10 code [0x00000000036290c0, 0x0000000003629648]
Event: 2.275 Thread 0x0000000019df7800 1933       1       com.sun.javafx.scene.NodeEventDispatcher::getFirstDispatcher (5 bytes)
Event: 2.275 Thread 0x0000000019df7800 nmethod 1933 0x0000000003618ed0 code [0x0000000003619020, 0x0000000003619130]

GC Heap History (2 events):
Event: 0.883 GC heap before
{Heap before GC invocations=1 (full 0):
 PSYoungGen      total 37888K, used 32768K [0x00000000d6600000, 0x00000000d9000000, 0x0000000100000000)
  eden space 32768K, 100% used [0x00000000d6600000,0x00000000d8600000,0x00000000d8600000)
  from space 5120K, 0% used [0x00000000d8b00000,0x00000000d8b00000,0x00000000d9000000)
  to   space 5120K, 0% used [0x00000000d8600000,0x00000000d8600000,0x00000000d8b00000)
 ParOldGen       total 86016K, used 0K [0x0000000083200000, 0x0000000088600000, 0x00000000d6600000)
  object space 86016K, 0% used [0x0000000083200000,0x0000000083200000,0x0000000088600000)
 Metaspace       used 16438K, capacity 17388K, committed 17536K, reserved 1064960K
  class space    used 2418K, capacity 2651K, committed 2688K, reserved 1048576K
Event: 0.888 GC heap after
Heap after GC invocations=1 (full 0):
 PSYoungGen      total 37888K, used 4784K [0x00000000d6600000, 0x00000000d9000000, 0x0000000100000000)
  eden space 32768K, 0% used [0x00000000d6600000,0x00000000d6600000,0x00000000d8600000)
  from space 5120K, 93% used [0x00000000d8600000,0x00000000d8aac050,0x00000000d8b00000)
  to   space 5120K, 0% used [0x00000000d8b00000,0x00000000d8b00000,0x00000000d9000000)
 ParOldGen       total 86016K, used 80K [0x0000000083200000, 0x0000000088600000, 0x00000000d6600000)
  object space 86016K, 0% used [0x0000000083200000,0x0000000083214010,0x0000000088600000)
 Metaspace       used 16438K, capacity 17388K, committed 17536K, reserved 1064960K
  class space    used 2418K, capacity 2651K, committed 2688K, reserved 1048576K
}

Deoptimization events (10 events):
Event: 0.920 Thread 0x000000001b2a1000 Uncommon trap: reason=unstable_if action=reinterpret pc=0x000000000331670c method=sun.net.www.ParseUtil.encodePath(Ljava/lang/String;Z)Ljava/lang/String; @ 109
Event: 0.955 Thread 0x000000001b2a1000 Uncommon trap: reason=unstable_if action=reinterpret pc=0x0000000003477b34 method=com.sun.javafx.css.SimpleSelector.stateMatches(Ljavafx/css/Styleable;Ljava/util/Set;)Z @ 1
Event: 1.800 Thread 0x000000001b2a1000 Uncommon trap: reason=unstable_if action=reinterpret pc=0x0000000003338ca4 method=jdk.internal.org.objectweb.asm.Type.getArgumentsAndReturnSizes(Ljava/lang/String;)I @ 47
Event: 1.975 Thread 0x000000001b2a1000 Uncommon trap: reason=array_check action=maybe_recompile pc=0x0000000003498c00 method=com.sun.javafx.css.SimpleSelector.applies(Ljavafx/css/Styleable;[Ljava/util/Set;I)Z @ 37
Event: 1.975 Thread 0x000000001b2a1000 Uncommon trap: reason=array_check action=maybe_recompile pc=0x0000000003498c00 method=com.sun.javafx.css.SimpleSelector.applies(Ljavafx/css/Styleable;[Ljava/util/Set;I)Z @ 37
Event: 1.975 Thread 0x000000001b2a1000 Uncommon trap: reason=array_check action=maybe_recompile pc=0x0000000003498c00 method=com.sun.javafx.css.SimpleSelector.applies(Ljavafx/css/Styleable;[Ljava/util/Set;I)Z @ 37
Event: 1.975 Thread 0x000000001b2a1000 Uncommon trap: reason=array_check action=maybe_recompile pc=0x0000000003498c00 method=com.sun.javafx.css.SimpleSelector.applies(Ljavafx/css/Styleable;[Ljava/util/Set;I)Z @ 37
Event: 1.979 Thread 0x000000001b2a1000 Uncommon trap: reason=unstable_if action=reinterpret pc=0x00000000035682c8 method=javafx.scene.CssStyleHelper.lookup(Ljavafx/css/Styleable;Ljavafx/css/CssMetaData;Lcom/sun/javafx/css/StyleMap;Ljava/util/Set;Ljavafx/css/Styleable;Lcom/sun/javafx/css/Calcul
Event: 1.986 Thread 0x000000001b2a1000 Uncommon trap: reason=unstable_if action=reinterpret pc=0x00000000034120b8 method=com.sun.javafx.css.BitSet.add(Ljava/lang/Object;)Z @ 91
Event: 2.002 Thread 0x000000001b2a1000 Uncommon trap: reason=unstable_if action=reinterpret pc=0x000000000347b0c4 method=com.sun.javafx.css.BitSet.addAll(Ljava/util/Collection;)Z @ 1

Internal exceptions (10 events):
Event: 0.413 Thread 0x000000001b2a1000 Exception <a 'java/lang/NullPointerException'> (0x00000000d734d9b8) thrown at [C:\re\workspace\8-2-build-windows-amd64-cygwin\jdk8u121\8372\hotspot\src\share\vm\prims\jvm.cpp, line 1394]
Event: 0.526 Thread 0x000000001b2a1000 Exception <a 'java/lang/ArrayIndexOutOfBoundsException'> (0x00000000d79268b8) thrown at [C:\re\workspace\8-2-build-windows-amd64-cygwin\jdk8u121\8372\hotspot\src\share\vm\runtime\sharedRuntime.cpp, line 605]
Event: 0.526 Thread 0x000000001b2a1000 Exception <a 'java/lang/ArrayIndexOutOfBoundsException'> (0x00000000d79275e8) thrown at [C:\re\workspace\8-2-build-windows-amd64-cygwin\jdk8u121\8372\hotspot\src\share\vm\runtime\sharedRuntime.cpp, line 605]
Event: 0.526 Thread 0x000000001b2a1000 Exception <a 'java/lang/ArrayIndexOutOfBoundsException'> (0x00000000d7928990) thrown at [C:\re\workspace\8-2-build-windows-amd64-cygwin\jdk8u121\8372\hotspot\src\share\vm\runtime\sharedRuntime.cpp, line 605]
Event: 0.529 Thread 0x000000001b2a1000 Exception <a 'java/lang/ArrayIndexOutOfBoundsException'> (0x00000000d79354b8) thrown at [C:\re\workspace\8-2-build-windows-amd64-cygwin\jdk8u121\8372\hotspot\src\share\vm\runtime\sharedRuntime.cpp, line 605]
Event: 0.531 Thread 0x000000001b2a1000 Exception <a 'java/lang/ArrayIndexOutOfBoundsException'> (0x00000000d793e990) thrown at [C:\re\workspace\8-2-build-windows-amd64-cygwin\jdk8u121\8372\hotspot\src\share\vm\runtime\sharedRuntime.cpp, line 605]
Event: 0.587 Thread 0x000000001b2a1000 Implicit null exception at 0x000000000328d474 to 0x000000000328d6bd
Event: 0.697 Thread 0x000000001b2a1000 Exception <a 'java/io/FileNotFoundException'> (0x00000000d7edc148) thrown at [C:\re\workspace\8-2-build-windows-amd64-cygwin\jdk8u121\8372\hotspot\src\share\vm\prims\jni.cpp, line 709]
Event: 0.955 Thread 0x000000001b2a1000 Implicit null exception at 0x00000000034770ae to 0x0000000003477af9
Event: 2.002 Thread 0x000000001b2a1000 Implicit null exception at 0x000000000347aa71 to 0x000000000347b0ad

Events (10 events):
Event: 2.046 loading class com/sun/scenario/effect/impl/prism/ps/PPSEffectPeer
Event: 2.046 loading class com/sun/scenario/effect/impl/prism/ps/PPSEffectPeer done
Event: 2.048 loading class com/sun/scenario/effect/impl/BufferUtil
Event: 2.048 loading class com/sun/scenario/effect/impl/BufferUtil done
Event: 2.057 loading class java/nio/DirectIntBufferU
Event: 2.057 loading class java/nio/DirectIntBufferU done
Event: 2.061 loading class com/sun/prism/PixelSource
Event: 2.061 loading class com/sun/prism/PixelSource done
Event: 2.061 loading class com/sun/javafx/tk/quantum/SceneState
Event: 2.061 loading class com/sun/javafx/tk/quantum/SceneState done


Dynamic libraries:
0x00007ff63f560000 - 0x00007ff63f597000 	C:\Program Files\Java\jre1.8.0_121\bin\javaw.exe
0x00007ffbe7000000 - 0x00007ffbe71db000 	C:\WINDOWS\SYSTEM32\ntdll.dll
0x00007ffbe4c80000 - 0x00007ffbe4d2e000 	C:\WINDOWS\System32\KERNEL32.DLL
0x00007ffbe3590000 - 0x00007ffbe37d9000 	C:\WINDOWS\System32\KERNELBASE.dll
0x00007ffbe5060000 - 0x00007ffbe5101000 	C:\WINDOWS\System32\ADVAPI32.dll
0x00007ffbe4e20000 - 0x00007ffbe4ebd000 	C:\WINDOWS\System32\msvcrt.dll
0x00007ffbe5950000 - 0x00007ffbe59a9000 	C:\WINDOWS\System32\sechost.dll
0x00007ffbe54b0000 - 0x00007ffbe55d5000 	C:\WINDOWS\System32\RPCRT4.dll
0x00007ffbe6e10000 - 0x00007ffbe6f5a000 	C:\WINDOWS\System32\USER32.dll
0x00007ffbe4030000 - 0x00007ffbe404e000 	C:\WINDOWS\System32\win32u.dll
0x00007ffbe5760000 - 0x00007ffbe5787000 	C:\WINDOWS\System32\GDI32.dll
0x00007ffbe4370000 - 0x00007ffbe44f7000 	C:\WINDOWS\System32\gdi32full.dll
0x00007ffbe3f90000 - 0x00007ffbe402a000 	C:\WINDOWS\System32\msvcp_win.dll
0x00007ffbe4270000 - 0x00007ffbe4366000 	C:\WINDOWS\System32\ucrtbase.dll
0x00007ffbd3d80000 - 0x00007ffbd3fe7000 	C:\WINDOWS\WinSxS\amd64_microsoft.windows.common-controls_6595b64144ccf1df_6.0.15063.483_none_26002d27e7c744a2\COMCTL32.dll
0x00007ffbe51b0000 - 0x00007ffbe54a9000 	C:\WINDOWS\System32\combase.dll
0x00007ffbe3520000 - 0x00007ffbe358a000 	C:\WINDOWS\System32\bcryptPrimitives.dll
0x00007ffbe4d90000 - 0x00007ffbe4dbd000 	C:\WINDOWS\System32\IMM32.DLL
0x000000006a290000 - 0x000000006a362000 	C:\Program Files\Java\jre1.8.0_121\bin\msvcr100.dll
0x0000000068770000 - 0x000000006900b000 	C:\Program Files\Java\jre1.8.0_121\bin\server\jvm.dll
0x00007ffbe57f0000 - 0x00007ffbe57f8000 	C:\WINDOWS\System32\PSAPI.DLL
0x00007ffbd8af0000 - 0x00007ffbd8afa000 	C:\WINDOWS\SYSTEM32\VERSION.dll
0x00007ffbda540000 - 0x00007ffbda563000 	C:\WINDOWS\SYSTEM32\WINMM.dll
0x00007ffbdf910000 - 0x00007ffbdf919000 	C:\WINDOWS\SYSTEM32\WSOCK32.dll
0x00007ffbe55e0000 - 0x00007ffbe564c000 	C:\WINDOWS\System32\WS2_32.dll
0x00007ffbda300000 - 0x00007ffbda32b000 	C:\WINDOWS\SYSTEM32\winmmbase.dll
0x00007ffbe4050000 - 0x00007ffbe4099000 	C:\WINDOWS\System32\cfgmgr32.dll
0x000000006a440000 - 0x000000006a44f000 	C:\Program Files\Java\jre1.8.0_121\bin\verify.dll
0x000000006a410000 - 0x000000006a439000 	C:\Program Files\Java\jre1.8.0_121\bin\java.dll
0x00000000677f0000 - 0x0000000067825000 	C:\Program Files\Java\jre1.8.0_121\bin\jdwp.dll
0x000000006a200000 - 0x000000006a208000 	C:\Program Files\Java\jre1.8.0_121\bin\npt.dll
0x000000006a3f0000 - 0x000000006a406000 	C:\Program Files\Java\jre1.8.0_121\bin\zip.dll
0x00007ffbe59b0000 - 0x00007ffbe6de7000 	C:\WINDOWS\System32\SHELL32.dll
0x00007ffbe4b10000 - 0x00007ffbe4bba000 	C:\WINDOWS\System32\shcore.dll
0x00007ffbe37e0000 - 0x00007ffbe3ed1000 	C:\WINDOWS\System32\windows.storage.dll
0x00007ffbe4dc0000 - 0x00007ffbe4e11000 	C:\WINDOWS\System32\shlwapi.dll
0x00007ffbe3490000 - 0x00007ffbe34a1000 	C:\WINDOWS\System32\kernel.appcore.dll
0x00007ffbe34b0000 - 0x00007ffbe34fc000 	C:\WINDOWS\System32\powrprof.dll
0x00007ffbe3470000 - 0x00007ffbe3485000 	C:\WINDOWS\System32\profapi.dll
0x00000000677e0000 - 0x00000000677e9000 	C:\Program Files\Java\jre1.8.0_121\bin\dt_socket.dll
0x00007ffbcd5a0000 - 0x00007ffbcd5b6000 	C:\WINDOWS\system32\napinsp.dll
0x00007ffbcd580000 - 0x00007ffbcd59a000 	C:\WINDOWS\system32\pnrpnsp.dll
0x00007ffbdec10000 - 0x00007ffbdec28000 	C:\WINDOWS\system32\NLAapi.dll
0x00007ffbe2d80000 - 0x00007ffbe2ddc000 	C:\WINDOWS\System32\mswsock.dll
0x00007ffbe2b60000 - 0x00007ffbe2c04000 	C:\WINDOWS\SYSTEM32\DNSAPI.dll
0x00007ffbe6ff0000 - 0x00007ffbe6ff8000 	C:\WINDOWS\System32\NSI.dll
0x00007ffbe2b20000 - 0x00007ffbe2b57000 	C:\WINDOWS\SYSTEM32\IPHLPAPI.DLL
0x00007ffbde3a0000 - 0x00007ffbde3ae000 	C:\WINDOWS\System32\winrnr.dll
0x00007ffbbc400000 - 0x00007ffbbc415000 	C:\WINDOWS\System32\wshbth.dll
0x0000000063560000 - 0x0000000063569000 	C:\Program Files\National Instruments\Shared\mDNS Responder\nimdnsNSP.dll
0x0000000063550000 - 0x000000006355e000 	C:\WINDOWS\SYSTEM32\nimdnsResponder.dll
0x000000006a150000 - 0x000000006a1f3000 	C:\WINDOWS\WinSxS\amd64_microsoft.vc90.crt_1fc8b3b9a1e18e3b_9.0.30729.9279_none_08e667efa83ba076\MSVCR90.dll
0x00007ffbdab90000 - 0x00007ffbdabfb000 	C:\WINDOWS\System32\fwpuclnt.dll
0x00007ffbe3030000 - 0x00007ffbe3055000 	C:\WINDOWS\SYSTEM32\bcrypt.dll
0x00007ffbd60a0000 - 0x00007ffbd60aa000 	C:\Windows\System32\rasadhlp.dll
0x00007ffbbd080000 - 0x00007ffbbd16f000 	C:\Program Files\Java\jre1.8.0_121\bin\msvcr120.dll
0x00007ffbbbd50000 - 0x00007ffbbbdf6000 	C:\Program Files\Java\jre1.8.0_121\bin\msvcp120.dll
0x000000006a260000 - 0x000000006a282000 	C:\Program Files\Java\jre1.8.0_121\bin\prism_d3d.dll
0x00007ffbbce60000 - 0x00007ffbbcfe9000 	C:\WINDOWS\system32\d3d9.dll
0x00007ffbd0c70000 - 0x00007ffbd0c9a000 	C:\WINDOWS\SYSTEM32\dwmapi.dll
0x00007ffbe1c60000 - 0x00007ffbe1cf5000 	C:\WINDOWS\system32\uxtheme.dll
0x00007ffba0830000 - 0x00007ffba26c3000 	C:\WINDOWS\SYSTEM32\igdumdim64.dll
0x00007ffbe46d0000 - 0x00007ffbe4b0b000 	C:\WINDOWS\System32\SETUPAPI.dll
0x00007ffbe4bc0000 - 0x00007ffbe4c80000 	C:\WINDOWS\System32\OLEAUT32.dll
0x00007ffbe5800000 - 0x00007ffbe5945000 	C:\WINDOWS\System32\ole32.dll
0x000000006a210000 - 0x000000006a253000 	C:\Program Files\Java\jre1.8.0_121\bin\glass.dll
0x00007ffbe5650000 - 0x00007ffbe5758000 	C:\WINDOWS\System32\COMDLG32.dll
0x00007ffbe4560000 - 0x00007ffbe46c6000 	C:\WINDOWS\System32\MSCTF.dll
0x00007ffbcd7b0000 - 0x00007ffbce622000 	C:\WINDOWS\SYSTEM32\igc64.dll
0x0000000067870000 - 0x0000000067a08000 	C:\Program Files\Java\jre1.8.0_121\bin\awt.dll
0x00007ffbe1b20000 - 0x00007ffbe1b9e000 	C:\WINDOWS\SYSTEM32\apphelp.dll
0x0000000067850000 - 0x0000000067864000 	C:\Program Files\Java\jre1.8.0_121\bin\javafx_font.dll
0x00007ffbcfd80000 - 0x00007ffbd003f000 	C:\WINDOWS\SYSTEM32\dwrite.dll
0x00007ffbe5110000 - 0x00007ffbe51ae000 	C:\WINDOWS\System32\clbcatq.dll
0x00007ffbd0410000 - 0x00007ffbd05bc000 	C:\WINDOWS\SYSTEM32\WindowsCodecs.dll
0x00007ffbca870000 - 0x00007ffbca8b7000 	C:\WINDOWS\system32\dataexchange.dll
0x00007ffbe0b90000 - 0x00007ffbe0e6f000 	C:\WINDOWS\system32\d3d11.dll
0x00007ffbe1510000 - 0x00007ffbe1632000 	C:\WINDOWS\system32\dcomp.dll
0x00007ffbe23c0000 - 0x00007ffbe2464000 	C:\WINDOWS\system32\dxgi.dll
0x00007ffbe1f00000 - 0x00007ffbe2070000 	C:\WINDOWS\system32\twinapi.appcore.dll
0x00007ffbc8a60000 - 0x00007ffbc8a91000 	C:\Program Files\Common Files\Microsoft Shared\Ink\rtscom.dll
0x00007ffbdea20000 - 0x00007ffbdeaa2000 	C:\WINDOWS\System32\TextInputFramework.dll
0x00007ffbd0130000 - 0x00007ffbd0402000 	C:\WINDOWS\System32\CoreUIComponents.dll
0x00007ffbe1420000 - 0x00007ffbe1503000 	C:\WINDOWS\System32\CoreMessaging.dll
0x00007ffbe2680000 - 0x00007ffbe26b1000 	C:\WINDOWS\SYSTEM32\ntmarta.dll
0x00007ffbdf120000 - 0x00007ffbdf135000 	C:\WINDOWS\SYSTEM32\usermgrcli.dll
0x00007ffbdfcb0000 - 0x00007ffbdfde9000 	C:\WINDOWS\SYSTEM32\wintypes.dll
0x0000000067830000 - 0x0000000067841000 	C:\Program Files\Java\jre1.8.0_121\bin\prism_common.dll

VM Arguments:
jvm_args: -agentlib:jdwp=transport=dt_socket,suspend=y,address=localhost:8962 -Dfile.encoding=Cp1252 
java_command: eg.edu.alexu.csd.oop.draw.cs.gui.Main
java_class_path (initial): C:\Users\mohamed kamal\workspace\Paint_GUI\bin;C:\Program Files (x86)\Java\jdk1.8.0_131\jre\lib\jfxswt.jar
Launcher Type: SUN_STANDARD

Environment Variables:
PATH=C:/Program Files/Java/jre1.8.0_121/bin/server;C:/Program Files/Java/jre1.8.0_121/bin;C:/Program Files/Java/jre1.8.0_121/lib/amd64;C:\Program Files\ImageMagick-6.9.8-Q16-HDRI;C:\ProgramData\Oracle\Java\javapath;C:\WINDOWS\system32;C:\WINDOWS;C:\WINDOWS\System32\Wbem;C:\WINDOWS\System32\WindowsPowerShell\v1.0\;C:\Program Files\Microsoft SQL Server\130\Tools\Binn\;C:\Program Files\Git\cmd;C:\RailsInstaller\Ruby2.2.0\bin;C:\Program Files\dotnet\;Z:\Git\cmd;C:\Program Files\Java\jdk1.8.0_121\bin;C:\RailsInstaller\Git\cmd;C:\RailsInstaller\Ruby2.2.0\bin;D:\Ruby23-x64\bin;C:\Users\mohamed kamal\AppData\Local\Microsoft\WindowsApps;C:\Users\mohamed kamal\workspace\Stack2\src\eg\edu\alexu\csd\datastructure\stack\cs58;Z:\Heroku\bin;C:\WINDOWS\System32;
USERNAME=mohamed kamal
OS=Windows_NT
PROCESSOR_IDENTIFIER=Intel64 Family 6 Model 94 Stepping 3, GenuineIntel



---------------  S Y S T E M  ---------------

OS: Windows 10.0 , 64 bit Build 15063 (10.0.15063.296)

CPU:total 8 (4 cores per cpu, 2 threads per core) family 6 model 94 stepping 3, cmov, cx8, fxsr, mmx, sse, sse2, sse3, ssse3, sse4.1, sse4.2, popcnt, avx, avx2, aes, clmul, erms, rtm, 3dnowpref, lzcnt, ht, tsc, tscinvbit, bmi1, bmi2, adx

Memory: 4k page, physical 8178536k(3042160k free), swap 8741736k(6624k free)

vm_info: Java HotSpot(TM) 64-Bit Server VM (25.121-b13) for windows-amd64 JRE (1.8.0_121-b13), built on Dec 12 2016 18:21:36 by "java_re" with MS VC++ 10.0 (VS2010)

time: Sun Nov 19 06:31:16 2017
elapsed time: 2 seconds (0d 0h 0m 2s)

