#
# There is insufficient memory for the Java Runtime Environment to continue.
# Native memory allocation (malloc) failed to allocate 138224 bytes for Chunk::new
# Possible reasons:
#   The system is out of physical RAM or swap space
#   In 32 bit mode, the process size limit was hit
# Possible solutions:
#   Reduce memory load on the system
#   Increase physical memory or swap space
#   Check if swap backing store is full
#   Use 64 bit Java on a 64 bit OS
#   Decrease Java heap size (-Xmx/-Xms)
#   Decrease number of Java threads
#   Decrease Java thread stack sizes (-Xss)
#   Set larger code cache with -XX:ReservedCodeCacheSize=
# This output file may be truncated or incomplete.
#
#  Out of Memory Error (allocation.cpp:390), pid=13736, tid=0x0000000000002500
#
# JRE version: Java(TM) SE Runtime Environment (8.0_121-b13) (build 1.8.0_121-b13)
# Java VM: Java HotSpot(TM) 64-Bit Server VM (25.121-b13 mixed mode windows-amd64 compressed oops)
# Failed to write core dump. Minidumps are not enabled by default on client versions of Windows
#

---------------  T H R E A D  ---------------

Current thread (0x0000000019266000):  JavaThread "C2 CompilerThread1" daemon [_thread_in_native, id=9472, stack(0x000000001a210000,0x000000001a310000)]

Stack: [0x000000001a210000,0x000000001a310000]
[error occurred during error reporting (printing stack bounds), id 0xc0000005]

Native frames: (J=compiled Java code, j=interpreted, Vv=VM code, C=native code)


Current CompileTask:
C2:   1703 2073       4       com.sun.javafx.css.ParsedValueImpl::containsFontRelativeSize (237 bytes)


---------------  P R O C E S S  ---------------

Java Threads: ( => current thread )
  0x000000001ae1c000 JavaThread "Prism Font Disposer" daemon [_thread_blocked, id=12472, stack(0x00000000233f0000,0x00000000234f0000)]
  0x000000001a81f800 JavaThread "Thread-3" daemon [_thread_in_native, id=2992, stack(0x000000001f9a0000,0x000000001faa0000)]
  0x000000001a7fb000 JavaThread "JavaFX-Launcher" [_thread_blocked, id=13720, stack(0x000000001faa0000,0x000000001fba0000)]
  0x000000001a75e000 JavaThread "JavaFX Application Thread" [_thread_in_native, id=7588, stack(0x000000001b310000,0x000000001b410000)]
  0x000000001a75b000 JavaThread "Thread-1" daemon [_thread_blocked, id=4816, stack(0x000000001b210000,0x000000001b310000)]
  0x000000001a735000 JavaThread "QuantumRenderer-0" daemon [_thread_blocked, id=8984, stack(0x000000001af10000,0x000000001b010000)]
  0x00000000192f4800 JavaThread "Service Thread" daemon [_thread_blocked, id=10420, stack(0x000000001a510000,0x000000001a610000)]
  0x000000001926c800 JavaThread "C1 CompilerThread3" daemon [_thread_blocked, id=12476, stack(0x000000001a410000,0x000000001a510000)]
  0x000000001926a800 JavaThread "C2 CompilerThread2" daemon [_thread_in_native, id=2068, stack(0x000000001a310000,0x000000001a410000)]
=>0x0000000019266000 JavaThread "C2 CompilerThread1" daemon [_thread_in_native, id=9472, stack(0x000000001a210000,0x000000001a310000)]
  0x0000000019261000 JavaThread "C2 CompilerThread0" daemon [_thread_in_native, id=15200, stack(0x000000001a110000,0x000000001a210000)]
  0x0000000019251000 JavaThread "JDWP Command Reader" daemon [_thread_in_native, id=15168, stack(0x000000001a010000,0x000000001a110000)]
  0x000000001924e000 JavaThread "JDWP Event Helper Thread" daemon [_thread_blocked, id=12508, stack(0x0000000019f10000,0x000000001a010000)]
  0x000000001923f800 JavaThread "JDWP Transport Listener: dt_socket" daemon [_thread_blocked, id=12180, stack(0x0000000019e10000,0x0000000019f10000)]
  0x0000000019238000 JavaThread "Attach Listener" daemon [_thread_blocked, id=10252, stack(0x0000000019900000,0x0000000019a00000)]
  0x0000000019237000 JavaThread "Signal Dispatcher" daemon [_thread_blocked, id=3788, stack(0x0000000019800000,0x0000000019900000)]
  0x0000000002499800 JavaThread "Finalizer" daemon [_thread_blocked, id=11728, stack(0x0000000019610000,0x0000000019710000)]
  0x0000000002498000 JavaThread "Reference Handler" daemon [_thread_blocked, id=8564, stack(0x0000000019110000,0x0000000019210000)]
  0x0000000000a3e000 JavaThread "main" [_thread_blocked, id=4060, stack(0x0000000002230000,0x0000000002330000)]

Other Threads:
  0x000000001733a000 VMThread [stack: 0x0000000019010000,0x0000000019110000] [id=8388]
  0x00000000192fb000 WatcherThread [stack: 0x000000001a610000,0x000000001a710000] [id=11016]

VM state:not at safepoint (normal execution)

VM Mutex/Monitor currently owned by a thread: None

Heap:
 PSYoungGen      total 37888K, used 15206K [0x00000000d6600000, 0x00000000d9000000, 0x0000000100000000)
  eden space 32768K, 31% used [0x00000000d6600000,0x00000000d7029bb0,0x00000000d8600000)
  from space 5120K, 93% used [0x00000000d8600000,0x00000000d8ab0020,0x00000000d8b00000)
  to   space 5120K, 0% used [0x00000000d8b00000,0x00000000d8b00000,0x00000000d9000000)
 ParOldGen       total 86016K, used 80K [0x0000000083200000, 0x0000000088600000, 0x00000000d6600000)
  object space 86016K, 0% used [0x0000000083200000,0x0000000083214010,0x0000000088600000)
 Metaspace       used 18238K, capacity 19324K, committed 19584K, reserved 1067008K
  class space    used 2596K, capacity 2847K, committed 2944K, reserved 1048576K

Card table byte_map: [0x0000000011860000,0x0000000011c50000] byte_map_base: 0x0000000011447000

Marking Bits: (ParMarkBitMap*) 0x000000006920b6d0
 Begin Bits: [0x00000000126f0000, 0x0000000014628000)
 End Bits:   [0x0000000014628000, 0x0000000016560000)

Polling page: 0x0000000000980000

CodeCache: size=245760Kb used=6681Kb max_used=6690Kb free=239078Kb
 bounds [0x00000000024a0000, 0x0000000002b30000, 0x00000000114a0000]
 total_blobs=2753 nmethods=2105 adapters=567
 compilation: enabled

Compilation events (10 events):
Event: 1.690 Thread 0x000000001926c800 2098       3       javafx.scene.layout.Region::getPrefWidth (22 bytes)
Event: 1.690 Thread 0x000000001926c800 nmethod 2098 0x0000000002b12d10 code [0x0000000002b12e80, 0x0000000002b13248]
Event: 1.690 Thread 0x000000001926c800 2082       1       javafx.scene.effect.Effect::impl_effectDirtyProperty (5 bytes)
Event: 1.690 Thread 0x000000001926c800 nmethod 2082 0x0000000002b23a50 code [0x0000000002b23ba0, 0x0000000002b23cb0]
Event: 1.690 Thread 0x000000001926c800 2092       1       com.sun.javafx.tk.quantum.GlassViewEventHandler::access$200 (5 bytes)
Event: 1.690 Thread 0x000000001926c800 nmethod 2092 0x0000000002b23d10 code [0x0000000002b23e60, 0x0000000002b23f50]
Event: 1.690 Thread 0x000000001926c800 2093       1       com.sun.javafx.event.CompositeEventHandler$EventProcessorRecord::access$000 (5 bytes)
Event: 1.690 Thread 0x000000001926c800 nmethod 2093 0x0000000002b23fd0 code [0x0000000002b24120, 0x0000000002b24210]
Event: 1.693 Thread 0x000000001926c800 2100       3       java.util.EnumMap$EnumMapIterator::hasNext (64 bytes)
Event: 1.693 Thread 0x000000001926c800 nmethod 2100 0x0000000002b24290 code [0x0000000002b24400, 0x0000000002b246f0]

GC Heap History (2 events):
Event: 0.889 GC heap before
{Heap before GC invocations=1 (full 0):
 PSYoungGen      total 37888K, used 32768K [0x00000000d6600000, 0x00000000d9000000, 0x0000000100000000)
  eden space 32768K, 100% used [0x00000000d6600000,0x00000000d8600000,0x00000000d8600000)
  from space 5120K, 0% used [0x00000000d8b00000,0x00000000d8b00000,0x00000000d9000000)
  to   space 5120K, 0% used [0x00000000d8600000,0x00000000d8600000,0x00000000d8b00000)
 ParOldGen       total 86016K, used 0K [0x0000000083200000, 0x0000000088600000, 0x00000000d6600000)
  object space 86016K, 0% used [0x0000000083200000,0x0000000083200000,0x0000000088600000)
 Metaspace       used 16430K, capacity 17364K, committed 17536K, reserved 1064960K
  class space    used 2416K, capacity 2619K, committed 2688K, reserved 1048576K
Event: 0.894 GC heap after
Heap after GC invocations=1 (full 0):
 PSYoungGen      total 37888K, used 4800K [0x00000000d6600000, 0x00000000d9000000, 0x0000000100000000)
  eden space 32768K, 0% used [0x00000000d6600000,0x00000000d6600000,0x00000000d8600000)
  from space 5120K, 93% used [0x00000000d8600000,0x00000000d8ab0020,0x00000000d8b00000)
  to   space 5120K, 0% used [0x00000000d8b00000,0x00000000d8b00000,0x00000000d9000000)
 ParOldGen       total 86016K, used 80K [0x0000000083200000, 0x0000000088600000, 0x00000000d6600000)
  object space 86016K, 0% used [0x0000000083200000,0x0000000083214010,0x0000000088600000)
 Metaspace       used 16430K, capacity 17364K, committed 17536K, reserved 1064960K
  class space    used 2416K, capacity 2619K, committed 2688K, reserved 1048576K
}

Deoptimization events (10 events):
Event: 0.735 Thread 0x000000001a75e000 Uncommon trap: reason=speculate_class_check action=maybe_recompile pc=0x0000000002802270 method=com.sun.javafx.css.BitSet.containsAll(Ljava/util/Collection;)Z @ 18
Event: 0.737 Thread 0x000000001a75e000 Uncommon trap: reason=class_check action=maybe_recompile pc=0x00000000025be2d8 method=java.lang.String.equals(Ljava/lang/Object;)Z @ 8
Event: 0.812 Thread 0x000000001a75e000 Uncommon trap: reason=unstable_if action=reinterpret pc=0x00000000027d1328 method=java.lang.String.regionMatches(ZILjava/lang/String;II)Z @ 123
Event: 0.924 Thread 0x000000001a75e000 Uncommon trap: reason=unstable_if action=reinterpret pc=0x0000000002889654 method=java.util.HashMap.isEmpty()Z @ 4
Event: 0.936 Thread 0x000000001a75e000 Uncommon trap: reason=unstable_if action=reinterpret pc=0x00000000027a4c8c method=sun.net.www.ParseUtil.encodePath(Ljava/lang/String;Z)Ljava/lang/String; @ 109
Event: 0.945 Thread 0x000000001a75e000 Uncommon trap: reason=array_check action=maybe_recompile pc=0x00000000029197c0 method=com.sun.javafx.css.SimpleSelector.applies(Ljavafx/css/Styleable;[Ljava/util/Set;I)Z @ 37
Event: 0.945 Thread 0x000000001a75e000 Uncommon trap: reason=array_check action=maybe_recompile pc=0x00000000029197c0 method=com.sun.javafx.css.SimpleSelector.applies(Ljavafx/css/Styleable;[Ljava/util/Set;I)Z @ 37
Event: 0.945 Thread 0x000000001a75e000 Uncommon trap: reason=array_check action=maybe_recompile pc=0x00000000029197c0 method=com.sun.javafx.css.SimpleSelector.applies(Ljavafx/css/Styleable;[Ljava/util/Set;I)Z @ 37
Event: 0.945 Thread 0x000000001a75e000 Uncommon trap: reason=array_check action=maybe_recompile pc=0x00000000029197c0 method=com.sun.javafx.css.SimpleSelector.applies(Ljavafx/css/Styleable;[Ljava/util/Set;I)Z @ 37
Event: 1.683 Thread 0x000000001a735000 Uncommon trap: reason=unstable_if action=reinterpret pc=0x0000000002acf6e4 method=com.sun.prism.impl.BaseGraphics.validateTransformAndPaint()V @ 20

Internal exceptions (10 events):
Event: 1.467 Thread 0x000000001a735000 Exception <a 'java/lang/NullPointerException'> (0x00000000d6f11c20) thrown at [C:\re\workspace\8-2-build-windows-amd64-cygwin\jdk8u121\8372\hotspot\src\share\vm\interpreter\linkResolver.cpp, line 1280]
Event: 1.602 Thread 0x000000001a735000 Exception <a 'java/lang/NullPointerException'> (0x00000000d6f1e630) thrown at [C:\re\workspace\8-2-build-windows-amd64-cygwin\jdk8u121\8372\hotspot\src\share\vm\interpreter\linkResolver.cpp, line 1280]
Event: 1.619 Thread 0x000000001a735000 Exception <a 'java/lang/NullPointerException'> (0x00000000d6f2b040) thrown at [C:\re\workspace\8-2-build-windows-amd64-cygwin\jdk8u121\8372\hotspot\src\share\vm\interpreter\linkResolver.cpp, line 1280]
Event: 1.635 Thread 0x000000001a735000 Exception <a 'java/lang/NullPointerException'> (0x00000000d6f37a50) thrown at [C:\re\workspace\8-2-build-windows-amd64-cygwin\jdk8u121\8372\hotspot\src\share\vm\interpreter\linkResolver.cpp, line 1280]
Event: 1.639 Thread 0x000000001a735000 Exception <a 'java/lang/NullPointerException'> (0x00000000d6f44478) thrown at [C:\re\workspace\8-2-build-windows-amd64-cygwin\jdk8u121\8372\hotspot\src\share\vm\interpreter\linkResolver.cpp, line 1280]
Event: 1.651 Thread 0x000000001a735000 Exception <a 'java/lang/NullPointerException'> (0x00000000d6f511e8) thrown at [C:\re\workspace\8-2-build-windows-amd64-cygwin\jdk8u121\8372\hotspot\src\share\vm\interpreter\linkResolver.cpp, line 1280]
Event: 1.666 Thread 0x000000001a735000 Exception <a 'java/lang/NullPointerException'> (0x00000000d6f5dbf8) thrown at [C:\re\workspace\8-2-build-windows-amd64-cygwin\jdk8u121\8372\hotspot\src\share\vm\interpreter\linkResolver.cpp, line 1280]
Event: 1.671 Thread 0x000000001a735000 Exception <a 'java/lang/NullPointerException'> (0x00000000d6f6a620) thrown at [C:\re\workspace\8-2-build-windows-amd64-cygwin\jdk8u121\8372\hotspot\src\share\vm\interpreter\linkResolver.cpp, line 1280]
Event: 1.687 Thread 0x000000001a735000 Exception <a 'java/lang/NullPointerException'> (0x00000000d6f77c68) thrown at [C:\re\workspace\8-2-build-windows-amd64-cygwin\jdk8u121\8372\hotspot\src\share\vm\interpreter\linkResolver.cpp, line 1280]
Event: 1.693 Thread 0x000000001a735000 Exception <a 'java/lang/NullPointerException'> (0x00000000d6f846e0) thrown at [C:\re\workspace\8-2-build-windows-amd64-cygwin\jdk8u121\8372\hotspot\src\share\vm\interpreter\linkResolver.cpp, line 1280]

Events (10 events):
Event: 1.693 Thread 0x000000001a735000 DEOPT PACKING pc=0x0000000002a09b4c sp=0x000000001b00e7b0
Event: 1.693 Thread 0x000000001a735000 DEOPT UNPACKING pc=0x00000000024e787f sp=0x000000001b00e4e0 mode 1
Event: 1.693 Thread 0x000000001a735000 DEOPT PACKING pc=0x0000000002a240d4 sp=0x000000001b00e800
Event: 1.693 Thread 0x000000001a735000 DEOPT UNPACKING pc=0x00000000024e787f sp=0x000000001b00e660 mode 1
Event: 1.693 Thread 0x000000001a735000 DEOPT PACKING pc=0x0000000002a2a424 sp=0x000000001b00e9e0
Event: 1.693 Thread 0x000000001a735000 DEOPT UNPACKING pc=0x00000000024e787f sp=0x000000001b00e7d0 mode 1
Event: 1.693 Thread 0x000000001a735000 DEOPT PACKING pc=0x0000000002a1587c sp=0x000000001b00eaf0
Event: 1.693 Thread 0x000000001a735000 DEOPT UNPACKING pc=0x00000000024e787f sp=0x000000001b00e940 mode 1
Event: 1.693 Thread 0x000000001a735000 DEOPT PACKING pc=0x0000000002a09b4c sp=0x000000001b00ed40
Event: 1.693 Thread 0x000000001a735000 DEOPT UNPACKING pc=0x00000000024e787f sp=0x000000001b00ea80 mode 1


Dynamic libraries:
0x00007ff7ba430000 - 0x00007ff7ba467000 	C:\Program Files\Java\jre1.8.0_121\bin\javaw.exe
0x00007ffbe7000000 - 0x00007ffbe71db000 	C:\WINDOWS\SYSTEM32\ntdll.dll
0x00007ffbe4c80000 - 0x00007ffbe4d2e000 	C:\WINDOWS\System32\KERNEL32.DLL
0x00007ffbe3590000 - 0x00007ffbe37d9000 	C:\WINDOWS\System32\KERNELBASE.dll
0x00007ffbe5060000 - 0x00007ffbe5101000 	C:\WINDOWS\System32\ADVAPI32.dll
0x00007ffbe4e20000 - 0x00007ffbe4ebd000 	C:\WINDOWS\System32\msvcrt.dll
0x00007ffbe5950000 - 0x00007ffbe59a9000 	C:\WINDOWS\System32\sechost.dll
0x00007ffbe54b0000 - 0x00007ffbe55d5000 	C:\WINDOWS\System32\RPCRT4.dll
0x00007ffbe6e10000 - 0x00007ffbe6f5a000 	C:\WINDOWS\System32\USER32.dll
0x00007ffbe4030000 - 0x00007ffbe404e000 	C:\WINDOWS\System32\win32u.dll
0x00007ffbe5760000 - 0x00007ffbe5787000 	C:\WINDOWS\System32\GDI32.dll
0x00007ffbe4370000 - 0x00007ffbe44f7000 	C:\WINDOWS\System32\gdi32full.dll
0x00007ffbe3f90000 - 0x00007ffbe402a000 	C:\WINDOWS\System32\msvcp_win.dll
0x00007ffbe4270000 - 0x00007ffbe4366000 	C:\WINDOWS\System32\ucrtbase.dll
0x00007ffbd3d80000 - 0x00007ffbd3fe7000 	C:\WINDOWS\WinSxS\amd64_microsoft.windows.common-controls_6595b64144ccf1df_6.0.15063.483_none_26002d27e7c744a2\COMCTL32.dll
0x00007ffbe51b0000 - 0x00007ffbe54a9000 	C:\WINDOWS\System32\combase.dll
0x00007ffbe3520000 - 0x00007ffbe358a000 	C:\WINDOWS\System32\bcryptPrimitives.dll
0x00007ffbe4d90000 - 0x00007ffbe4dbd000 	C:\WINDOWS\System32\IMM32.DLL
0x00000000687b0000 - 0x0000000068882000 	C:\Program Files\Java\jre1.8.0_121\bin\msvcr100.dll
0x00000000689f0000 - 0x000000006928b000 	C:\Program Files\Java\jre1.8.0_121\bin\server\jvm.dll
0x00007ffbe57f0000 - 0x00007ffbe57f8000 	C:\WINDOWS\System32\PSAPI.DLL
0x00007ffbd8af0000 - 0x00007ffbd8afa000 	C:\WINDOWS\SYSTEM32\VERSION.dll
0x00007ffbda540000 - 0x00007ffbda563000 	C:\WINDOWS\SYSTEM32\WINMM.dll
0x00007ffbdf140000 - 0x00007ffbdf149000 	C:\WINDOWS\SYSTEM32\WSOCK32.dll
0x00007ffbe55e0000 - 0x00007ffbe564c000 	C:\WINDOWS\System32\WS2_32.dll
0x00007ffbda300000 - 0x00007ffbda32b000 	C:\WINDOWS\SYSTEM32\WINMMBASE.dll
0x00007ffbe4050000 - 0x00007ffbe4099000 	C:\WINDOWS\System32\cfgmgr32.dll
0x000000006a2a0000 - 0x000000006a2af000 	C:\Program Files\Java\jre1.8.0_121\bin\verify.dll
0x000000006a270000 - 0x000000006a299000 	C:\Program Files\Java\jre1.8.0_121\bin\java.dll
0x00000000681d0000 - 0x0000000068205000 	C:\Program Files\Java\jre1.8.0_121\bin\jdwp.dll
0x0000000068560000 - 0x0000000068568000 	C:\Program Files\Java\jre1.8.0_121\bin\npt.dll
0x000000006a250000 - 0x000000006a266000 	C:\Program Files\Java\jre1.8.0_121\bin\zip.dll
0x00007ffbe59b0000 - 0x00007ffbe6de7000 	C:\WINDOWS\System32\SHELL32.dll
0x00007ffbe4b10000 - 0x00007ffbe4bba000 	C:\WINDOWS\System32\shcore.dll
0x00007ffbe37e0000 - 0x00007ffbe3ed1000 	C:\WINDOWS\System32\windows.storage.dll
0x00007ffbe4dc0000 - 0x00007ffbe4e11000 	C:\WINDOWS\System32\shlwapi.dll
0x00007ffbe3490000 - 0x00007ffbe34a1000 	C:\WINDOWS\System32\kernel.appcore.dll
0x00007ffbe34b0000 - 0x00007ffbe34fc000 	C:\WINDOWS\System32\powrprof.dll
0x00007ffbe3470000 - 0x00007ffbe3485000 	C:\WINDOWS\System32\profapi.dll
0x00000000681c0000 - 0x00000000681c9000 	C:\Program Files\Java\jre1.8.0_121\bin\dt_socket.dll
0x00007ffbde420000 - 0x00007ffbde436000 	C:\WINDOWS\system32\napinsp.dll
0x00007ffbde300000 - 0x00007ffbde31a000 	C:\WINDOWS\system32\pnrpnsp.dll
0x00007ffbdec10000 - 0x00007ffbdec28000 	C:\WINDOWS\system32\NLAapi.dll
0x00007ffbe2d80000 - 0x00007ffbe2ddc000 	C:\WINDOWS\System32\mswsock.dll
0x00007ffbe2b60000 - 0x00007ffbe2c04000 	C:\WINDOWS\SYSTEM32\DNSAPI.dll
0x00007ffbe6ff0000 - 0x00007ffbe6ff8000 	C:\WINDOWS\System32\NSI.dll
0x00007ffbe2b20000 - 0x00007ffbe2b57000 	C:\WINDOWS\SYSTEM32\IPHLPAPI.DLL
0x00007ffbde940000 - 0x00007ffbde94e000 	C:\WINDOWS\System32\winrnr.dll
0x00007ffbbc400000 - 0x00007ffbbc415000 	C:\WINDOWS\System32\wshbth.dll
0x0000000063560000 - 0x0000000063569000 	C:\Program Files\National Instruments\Shared\mDNS Responder\nimdnsNSP.dll
0x0000000063550000 - 0x000000006355e000 	C:\WINDOWS\SYSTEM32\nimdnsResponder.dll
0x000000006a150000 - 0x000000006a1f3000 	C:\WINDOWS\WinSxS\amd64_microsoft.vc90.crt_1fc8b3b9a1e18e3b_9.0.30729.9279_none_08e667efa83ba076\MSVCR90.dll
0x00007ffbdab90000 - 0x00007ffbdabfb000 	C:\WINDOWS\System32\fwpuclnt.dll
0x00007ffbe3030000 - 0x00007ffbe3055000 	C:\WINDOWS\SYSTEM32\bcrypt.dll
0x00007ffbd60a0000 - 0x00007ffbd60aa000 	C:\Windows\System32\rasadhlp.dll
0x00007ffbbed10000 - 0x00007ffbbedff000 	C:\Program Files\Java\jre1.8.0_121\bin\msvcr120.dll
0x00007ffbc3060000 - 0x00007ffbc3106000 	C:\Program Files\Java\jre1.8.0_121\bin\msvcp120.dll
0x0000000068780000 - 0x00000000687a2000 	C:\Program Files\Java\jre1.8.0_121\bin\prism_d3d.dll
0x00007ffbbeb80000 - 0x00007ffbbed09000 	C:\WINDOWS\system32\d3d9.dll
0x00007ffbd0c70000 - 0x00007ffbd0c9a000 	C:\WINDOWS\SYSTEM32\dwmapi.dll
0x00007ffbe1c60000 - 0x00007ffbe1cf5000 	C:\WINDOWS\system32\uxtheme.dll
0x00007ffbb1d90000 - 0x00007ffbb3c23000 	C:\WINDOWS\SYSTEM32\igdumdim64.dll
0x00007ffbe46d0000 - 0x00007ffbe4b0b000 	C:\WINDOWS\System32\SETUPAPI.dll
0x00007ffbe4bc0000 - 0x00007ffbe4c80000 	C:\WINDOWS\System32\OLEAUT32.dll
0x00007ffbe5800000 - 0x00007ffbe5945000 	C:\WINDOWS\System32\ole32.dll
0x0000000068730000 - 0x0000000068773000 	C:\Program Files\Java\jre1.8.0_121\bin\glass.dll
0x00007ffbe5650000 - 0x00007ffbe5758000 	C:\WINDOWS\System32\COMDLG32.dll
0x00007ffbe4560000 - 0x00007ffbe46c6000 	C:\WINDOWS\System32\MSCTF.dll
0x00007ffbcd7b0000 - 0x00007ffbce622000 	C:\WINDOWS\SYSTEM32\igc64.dll
0x0000000068590000 - 0x0000000068728000 	C:\Program Files\Java\jre1.8.0_121\bin\awt.dll
0x00007ffbe1b20000 - 0x00007ffbe1b9e000 	C:\WINDOWS\SYSTEM32\apphelp.dll
0x0000000068570000 - 0x0000000068584000 	C:\Program Files\Java\jre1.8.0_121\bin\javafx_font.dll
0x00007ffbcf9a0000 - 0x00007ffbcfc5f000 	C:\WINDOWS\SYSTEM32\dwrite.dll
0x00007ffbe5110000 - 0x00007ffbe51ae000 	C:\WINDOWS\System32\clbcatq.dll
0x00007ffbd0410000 - 0x00007ffbd05bc000 	C:\WINDOWS\SYSTEM32\WindowsCodecs.dll
0x00007ffbca870000 - 0x00007ffbca8b7000 	C:\WINDOWS\system32\dataexchange.dll
0x00007ffbe0b90000 - 0x00007ffbe0e6f000 	C:\WINDOWS\system32\d3d11.dll
0x00007ffbe1510000 - 0x00007ffbe1632000 	C:\WINDOWS\system32\dcomp.dll
0x00007ffbe23c0000 - 0x00007ffbe2464000 	C:\WINDOWS\system32\dxgi.dll
0x00007ffbe1f00000 - 0x00007ffbe2070000 	C:\WINDOWS\system32\twinapi.appcore.dll
0x00007ffbc6fa0000 - 0x00007ffbc6fd1000 	C:\Program Files\Common Files\Microsoft Shared\Ink\rtscom.dll
0x00007ffbde8b0000 - 0x00007ffbde932000 	C:\WINDOWS\System32\TextInputFramework.dll
0x00007ffbd0130000 - 0x00007ffbd0402000 	C:\WINDOWS\System32\CoreUIComponents.dll
0x00007ffbe1420000 - 0x00007ffbe1503000 	C:\WINDOWS\System32\CoreMessaging.dll
0x00007ffbe2680000 - 0x00007ffbe26b1000 	C:\WINDOWS\SYSTEM32\ntmarta.dll
0x00007ffbdfcb0000 - 0x00007ffbdfde9000 	C:\WINDOWS\SYSTEM32\wintypes.dll
0x00007ffbdf120000 - 0x00007ffbdf135000 	C:\WINDOWS\SYSTEM32\usermgrcli.dll
0x0000000068210000 - 0x0000000068221000 	C:\Program Files\Java\jre1.8.0_121\bin\prism_common.dll

VM Arguments:
jvm_args: -agentlib:jdwp=transport=dt_socket,suspend=y,address=localhost:19475 -Dfile.encoding=Cp1252 
java_command: eg.edu.alexu.csd.oop.draw.cs.gui.Main
java_class_path (initial): C:\Users\mohamed kamal\workspace\Paint_GUI\bin;C:\Program Files (x86)\Java\jdk1.8.0_131\jre\lib\jfxswt.jar
Launcher Type: SUN_STANDARD

Environment Variables:
PATH=C:/Program Files/Java/jre1.8.0_121/bin/server;C:/Program Files/Java/jre1.8.0_121/bin;C:/Program Files/Java/jre1.8.0_121/lib/amd64;C:\Program Files\ImageMagick-6.9.8-Q16-HDRI;C:\ProgramData\Oracle\Java\javapath;C:\WINDOWS\system32;C:\WINDOWS;C:\WINDOWS\System32\Wbem;C:\WINDOWS\System32\WindowsPowerShell\v1.0\;C:\Program Files\Microsoft SQL Server\130\Tools\Binn\;C:\Program Files\Git\cmd;C:\RailsInstaller\Ruby2.2.0\bin;C:\Program Files\dotnet\;Z:\Git\cmd;C:\Program Files\Java\jdk1.8.0_121\bin;C:\RailsInstaller\Git\cmd;C:\RailsInstaller\Ruby2.2.0\bin;D:\Ruby23-x64\bin;C:\Users\mohamed kamal\AppData\Local\Microsoft\WindowsApps;C:\Users\mohamed kamal\workspace\Stack2\src\eg\edu\alexu\csd\datastructure\stack\cs58;Z:\Heroku\bin;C:\WINDOWS\System32;
USERNAME=mohamed kamal
OS=Windows_NT
PROCESSOR_IDENTIFIER=Intel64 Family 6 Model 94 Stepping 3, GenuineIntel



---------------  S Y S T E M  ---------------

OS: Windows 10.0 , 64 bit Build 15063 (10.0.15063.296)

CPU:total 8 (4 cores per cpu, 2 threads per core) family 6 model 94 stepping 3, cmov, cx8, fxsr, mmx, sse, sse2, sse3, ssse3, sse4.1, sse4.2, popcnt, avx, avx2, aes, clmul, erms, rtm, 3dnowpref, lzcnt, ht, tsc, tscinvbit, bmi1, bmi2, adx

Memory: 4k page, physical 8178536k(3056572k free), swap 8741732k(1676k free)

vm_info: Java HotSpot(TM) 64-Bit Server VM (25.121-b13) for windows-amd64 JRE (1.8.0_121-b13), built on Dec 12 2016 18:21:36 by "java_re" with MS VC++ 10.0 (VS2010)

time: Thu Nov 23 00:20:26 2017
elapsed time: 1 seconds (0d 0h 0m 1s)

