#
# There is insufficient memory for the Java Runtime Environment to continue.
# Native memory allocation (malloc) failed to allocate 32744 bytes for ChunkPool::allocate
# Possible reasons:
#   The system is out of physical RAM or swap space
#   In 32 bit mode, the process size limit was hit
# Possible solutions:
#   Reduce memory load on the system
#   Increase physical memory or swap space
#   Check if swap backing store is full
#   Use 64 bit Java on a 64 bit OS
#   Decrease Java heap size (-Xmx/-Xms)
#   Decrease number of Java threads
#   Decrease Java thread stack sizes (-Xss)
#   Set larger code cache with -XX:ReservedCodeCacheSize=
# This output file may be truncated or incomplete.
#
#  Out of Memory Error (allocation.cpp:273), pid=13044, tid=0x0000000000000698
#
# JRE version: Java(TM) SE Runtime Environment (8.0_121-b13) (build 1.8.0_121-b13)
# Java VM: Java HotSpot(TM) 64-Bit Server VM (25.121-b13 mixed mode windows-amd64 compressed oops)
# Failed to write core dump. Minidumps are not enabled by default on client versions of Windows
#

---------------  T H R E A D  ---------------

Current thread (0x00000000194aa000):  JavaThread "C1 CompilerThread3" daemon [_thread_in_native, id=1688, stack(0x0000000019f60000,0x000000001a060000)]

Stack: [0x0000000019f60000,0x000000001a060000]
[error occurred during error reporting (printing stack bounds), id 0xc0000005]

Native frames: (J=compiled Java code, j=interpreted, Vv=VM code, C=native code)


Current CompileTask:
C1:  66090 2400       3       javafx.scene.layout.Region::impl_updatePeer (540 bytes)


---------------  P R O C E S S  ---------------

Java Threads: ( => current thread )
  0x000000001a928800 JavaThread "Prism Font Disposer" daemon [_thread_blocked, id=9564, stack(0x0000000022290000,0x0000000022390000)]
  0x000000001a3ae000 JavaThread "Thread-3" daemon [_thread_in_native, id=9328, stack(0x000000001f400000,0x000000001f500000)]
  0x000000001a385000 JavaThread "JavaFX-Launcher" [_thread_blocked, id=11828, stack(0x000000001f500000,0x000000001f600000)]
  0x000000001a2e9000 JavaThread "JavaFX Application Thread" [_thread_in_native, id=9712, stack(0x000000001ad70000,0x000000001ae70000)]
  0x000000001a2db800 JavaThread "Thread-1" daemon [_thread_blocked, id=14308, stack(0x000000001ac70000,0x000000001ad70000)]
  0x000000001a2ae000 JavaThread "QuantumRenderer-0" daemon [_thread_in_native, id=14028, stack(0x000000001aa60000,0x000000001ab60000)]
  0x0000000019543000 JavaThread "Service Thread" daemon [_thread_blocked, id=10616, stack(0x000000001a060000,0x000000001a160000)]
=>0x00000000194aa000 JavaThread "C1 CompilerThread3" daemon [_thread_in_native, id=1688, stack(0x0000000019f60000,0x000000001a060000)]
  0x00000000194a8800 JavaThread "C2 CompilerThread2" daemon [_thread_blocked, id=13096, stack(0x0000000019e60000,0x0000000019f60000)]
  0x000000001949e000 JavaThread "C2 CompilerThread1" daemon [_thread_blocked, id=11476, stack(0x0000000019d60000,0x0000000019e60000)]
  0x000000001949b800 JavaThread "C2 CompilerThread0" daemon [_thread_blocked, id=13736, stack(0x0000000019c60000,0x0000000019d60000)]
  0x0000000019496000 JavaThread "Attach Listener" daemon [_thread_blocked, id=7024, stack(0x0000000019b60000,0x0000000019c60000)]
  0x0000000019493000 JavaThread "Signal Dispatcher" daemon [_thread_blocked, id=7200, stack(0x0000000019a60000,0x0000000019b60000)]
  0x0000000019490800 JavaThread "Finalizer" daemon [_thread_blocked, id=13268, stack(0x0000000019870000,0x0000000019970000)]
  0x00000000026f5000 JavaThread "Reference Handler" daemon [_thread_blocked, id=13984, stack(0x0000000019370000,0x0000000019470000)]
  0x0000000002600800 JavaThread "main" [_thread_blocked, id=11780, stack(0x0000000002460000,0x0000000002560000)]

Other Threads:
  0x0000000017599000 VMThread [stack: 0x0000000019270000,0x0000000019370000] [id=1968]
  0x0000000019556800 WatcherThread [stack: 0x000000001a160000,0x000000001a260000] [id=13804]

VM state:not at safepoint (normal execution)

VM Mutex/Monitor currently owned by a thread: None

Heap:
 PSYoungGen      total 37888K, used 18137K [0x00000000d6600000, 0x00000000d9000000, 0x0000000100000000)
  eden space 32768K, 40% used [0x00000000d6600000,0x00000000d72e6570,0x00000000d8600000)
  from space 5120K, 96% used [0x00000000d8600000,0x00000000d8ad0040,0x00000000d8b00000)
  to   space 5120K, 0% used [0x00000000d8b00000,0x00000000d8b00000,0x00000000d9000000)
 ParOldGen       total 86016K, used 88K [0x0000000083200000, 0x0000000088600000, 0x00000000d6600000)
  object space 86016K, 0% used [0x0000000083200000,0x0000000083216010,0x0000000088600000)
 Metaspace       used 18664K, capacity 19766K, committed 19840K, reserved 1067008K
  class space    used 2682K, capacity 2944K, committed 2944K, reserved 1048576K

Card table byte_map: [0x0000000011ac0000,0x0000000011eb0000] byte_map_base: 0x00000000116a7000

Marking Bits: (ParMarkBitMap*) 0x0000000076bbb6d0
 Begin Bits: [0x0000000012950000, 0x0000000014888000)
 End Bits:   [0x0000000014888000, 0x00000000167c0000)

Polling page: 0x0000000000d10000

CodeCache: size=245760Kb used=7267Kb max_used=7267Kb free=238492Kb
 bounds [0x0000000002700000, 0x0000000002e20000, 0x0000000011700000]
 total_blobs=3061 nmethods=2399 adapters=572
 compilation: enabled

Compilation events (10 events):
Event: 66.054 Thread 0x00000000194aa000 nmethod 2394 0x0000000002e17290 code [0x0000000002e17400, 0x0000000002e17608]
Event: 66.058 Thread 0x00000000194aa000 2396       3       com.sun.javafx.event.CompositeEventHandler::dispatchCapturingEvent (40 bytes)
Event: 66.059 Thread 0x00000000194aa000 nmethod 2396 0x0000000002e19d90 code [0x0000000002e19f20, 0x0000000002e1a348]
Event: 66.063 Thread 0x00000000194aa000 2398       3       com.sun.javafx.event.EventRedirector::redirectEvent (97 bytes)
Event: 66.064 Thread 0x00000000194aa000 nmethod 2398 0x0000000002e1a490 code [0x0000000002e1a6a0, 0x0000000002e1b178]
Event: 66.064 Thread 0x00000000194aa000 2397       3       com.sun.javafx.event.EventRedirector::dispatchCapturingEvent (52 bytes)
Event: 66.065 Thread 0x00000000194aa000 nmethod 2397 0x0000000002e1b550 code [0x0000000002e1b720, 0x0000000002e1bdf8]
Event: 66.067 Thread 0x00000000194aa000 2399       3       java.util.concurrent.locks.AbstractQueuedSynchronizer::unparkSuccessor (84 bytes)
Event: 66.069 Thread 0x00000000194aa000 nmethod 2399 0x0000000002e1bfd0 code [0x0000000002e1c160, 0x0000000002e1c6a8]
Event: 66.069 Thread 0x00000000194aa000 2400       3       javafx.scene.layout.Region::impl_updatePeer (540 bytes)

GC Heap History (2 events):
Event: 0.839 GC heap before
{Heap before GC invocations=1 (full 0):
 PSYoungGen      total 37888K, used 32768K [0x00000000d6600000, 0x00000000d9000000, 0x0000000100000000)
  eden space 32768K, 100% used [0x00000000d6600000,0x00000000d8600000,0x00000000d8600000)
  from space 5120K, 0% used [0x00000000d8b00000,0x00000000d8b00000,0x00000000d9000000)
  to   space 5120K, 0% used [0x00000000d8600000,0x00000000d8600000,0x00000000d8b00000)
 ParOldGen       total 86016K, used 0K [0x0000000083200000, 0x0000000088600000, 0x00000000d6600000)
  object space 86016K, 0% used [0x0000000083200000,0x0000000083200000,0x0000000088600000)
 Metaspace       used 16599K, capacity 17554K, committed 17920K, reserved 1064960K
  class space    used 2463K, capacity 2692K, committed 2816K, reserved 1048576K
Event: 0.845 GC heap after
Heap after GC invocations=1 (full 0):
 PSYoungGen      total 37888K, used 4928K [0x00000000d6600000, 0x00000000d9000000, 0x0000000100000000)
  eden space 32768K, 0% used [0x00000000d6600000,0x00000000d6600000,0x00000000d8600000)
  from space 5120K, 96% used [0x00000000d8600000,0x00000000d8ad0040,0x00000000d8b00000)
  to   space 5120K, 0% used [0x00000000d8b00000,0x00000000d8b00000,0x00000000d9000000)
 ParOldGen       total 86016K, used 88K [0x0000000083200000, 0x0000000088600000, 0x00000000d6600000)
  object space 86016K, 0% used [0x0000000083200000,0x0000000083216010,0x0000000088600000)
 Metaspace       used 16599K, capacity 17554K, committed 17920K, reserved 1064960K
  class space    used 2463K, capacity 2692K, committed 2816K, reserved 1048576K
}

Deoptimization events (10 events):
Event: 2.433 Thread 0x000000001a2e9000 Uncommon trap: reason=array_check action=maybe_recompile pc=0x0000000002c1594c method=com.sun.javafx.css.SimpleSelector.applies(Ljavafx/css/Styleable;[Ljava/util/Set;I)Z @ 37
Event: 2.433 Thread 0x000000001a2e9000 Uncommon trap: reason=array_check action=maybe_recompile pc=0x0000000002c1594c method=com.sun.javafx.css.SimpleSelector.applies(Ljavafx/css/Styleable;[Ljava/util/Set;I)Z @ 37
Event: 2.433 Thread 0x000000001a2e9000 Uncommon trap: reason=array_check action=maybe_recompile pc=0x0000000002c1594c method=com.sun.javafx.css.SimpleSelector.applies(Ljavafx/css/Styleable;[Ljava/util/Set;I)Z @ 37
Event: 2.433 Thread 0x000000001a2e9000 Uncommon trap: reason=array_check action=maybe_recompile pc=0x0000000002c1594c method=com.sun.javafx.css.SimpleSelector.applies(Ljavafx/css/Styleable;[Ljava/util/Set;I)Z @ 37
Event: 2.438 Thread 0x000000001a2e9000 Uncommon trap: reason=unstable_if action=reinterpret pc=0x0000000002ab884c method=com.sun.javafx.css.BitSet.add(Ljava/lang/Object;)Z @ 91
Event: 2.455 Thread 0x000000001a2e9000 Uncommon trap: reason=array_check action=maybe_recompile pc=0x0000000002c54b90 method=com.sun.javafx.css.SimpleSelector.applies(Ljavafx/css/Styleable;[Ljava/util/Set;I)Z @ 37
Event: 2.495 Thread 0x000000001a2ae000 Uncommon trap: reason=unstable_if action=reinterpret pc=0x0000000002c81284 method=com.sun.javafx.geom.RectBounds.isEmpty()Z @ 21
Event: 3.968 Thread 0x000000001a2e9000 Uncommon trap: reason=class_check action=maybe_recompile pc=0x0000000002c7fab0 method=javafx.scene.CssStyleHelper.lookup(Ljavafx/css/Styleable;Ljavafx/css/CssMetaData;Lcom/sun/javafx/css/StyleMap;Ljava/util/Set;Ljavafx/css/Styleable;Lcom/sun/javafx/css/Ca
Event: 3.970 Thread 0x000000001a2e9000 Uncommon trap: reason=class_check action=maybe_recompile pc=0x0000000002c7fab0 method=javafx.scene.CssStyleHelper.lookup(Ljavafx/css/Styleable;Ljavafx/css/CssMetaData;Lcom/sun/javafx/css/StyleMap;Ljava/util/Set;Ljavafx/css/Styleable;Lcom/sun/javafx/css/Ca
Event: 3.970 Thread 0x000000001a2e9000 Uncommon trap: reason=unstable_if action=reinterpret pc=0x0000000002c7fa18 method=javafx.scene.CssStyleHelper.lookup(Ljavafx/css/Styleable;Ljavafx/css/CssMetaData;Lcom/sun/javafx/css/StyleMap;Ljava/util/Set;Ljavafx/css/Styleable;Lcom/sun/javafx/css/Calcul

Internal exceptions (10 events):
Event: 4.991 Thread 0x000000001a2e9000 Exception <a 'java/lang/NullPointerException'> (0x00000000d71d22b0) thrown at [C:\re\workspace\8-2-build-windows-amd64-cygwin\jdk8u121\8372\hotspot\src\share\vm\interpreter\linkResolver.cpp, line 1178]
Event: 4.991 Thread 0x000000001a2e9000 Exception <a 'java/lang/NullPointerException'> (0x00000000d71d22b0) thrown at [C:\re\workspace\8-2-build-windows-amd64-cygwin\jdk8u121\8372\hotspot\src\share\vm\prims\jvm.cpp, line 1394]
Event: 4.993 Thread 0x000000001a2e9000 Exception <a 'java/lang/NullPointerException'> (0x00000000d71df9c8) thrown at [C:\re\workspace\8-2-build-windows-amd64-cygwin\jdk8u121\8372\hotspot\src\share\vm\interpreter\linkResolver.cpp, line 1178]
Event: 4.993 Thread 0x000000001a2e9000 Exception <a 'java/lang/NullPointerException'> (0x00000000d71df9c8) thrown at [C:\re\workspace\8-2-build-windows-amd64-cygwin\jdk8u121\8372\hotspot\src\share\vm\prims\jvm.cpp, line 1394]
Event: 5.008 Thread 0x000000001a2e9000 Exception <a 'java/lang/NullPointerException'> (0x00000000d71ed3a8) thrown at [C:\re\workspace\8-2-build-windows-amd64-cygwin\jdk8u121\8372\hotspot\src\share\vm\interpreter\linkResolver.cpp, line 1178]
Event: 5.008 Thread 0x000000001a2e9000 Exception <a 'java/lang/NullPointerException'> (0x00000000d71ed3a8) thrown at [C:\re\workspace\8-2-build-windows-amd64-cygwin\jdk8u121\8372\hotspot\src\share\vm\prims\jvm.cpp, line 1394]
Event: 5.014 Thread 0x000000001a2e9000 Exception <a 'java/lang/NullPointerException'> (0x00000000d71faac0) thrown at [C:\re\workspace\8-2-build-windows-amd64-cygwin\jdk8u121\8372\hotspot\src\share\vm\interpreter\linkResolver.cpp, line 1178]
Event: 5.014 Thread 0x000000001a2e9000 Exception <a 'java/lang/NullPointerException'> (0x00000000d71faac0) thrown at [C:\re\workspace\8-2-build-windows-amd64-cygwin\jdk8u121\8372\hotspot\src\share\vm\prims\jvm.cpp, line 1394]
Event: 5.025 Thread 0x000000001a2e9000 Exception <a 'java/lang/NullPointerException'> (0x00000000d7208790) thrown at [C:\re\workspace\8-2-build-windows-amd64-cygwin\jdk8u121\8372\hotspot\src\share\vm\interpreter\linkResolver.cpp, line 1178]
Event: 5.025 Thread 0x000000001a2e9000 Exception <a 'java/lang/NullPointerException'> (0x00000000d7208790) thrown at [C:\re\workspace\8-2-build-windows-amd64-cygwin\jdk8u121\8372\hotspot\src\share\vm\prims\jvm.cpp, line 1394]

Events (10 events):
Event: 4.137 loading class java/util/IdentityHashMap$KeySet
Event: 4.137 loading class java/util/IdentityHashMap$KeySet done
Event: 4.344 loading class sun/reflect/BootstrapConstructorAccessorImpl
Event: 4.345 loading class sun/reflect/BootstrapConstructorAccessorImpl done
Event: 4.382 Executing VM operation: BulkRevokeBias
Event: 4.382 Executing VM operation: BulkRevokeBias done
Event: 4.884 Executing VM operation: BulkRevokeBias
Event: 4.884 Executing VM operation: BulkRevokeBias done
Event: 5.031 loading class eg/edu/alexu/csd/oop/draw/Controller$1
Event: 5.031 loading class eg/edu/alexu/csd/oop/draw/Controller$1 done


Dynamic libraries:
0x00007ff6921a0000 - 0x00007ff6921d7000 	C:\Program Files\Java\jre1.8.0_121\bin\javaw.exe
0x00007fffa0d60000 - 0x00007fffa0f3b000 	C:\WINDOWS\SYSTEM32\ntdll.dll
0x00007fff9f880000 - 0x00007fff9f92e000 	C:\WINDOWS\System32\KERNEL32.DLL
0x00007fff9dde0000 - 0x00007fff9e029000 	C:\WINDOWS\System32\KERNELBASE.dll
0x00007fff9f930000 - 0x00007fff9f9d1000 	C:\WINDOWS\System32\ADVAPI32.dll
0x00007fffa03c0000 - 0x00007fffa045d000 	C:\WINDOWS\System32\msvcrt.dll
0x00007fff9f780000 - 0x00007fff9f7d9000 	C:\WINDOWS\System32\sechost.dll
0x00007fffa0050000 - 0x00007fffa0175000 	C:\WINDOWS\System32\RPCRT4.dll
0x00007fff9ff00000 - 0x00007fffa004a000 	C:\WINDOWS\System32\USER32.dll
0x00007fff9d280000 - 0x00007fff9d29e000 	C:\WINDOWS\System32\win32u.dll
0x00007fff9fec0000 - 0x00007fff9fee7000 	C:\WINDOWS\System32\GDI32.dll
0x00007fff9e090000 - 0x00007fff9e217000 	C:\WINDOWS\System32\gdi32full.dll
0x00007fff9e220000 - 0x00007fff9e2ba000 	C:\WINDOWS\System32\msvcp_win.dll
0x00007fff9dce0000 - 0x00007fff9ddd6000 	C:\WINDOWS\System32\ucrtbase.dll
0x00007fff8ffd0000 - 0x00007fff90237000 	C:\WINDOWS\WinSxS\amd64_microsoft.windows.common-controls_6595b64144ccf1df_6.0.15063.483_none_26002d27e7c744a2\COMCTL32.dll
0x00007fff9fb00000 - 0x00007fff9fdf9000 	C:\WINDOWS\System32\combase.dll
0x00007fff9d570000 - 0x00007fff9d5da000 	C:\WINDOWS\System32\bcryptPrimitives.dll
0x00007fffa0a10000 - 0x00007fffa0a3d000 	C:\WINDOWS\System32\IMM32.DLL
0x0000000076100000 - 0x00000000761d2000 	C:\Program Files\Java\jre1.8.0_121\bin\msvcr100.dll
0x00000000763a0000 - 0x0000000076c3b000 	C:\Program Files\Java\jre1.8.0_121\bin\server\jvm.dll
0x00007fff9fef0000 - 0x00007fff9fef8000 	C:\WINDOWS\System32\PSAPI.DLL
0x00007fff8dcc0000 - 0x00007fff8dcc9000 	C:\WINDOWS\SYSTEM32\WSOCK32.dll
0x00007fff943c0000 - 0x00007fff943e3000 	C:\WINDOWS\SYSTEM32\WINMM.dll
0x00007fff93600000 - 0x00007fff9360a000 	C:\WINDOWS\SYSTEM32\VERSION.dll
0x00007fffa02d0000 - 0x00007fffa033c000 	C:\WINDOWS\System32\WS2_32.dll
0x00007fff94220000 - 0x00007fff9424b000 	C:\WINDOWS\SYSTEM32\winmmbase.dll
0x00007fff9d350000 - 0x00007fff9d399000 	C:\WINDOWS\System32\cfgmgr32.dll
0x00000000762b0000 - 0x00000000762bf000 	C:\Program Files\Java\jre1.8.0_121\bin\verify.dll
0x0000000076280000 - 0x00000000762a9000 	C:\Program Files\Java\jre1.8.0_121\bin\java.dll
0x0000000076260000 - 0x0000000076276000 	C:\Program Files\Java\jre1.8.0_121\bin\zip.dll
0x00007fff9e340000 - 0x00007fff9f776000 	C:\WINDOWS\System32\SHELL32.dll
0x00007fffa0aa0000 - 0x00007fffa0b4a000 	C:\WINDOWS\System32\shcore.dll
0x00007fff9d5e0000 - 0x00007fff9dcd1000 	C:\WINDOWS\System32\windows.storage.dll
0x00007fffa0340000 - 0x00007fffa0391000 	C:\WINDOWS\System32\shlwapi.dll
0x00007fff9d1f0000 - 0x00007fff9d201000 	C:\WINDOWS\System32\kernel.appcore.dll
0x00007fff9d230000 - 0x00007fff9d27c000 	C:\WINDOWS\System32\powrprof.dll
0x00007fff9d1d0000 - 0x00007fff9d1e5000 	C:\WINDOWS\System32\profapi.dll
0x00007fff5fee0000 - 0x00007fff5ffcf000 	C:\Program Files\Java\jre1.8.0_121\bin\msvcr120.dll
0x00007fff68070000 - 0x00007fff68116000 	C:\Program Files\Java\jre1.8.0_121\bin\msvcp120.dll
0x00000000760d0000 - 0x00000000760f2000 	C:\Program Files\Java\jre1.8.0_121\bin\prism_d3d.dll
0x00007fff5fd50000 - 0x00007fff5fed9000 	C:\WINDOWS\system32\d3d9.dll
0x00007fff90470000 - 0x00007fff9049a000 	C:\WINDOWS\SYSTEM32\dwmapi.dll
0x00007fff9bab0000 - 0x00007fff9bb45000 	C:\WINDOWS\system32\uxtheme.dll
0x00007fff5bf00000 - 0x00007fff5dd93000 	C:\WINDOWS\SYSTEM32\igdumdim64.dll
0x00007fffa05d0000 - 0x00007fffa0a0b000 	C:\WINDOWS\System32\SETUPAPI.dll
0x00007fff9fe00000 - 0x00007fff9fec0000 	C:\WINDOWS\System32\OLEAUT32.dll
0x00007fffa0180000 - 0x00007fffa02c5000 	C:\WINDOWS\System32\ole32.dll
0x0000000076080000 - 0x00000000760c3000 	C:\Program Files\Java\jre1.8.0_121\bin\glass.dll
0x00007fff9f9e0000 - 0x00007fff9fae8000 	C:\WINDOWS\System32\COMDLG32.dll
0x00007fffa0460000 - 0x00007fffa05c6000 	C:\WINDOWS\System32\MSCTF.dll
0x00007fff8bd10000 - 0x00007fff8cb82000 	C:\WINDOWS\SYSTEM32\igc64.dll
0x0000000077e60000 - 0x0000000077ff8000 	C:\Program Files\Java\jre1.8.0_121\bin\awt.dll
0x00007fff9b880000 - 0x00007fff9b8fe000 	C:\WINDOWS\SYSTEM32\apphelp.dll
0x0000000077e40000 - 0x0000000077e54000 	C:\Program Files\Java\jre1.8.0_121\bin\javafx_font.dll
0x00007fff898c0000 - 0x00007fff89b7f000 	C:\WINDOWS\SYSTEM32\dwrite.dll
0x00007fff9f7e0000 - 0x00007fff9f87e000 	C:\WINDOWS\System32\clbcatq.dll
0x00007fff8e1c0000 - 0x00007fff8e36c000 	C:\WINDOWS\SYSTEM32\WindowsCodecs.dll
0x00007fff80160000 - 0x00007fff801a7000 	C:\WINDOWS\system32\dataexchange.dll
0x00007fff9a5f0000 - 0x00007fff9a8cf000 	C:\WINDOWS\system32\d3d11.dll
0x00007fff9b3b0000 - 0x00007fff9b4d2000 	C:\WINDOWS\system32\dcomp.dll
0x00007fff9c120000 - 0x00007fff9c1c4000 	C:\WINDOWS\system32\dxgi.dll
0x00007fff9bc60000 - 0x00007fff9bdd0000 	C:\WINDOWS\system32\twinapi.appcore.dll
0x00007fff9cd90000 - 0x00007fff9cdb5000 	C:\WINDOWS\system32\bcrypt.dll
0x00007fff86cf0000 - 0x00007fff86d21000 	C:\Program Files\Common Files\Microsoft Shared\Ink\rtscom.dll
0x00007fff8b600000 - 0x00007fff8b682000 	C:\WINDOWS\System32\TextInputFramework.dll
0x00007fff8dee0000 - 0x00007fff8e1b2000 	C:\WINDOWS\System32\CoreUIComponents.dll
0x00007fff9b2c0000 - 0x00007fff9b3a3000 	C:\WINDOWS\System32\CoreMessaging.dll
0x00007fff9c3e0000 - 0x00007fff9c411000 	C:\WINDOWS\SYSTEM32\ntmarta.dll
0x00007fff98e30000 - 0x00007fff98f69000 	C:\WINDOWS\SYSTEM32\wintypes.dll
0x00007fff9a260000 - 0x00007fff9a275000 	C:\WINDOWS\SYSTEM32\usermgrcli.dll
0x0000000077e20000 - 0x0000000077e31000 	C:\Program Files\Java\jre1.8.0_121\bin\prism_common.dll

VM Arguments:
jvm_args: -Dfile.encoding=Cp1252 
java_command: eg.edu.alexu.csd.oop.draw.Main
java_class_path (initial): C:\Users\mohamed kamal\workspace\Paint_GUI\bin;C:\Users\mohamed kamal\.p2\pool\plugins\org.eclipse.fx.ide.css.jfx8_2.4.0.201605112122.jar
Launcher Type: SUN_STANDARD

Environment Variables:
PATH=C:/Program Files/Java/jre1.8.0_121/bin/server;C:/Program Files/Java/jre1.8.0_121/bin;C:/Program Files/Java/jre1.8.0_121/lib/amd64;C:\Program Files\ImageMagick-6.9.8-Q16-HDRI;C:\ProgramData\Oracle\Java\javapath;C:\WINDOWS\system32;C:\WINDOWS;C:\WINDOWS\System32\Wbem;C:\WINDOWS\System32\WindowsPowerShell\v1.0\;C:\Program Files\Microsoft SQL Server\130\Tools\Binn\;C:\Program Files\Git\cmd;C:\RailsInstaller\Ruby2.2.0\bin;C:\Program Files\dotnet\;Z:\Git\cmd;C:\Program Files\Java\jdk1.8.0_121\bin;C:\RailsInstaller\Git\cmd;C:\RailsInstaller\Ruby2.2.0\bin;D:\Ruby23-x64\bin;C:\Users\mohamed kamal\AppData\Local\Microsoft\WindowsApps;C:\Users\mohamed kamal\workspace\Stack2\src\eg\edu\alexu\csd\datastructure\stack\cs58;Z:\Heroku\bin;C:\WINDOWS\system32;
USERNAME=mohamed kamal
OS=Windows_NT
PROCESSOR_IDENTIFIER=Intel64 Family 6 Model 94 Stepping 3, GenuineIntel



---------------  S Y S T E M  ---------------

OS: Windows 10.0 , 64 bit Build 15063 (10.0.15063.296)

CPU:total 8 (4 cores per cpu, 2 threads per core) family 6 model 94 stepping 3, cmov, cx8, fxsr, mmx, sse, sse2, sse3, ssse3, sse4.1, sse4.2, popcnt, avx, avx2, aes, clmul, erms, rtm, 3dnowpref, lzcnt, ht, tsc, tscinvbit, bmi1, bmi2, adx

Memory: 4k page, physical 8178536k(4154444k free), swap 8741736k(5060k free)

vm_info: Java HotSpot(TM) 64-Bit Server VM (25.121-b13) for windows-amd64 JRE (1.8.0_121-b13), built on Dec 12 2016 18:21:36 by "java_re" with MS VC++ 10.0 (VS2010)

time: Wed Nov 15 13:09:12 2017
elapsed time: 66 seconds (0d 0h 1m 6s)

