#
# There is insufficient memory for the Java Runtime Environment to continue.
# Native memory allocation (malloc) failed to allocate 1672176 bytes for Chunk::new
# Possible reasons:
#   The system is out of physical RAM or swap space
#   In 32 bit mode, the process size limit was hit
# Possible solutions:
#   Reduce memory load on the system
#   Increase physical memory or swap space
#   Check if swap backing store is full
#   Use 64 bit Java on a 64 bit OS
#   Decrease Java heap size (-Xmx/-Xms)
#   Decrease number of Java threads
#   Decrease Java thread stack sizes (-Xss)
#   Set larger code cache with -XX:ReservedCodeCacheSize=
# This output file may be truncated or incomplete.
#
#  Out of Memory Error (allocation.cpp:390), pid=14124, tid=0x0000000000001e90
#
# JRE version: Java(TM) SE Runtime Environment (8.0_121-b13) (build 1.8.0_121-b13)
# Java VM: Java HotSpot(TM) 64-Bit Server VM (25.121-b13 mixed mode windows-amd64 compressed oops)
# Failed to write core dump. Minidumps are not enabled by default on client versions of Windows
#

---------------  T H R E A D  ---------------

Current thread (0x0000000019a05000):  JavaThread "C2 CompilerThread2" daemon [_thread_in_native, id=7824, stack(0x000000001a3c0000,0x000000001a4c0000)]

Stack: [0x000000001a3c0000,0x000000001a4c0000]
[error occurred during error reporting (printing stack bounds), id 0xc0000005]

Native frames: (J=compiled Java code, j=interpreted, Vv=VM code, C=native code)


Current CompileTask:
C2:  15730 3288   !   4       javafx.scene.CssStyleHelper::transitionToState (1075 bytes)


---------------  P R O C E S S  ---------------

Java Threads: ( => current thread )
  0x000000001ad52000 JavaThread "Prism Font Disposer" daemon [_thread_blocked, id=9884, stack(0x0000000023760000,0x0000000023860000)]
  0x000000001a8dd800 JavaThread "Thread-3" daemon [_thread_in_native, id=10228, stack(0x000000001f940000,0x000000001fa40000)]
  0x000000001a8d1000 JavaThread "JavaFX-Launcher" [_thread_blocked, id=12448, stack(0x000000001fa40000,0x000000001fb40000)]
  0x000000001a84f000 JavaThread "JavaFX Application Thread" [_thread_in_native, id=11780, stack(0x000000001b3b0000,0x000000001b4b0000)]
  0x000000001a848800 JavaThread "Thread-1" daemon [_thread_blocked, id=1904, stack(0x000000001b2b0000,0x000000001b3b0000)]
  0x000000001a831000 JavaThread "QuantumRenderer-0" daemon [_thread_blocked, id=8588, stack(0x000000001afc0000,0x000000001b0c0000)]
  0x0000000019aa7000 JavaThread "Service Thread" daemon [_thread_blocked, id=1472, stack(0x000000001a5c0000,0x000000001a6c0000)]
  0x0000000019a07000 JavaThread "C1 CompilerThread3" daemon [_thread_blocked, id=10824, stack(0x000000001a4c0000,0x000000001a5c0000)]
=>0x0000000019a05000 JavaThread "C2 CompilerThread2" daemon [_thread_in_native, id=7824, stack(0x000000001a3c0000,0x000000001a4c0000)]
  0x00000000199fc000 JavaThread "C2 CompilerThread1" daemon [_thread_blocked, id=2224, stack(0x000000001a2c0000,0x000000001a3c0000)]
  0x00000000199f8000 JavaThread "C2 CompilerThread0" daemon [_thread_blocked, id=9492, stack(0x000000001a1c0000,0x000000001a2c0000)]
  0x00000000199f6800 JavaThread "Attach Listener" daemon [_thread_blocked, id=5540, stack(0x000000001a0c0000,0x000000001a1c0000)]
  0x00000000199f5000 JavaThread "Signal Dispatcher" daemon [_thread_blocked, id=4108, stack(0x0000000019fc0000,0x000000001a0c0000)]
  0x00000000199f0800 JavaThread "Finalizer" daemon [_thread_blocked, id=14200, stack(0x0000000019dd0000,0x0000000019ed0000)]
  0x0000000002c46000 JavaThread "Reference Handler" daemon [_thread_blocked, id=7244, stack(0x00000000198d0000,0x00000000199d0000)]
  0x0000000002b50800 JavaThread "main" [_thread_blocked, id=2088, stack(0x00000000029a0000,0x0000000002aa0000)]

Other Threads:
  0x0000000017ae9000 VMThread [stack: 0x00000000197d0000,0x00000000198d0000] [id=6448]
  0x0000000019aaa800 WatcherThread [stack: 0x000000001a6c0000,0x000000001a7c0000] [id=8060]

VM state:not at safepoint (normal execution)

VM Mutex/Monitor currently owned by a thread: None

Heap:
 PSYoungGen      total 37888K, used 23805K [0x00000000d6600000, 0x00000000d9000000, 0x0000000100000000)
  eden space 32768K, 57% used [0x00000000d6600000,0x00000000d7867770,0x00000000d8600000)
  from space 5120K, 96% used [0x00000000d8600000,0x00000000d8ad8020,0x00000000d8b00000)
  to   space 5120K, 0% used [0x00000000d8b00000,0x00000000d8b00000,0x00000000d9000000)
 ParOldGen       total 86016K, used 80K [0x0000000083200000, 0x0000000088600000, 0x00000000d6600000)
  object space 86016K, 0% used [0x0000000083200000,0x0000000083214010,0x0000000088600000)
 Metaspace       used 19325K, capacity 20522K, committed 20736K, reserved 1067008K
  class space    used 2692K, capacity 2960K, committed 3072K, reserved 1048576K

Card table byte_map: [0x0000000012010000,0x0000000012400000] byte_map_base: 0x0000000011bf7000

Marking Bits: (ParMarkBitMap*) 0x0000000068f8b6d0
 Begin Bits: [0x0000000012ea0000, 0x0000000014dd8000)
 End Bits:   [0x0000000014dd8000, 0x0000000016d10000)

Polling page: 0x00000000028b0000

CodeCache: size=245760Kb used=10328Kb max_used=10332Kb free=235431Kb
 bounds [0x0000000002c50000, 0x0000000003670000, 0x0000000011c50000]
 total_blobs=3953 nmethods=3288 adapters=576
 compilation: enabled

Compilation events (10 events):
Event: 15.357 Thread 0x0000000019a07000 nmethod 3284 0x0000000003668d90 code [0x0000000003668f00, 0x0000000003669198]
Event: 15.357 Thread 0x00000000199f8000 3285       4       com.sun.prism.impl.ManagedResource::_isgone (42 bytes)
Event: 15.360 Thread 0x00000000199f8000 nmethod 3285 0x000000000366bf50 code [0x000000000366c0a0, 0x000000000366c178]
Event: 15.492 Thread 0x0000000019a07000 3286       3       com.sun.scenario.animation.AbstractMasterTimer$MainLoop::updateAnimationRunnable (61 bytes)
Event: 15.493 Thread 0x0000000019a07000 nmethod 3286 0x000000000366b990 code [0x000000000366bb00, 0x000000000366be88]
Event: 15.493 Thread 0x0000000019a07000 3287       3       com.sun.javafx.css.BitSet::remove (171 bytes)
Event: 15.494 Thread 0x0000000019a07000 nmethod 3287 0x000000000366a5d0 code [0x000000000366a7e0, 0x000000000366b428]
Event: 15.500 Thread 0x0000000019a05000 3288   !   4       javafx.scene.CssStyleHelper::transitionToState (1075 bytes)
Event: 15.692 Thread 0x0000000019a07000 3289       3       com.sun.javafx.animation.TickCalculation::fromNano (10 bytes)
Event: 15.692 Thread 0x0000000019a07000 nmethod 3289 0x000000000366a210 code [0x000000000366a3a0, 0x000000000366a528]

GC Heap History (2 events):
Event: 0.848 GC heap before
{Heap before GC invocations=1 (full 0):
 PSYoungGen      total 37888K, used 32768K [0x00000000d6600000, 0x00000000d9000000, 0x0000000100000000)
  eden space 32768K, 100% used [0x00000000d6600000,0x00000000d8600000,0x00000000d8600000)
  from space 5120K, 0% used [0x00000000d8b00000,0x00000000d8b00000,0x00000000d9000000)
  to   space 5120K, 0% used [0x00000000d8600000,0x00000000d8600000,0x00000000d8b00000)
 ParOldGen       total 86016K, used 0K [0x0000000083200000, 0x0000000088600000, 0x00000000d6600000)
  object space 86016K, 0% used [0x0000000083200000,0x0000000083200000,0x0000000088600000)
 Metaspace       used 16380K, capacity 17290K, committed 17536K, reserved 1064960K
  class space    used 2437K, capacity 2658K, committed 2688K, reserved 1048576K
Event: 0.853 GC heap after
Heap after GC invocations=1 (full 0):
 PSYoungGen      total 37888K, used 4960K [0x00000000d6600000, 0x00000000d9000000, 0x0000000100000000)
  eden space 32768K, 0% used [0x00000000d6600000,0x00000000d6600000,0x00000000d8600000)
  from space 5120K, 96% used [0x00000000d8600000,0x00000000d8ad8020,0x00000000d8b00000)
  to   space 5120K, 0% used [0x00000000d8b00000,0x00000000d8b00000,0x00000000d9000000)
 ParOldGen       total 86016K, used 80K [0x0000000083200000, 0x0000000088600000, 0x00000000d6600000)
  object space 86016K, 0% used [0x0000000083200000,0x0000000083214010,0x0000000088600000)
 Metaspace       used 16380K, capacity 17290K, committed 17536K, reserved 1064960K
  class space    used 2437K, capacity 2658K, committed 2688K, reserved 1048576K
}

Deoptimization events (10 events):
Event: 5.837 Thread 0x000000001a84f000 Uncommon trap: reason=unstable_if action=reinterpret pc=0x000000000302a90c method=com.sun.javafx.css.BitSet.add(Ljava/lang/Object;)Z @ 91
Event: 5.838 Thread 0x000000001a84f000 Uncommon trap: reason=unstable_if action=reinterpret pc=0x00000000032c535c method=java.lang.StrictMath.floorOrCeil(DDDD)D @ 38
Event: 5.840 Thread 0x000000001a84f000 Uncommon trap: reason=unstable_if action=reinterpret pc=0x0000000003317594 method=com.sun.javafx.css.StyleManager$CacheContainer.getStyleMap(I)Lcom/sun/javafx/css/StyleMap; @ 9
Event: 5.860 Thread 0x000000001a84f000 Uncommon trap: reason=class_check action=maybe_recompile pc=0x00000000032f435c method=javafx.scene.Node.updateLocalToParentTransform()V @ 11
Event: 5.861 Thread 0x000000001a84f000 Uncommon trap: reason=class_check action=maybe_recompile pc=0x00000000032f435c method=javafx.scene.Node.updateLocalToParentTransform()V @ 11
Event: 5.861 Thread 0x000000001a84f000 Uncommon trap: reason=class_check action=maybe_recompile pc=0x00000000032f435c method=javafx.scene.Node.updateLocalToParentTransform()V @ 11
Event: 5.861 Thread 0x000000001a84f000 Uncommon trap: reason=class_check action=maybe_recompile pc=0x00000000032f435c method=javafx.scene.Node.updateLocalToParentTransform()V @ 11
Event: 5.870 Thread 0x000000001a84f000 Uncommon trap: reason=unstable_if action=reinterpret pc=0x000000000327a504 method=javafx.scene.Node.updateBounds()V @ 106
Event: 5.877 Thread 0x000000001a831000 Uncommon trap: reason=unstable_if action=reinterpret pc=0x000000000323fbc4 method=com.sun.javafx.geom.RectBounds.isEmpty()Z @ 21
Event: 6.495 Thread 0x000000001a831000 Uncommon trap: reason=unstable_if action=reinterpret pc=0x00000000032889c4 method=java.lang.Math.round(F)I @ 36

Internal exceptions (10 events):
Event: 0.366 Thread 0x000000001a84f000 Exception <a 'java/lang/NullPointerException'> (0x00000000d72acca8) thrown at [C:\re\workspace\8-2-build-windows-amd64-cygwin\jdk8u121\8372\hotspot\src\share\vm\prims\jvm.cpp, line 1394]
Event: 0.481 Thread 0x000000001a84f000 Exception <a 'java/lang/ArrayIndexOutOfBoundsException'> (0x00000000d7888d28) thrown at [C:\re\workspace\8-2-build-windows-amd64-cygwin\jdk8u121\8372\hotspot\src\share\vm\runtime\sharedRuntime.cpp, line 605]
Event: 0.481 Thread 0x000000001a84f000 Exception <a 'java/lang/ArrayIndexOutOfBoundsException'> (0x00000000d7889a58) thrown at [C:\re\workspace\8-2-build-windows-amd64-cygwin\jdk8u121\8372\hotspot\src\share\vm\runtime\sharedRuntime.cpp, line 605]
Event: 0.481 Thread 0x000000001a84f000 Exception <a 'java/lang/ArrayIndexOutOfBoundsException'> (0x00000000d788ae00) thrown at [C:\re\workspace\8-2-build-windows-amd64-cygwin\jdk8u121\8372\hotspot\src\share\vm\runtime\sharedRuntime.cpp, line 605]
Event: 0.484 Thread 0x000000001a84f000 Exception <a 'java/lang/ArrayIndexOutOfBoundsException'> (0x00000000d7897908) thrown at [C:\re\workspace\8-2-build-windows-amd64-cygwin\jdk8u121\8372\hotspot\src\share\vm\runtime\sharedRuntime.cpp, line 605]
Event: 0.485 Thread 0x000000001a84f000 Exception <a 'java/lang/ArrayIndexOutOfBoundsException'> (0x00000000d78a0de0) thrown at [C:\re\workspace\8-2-build-windows-amd64-cygwin\jdk8u121\8372\hotspot\src\share\vm\runtime\sharedRuntime.cpp, line 605]
Event: 0.505 Thread 0x000000001a84f000 Exception <a 'java/lang/ArrayIndexOutOfBoundsException'> (0x00000000d7984558) thrown at [C:\re\workspace\8-2-build-windows-amd64-cygwin\jdk8u121\8372\hotspot\src\share\vm\runtime\sharedRuntime.cpp, line 605]
Event: 0.540 Thread 0x000000001a84f000 Implicit null exception at 0x0000000002eabfb5 to 0x0000000002eac1c5
Event: 0.653 Thread 0x000000001a84f000 Exception <a 'java/io/FileNotFoundException'> (0x00000000d7e5ac50) thrown at [C:\re\workspace\8-2-build-windows-amd64-cygwin\jdk8u121\8372\hotspot\src\share\vm\prims\jni.cpp, line 709]
Event: 0.858 Thread 0x000000001a84f000 Implicit null exception at 0x0000000003084d3e to 0x0000000003085325

Events (10 events):
Event: 9.557 Thread 0x000000001a84f000 DEOPT PACKING pc=0x00000000030a157e sp=0x000000001b4abf50
Event: 9.557 Thread 0x000000001a84f000 DEOPT UNPACKING pc=0x0000000002c9787f sp=0x000000001b4abcb0 mode 0
Event: 9.575 Executing VM operation: RevokeBias
Event: 9.575 Executing VM operation: RevokeBias done
Event: 9.575 Executing VM operation: RevokeBias
Event: 9.575 Executing VM operation: RevokeBias done
Event: 11.837 loading class com/sun/javafx/geom/LineIterator
Event: 11.837 loading class com/sun/javafx/geom/LineIterator done
Event: 11.841 loading class com/sun/javafx/geom/RoundRectIterator
Event: 11.841 loading class com/sun/javafx/geom/RoundRectIterator done


Dynamic libraries:
0x00007ff797740000 - 0x00007ff797777000 	C:\Program Files\Java\jre1.8.0_121\bin\javaw.exe
0x00007ffbe7000000 - 0x00007ffbe71db000 	C:\WINDOWS\SYSTEM32\ntdll.dll
0x00007ffbe4c80000 - 0x00007ffbe4d2e000 	C:\WINDOWS\System32\KERNEL32.DLL
0x00007ffbe3590000 - 0x00007ffbe37d9000 	C:\WINDOWS\System32\KERNELBASE.dll
0x00007ffbe5060000 - 0x00007ffbe5101000 	C:\WINDOWS\System32\ADVAPI32.dll
0x00007ffbe4e20000 - 0x00007ffbe4ebd000 	C:\WINDOWS\System32\msvcrt.dll
0x00007ffbe5950000 - 0x00007ffbe59a9000 	C:\WINDOWS\System32\sechost.dll
0x00007ffbe54b0000 - 0x00007ffbe55d5000 	C:\WINDOWS\System32\RPCRT4.dll
0x00007ffbe6e10000 - 0x00007ffbe6f5a000 	C:\WINDOWS\System32\USER32.dll
0x00007ffbe4030000 - 0x00007ffbe404e000 	C:\WINDOWS\System32\win32u.dll
0x00007ffbe5760000 - 0x00007ffbe5787000 	C:\WINDOWS\System32\GDI32.dll
0x00007ffbe4370000 - 0x00007ffbe44f7000 	C:\WINDOWS\System32\gdi32full.dll
0x00007ffbe3f90000 - 0x00007ffbe402a000 	C:\WINDOWS\System32\msvcp_win.dll
0x00007ffbe4270000 - 0x00007ffbe4366000 	C:\WINDOWS\System32\ucrtbase.dll
0x00007ffbd3d80000 - 0x00007ffbd3fe7000 	C:\WINDOWS\WinSxS\amd64_microsoft.windows.common-controls_6595b64144ccf1df_6.0.15063.483_none_26002d27e7c744a2\COMCTL32.dll
0x00007ffbe51b0000 - 0x00007ffbe54a9000 	C:\WINDOWS\System32\combase.dll
0x00007ffbe3520000 - 0x00007ffbe358a000 	C:\WINDOWS\System32\bcryptPrimitives.dll
0x00007ffbe4d90000 - 0x00007ffbe4dbd000 	C:\WINDOWS\System32\IMM32.DLL
0x000000006a290000 - 0x000000006a362000 	C:\Program Files\Java\jre1.8.0_121\bin\msvcr100.dll
0x0000000068770000 - 0x000000006900b000 	C:\Program Files\Java\jre1.8.0_121\bin\server\jvm.dll
0x00007ffbe57f0000 - 0x00007ffbe57f8000 	C:\WINDOWS\System32\PSAPI.DLL
0x00007ffbd8af0000 - 0x00007ffbd8afa000 	C:\WINDOWS\SYSTEM32\VERSION.dll
0x00007ffbdf910000 - 0x00007ffbdf919000 	C:\WINDOWS\SYSTEM32\WSOCK32.dll
0x00007ffbda540000 - 0x00007ffbda563000 	C:\WINDOWS\SYSTEM32\WINMM.dll
0x00007ffbe55e0000 - 0x00007ffbe564c000 	C:\WINDOWS\System32\WS2_32.dll
0x00007ffbda300000 - 0x00007ffbda32b000 	C:\WINDOWS\SYSTEM32\WINMMBASE.dll
0x00007ffbe4050000 - 0x00007ffbe4099000 	C:\WINDOWS\System32\cfgmgr32.dll
0x000000006a440000 - 0x000000006a44f000 	C:\Program Files\Java\jre1.8.0_121\bin\verify.dll
0x000000006a410000 - 0x000000006a439000 	C:\Program Files\Java\jre1.8.0_121\bin\java.dll
0x000000006a3f0000 - 0x000000006a406000 	C:\Program Files\Java\jre1.8.0_121\bin\zip.dll
0x00007ffbe59b0000 - 0x00007ffbe6de7000 	C:\WINDOWS\System32\SHELL32.dll
0x00007ffbe4b10000 - 0x00007ffbe4bba000 	C:\WINDOWS\System32\shcore.dll
0x00007ffbe37e0000 - 0x00007ffbe3ed1000 	C:\WINDOWS\System32\windows.storage.dll
0x00007ffbe4dc0000 - 0x00007ffbe4e11000 	C:\WINDOWS\System32\shlwapi.dll
0x00007ffbe3490000 - 0x00007ffbe34a1000 	C:\WINDOWS\System32\kernel.appcore.dll
0x00007ffbe34b0000 - 0x00007ffbe34fc000 	C:\WINDOWS\System32\powrprof.dll
0x00007ffbe3470000 - 0x00007ffbe3485000 	C:\WINDOWS\System32\profapi.dll
0x00007ffbbbc30000 - 0x00007ffbbbd1f000 	C:\Program Files\Java\jre1.8.0_121\bin\msvcr120.dll
0x00007ffbbbb80000 - 0x00007ffbbbc26000 	C:\Program Files\Java\jre1.8.0_121\bin\msvcp120.dll
0x000000006a260000 - 0x000000006a282000 	C:\Program Files\Java\jre1.8.0_121\bin\prism_d3d.dll
0x00007ffba4c30000 - 0x00007ffba4db9000 	C:\WINDOWS\system32\d3d9.dll
0x00007ffbd0c70000 - 0x00007ffbd0c9a000 	C:\WINDOWS\SYSTEM32\dwmapi.dll
0x00007ffbe1c60000 - 0x00007ffbe1cf5000 	C:\WINDOWS\system32\uxtheme.dll
0x00007ffba6ec0000 - 0x00007ffba8d53000 	C:\WINDOWS\SYSTEM32\igdumdim64.dll
0x00007ffbe46d0000 - 0x00007ffbe4b0b000 	C:\WINDOWS\System32\SETUPAPI.dll
0x00007ffbe4bc0000 - 0x00007ffbe4c80000 	C:\WINDOWS\System32\OLEAUT32.dll
0x00007ffbe5800000 - 0x00007ffbe5945000 	C:\WINDOWS\System32\ole32.dll
0x000000006a210000 - 0x000000006a253000 	C:\Program Files\Java\jre1.8.0_121\bin\glass.dll
0x00007ffbe5650000 - 0x00007ffbe5758000 	C:\WINDOWS\System32\COMDLG32.dll
0x00007ffbe4560000 - 0x00007ffbe46c6000 	C:\WINDOWS\System32\MSCTF.dll
0x00007ffbcd7b0000 - 0x00007ffbce622000 	C:\WINDOWS\SYSTEM32\igc64.dll
0x0000000067ba0000 - 0x0000000067d38000 	C:\Program Files\Java\jre1.8.0_121\bin\awt.dll
0x00007ffbe1b20000 - 0x00007ffbe1b9e000 	C:\WINDOWS\SYSTEM32\apphelp.dll
0x0000000067b80000 - 0x0000000067b94000 	C:\Program Files\Java\jre1.8.0_121\bin\javafx_font.dll
0x00007ffbcfd80000 - 0x00007ffbd003f000 	C:\WINDOWS\SYSTEM32\dwrite.dll
0x00007ffbe5110000 - 0x00007ffbe51ae000 	C:\WINDOWS\System32\clbcatq.dll
0x00007ffbd0410000 - 0x00007ffbd05bc000 	C:\WINDOWS\SYSTEM32\WindowsCodecs.dll
0x00007ffbca870000 - 0x00007ffbca8b7000 	C:\WINDOWS\system32\dataexchange.dll
0x00007ffbe1510000 - 0x00007ffbe1632000 	C:\WINDOWS\system32\dcomp.dll
0x00007ffbe0b90000 - 0x00007ffbe0e6f000 	C:\WINDOWS\system32\d3d11.dll
0x00007ffbe23c0000 - 0x00007ffbe2464000 	C:\WINDOWS\system32\dxgi.dll
0x00007ffbe1f00000 - 0x00007ffbe2070000 	C:\WINDOWS\system32\twinapi.appcore.dll
0x00007ffbe3030000 - 0x00007ffbe3055000 	C:\WINDOWS\system32\bcrypt.dll
0x00007ffbdb0e0000 - 0x00007ffbdb111000 	C:\Program Files\Common Files\Microsoft Shared\Ink\rtscom.dll
0x00007ffbdea20000 - 0x00007ffbdeaa2000 	C:\WINDOWS\System32\TextInputFramework.dll
0x00007ffbe1420000 - 0x00007ffbe1503000 	C:\WINDOWS\System32\CoreMessaging.dll
0x00007ffbd0130000 - 0x00007ffbd0402000 	C:\WINDOWS\System32\CoreUIComponents.dll
0x00007ffbdfcb0000 - 0x00007ffbdfde9000 	C:\WINDOWS\SYSTEM32\wintypes.dll
0x00007ffbdf120000 - 0x00007ffbdf135000 	C:\WINDOWS\SYSTEM32\usermgrcli.dll
0x00007ffbe2680000 - 0x00007ffbe26b1000 	C:\WINDOWS\SYSTEM32\ntmarta.dll
0x0000000068420000 - 0x0000000068431000 	C:\Program Files\Java\jre1.8.0_121\bin\prism_common.dll

VM Arguments:
jvm_args: -Dfile.encoding=Cp1252 
java_command: eg.edu.alexu.csd.oop.draw.cs.gui.Main
java_class_path (initial): C:\Users\mohamed kamal\workspace\Paint_GUI\bin;C:\Program Files (x86)\Java\jdk1.8.0_131\jre\lib\jfxswt.jar
Launcher Type: SUN_STANDARD

Environment Variables:
PATH=C:/Program Files/Java/jre1.8.0_121/bin/server;C:/Program Files/Java/jre1.8.0_121/bin;C:/Program Files/Java/jre1.8.0_121/lib/amd64;C:\Program Files\ImageMagick-6.9.8-Q16-HDRI;C:\ProgramData\Oracle\Java\javapath;C:\WINDOWS\system32;C:\WINDOWS;C:\WINDOWS\System32\Wbem;C:\WINDOWS\System32\WindowsPowerShell\v1.0\;C:\Program Files\Microsoft SQL Server\130\Tools\Binn\;C:\Program Files\Git\cmd;C:\RailsInstaller\Ruby2.2.0\bin;C:\Program Files\dotnet\;Z:\Git\cmd;C:\Program Files\Java\jdk1.8.0_121\bin;C:\RailsInstaller\Git\cmd;C:\RailsInstaller\Ruby2.2.0\bin;D:\Ruby23-x64\bin;C:\Users\mohamed kamal\AppData\Local\Microsoft\WindowsApps;C:\Users\mohamed kamal\workspace\Stack2\src\eg\edu\alexu\csd\datastructure\stack\cs58;Z:\Heroku\bin;C:\WINDOWS\System32;
USERNAME=mohamed kamal
OS=Windows_NT
PROCESSOR_IDENTIFIER=Intel64 Family 6 Model 94 Stepping 3, GenuineIntel



---------------  S Y S T E M  ---------------

OS: Windows 10.0 , 64 bit Build 15063 (10.0.15063.296)

CPU:total 8 (4 cores per cpu, 2 threads per core) family 6 model 94 stepping 3, cmov, cx8, fxsr, mmx, sse, sse2, sse3, ssse3, sse4.1, sse4.2, popcnt, avx, avx2, aes, clmul, erms, rtm, 3dnowpref, lzcnt, ht, tsc, tscinvbit, bmi1, bmi2, adx

Memory: 4k page, physical 8178536k(3837740k free), swap 8741732k(6468k free)

vm_info: Java HotSpot(TM) 64-Bit Server VM (25.121-b13) for windows-amd64 JRE (1.8.0_121-b13), built on Dec 12 2016 18:21:36 by "java_re" with MS VC++ 10.0 (VS2010)

time: Sun Nov 19 22:55:28 2017
elapsed time: 15 seconds (0d 0h 0m 15s)

