#
# There is insufficient memory for the Java Runtime Environment to continue.
# Native memory allocation (malloc) failed to allocate 1048576 bytes for AllocateHeap
# Possible reasons:
#   The system is out of physical RAM or swap space
#   In 32 bit mode, the process size limit was hit
# Possible solutions:
#   Reduce memory load on the system
#   Increase physical memory or swap space
#   Check if swap backing store is full
#   Use 64 bit Java on a 64 bit OS
#   Decrease Java heap size (-Xmx/-Xms)
#   Decrease number of Java threads
#   Decrease Java thread stack sizes (-Xss)
#   Set larger code cache with -XX:ReservedCodeCacheSize=
# This output file may be truncated or incomplete.
#
#  Out of Memory Error (memory/allocation.inline.hpp:61), pid=11324, tid=0x0000000000002c48
#
# JRE version:  (8.0_121-b13) (build )
# Java VM: Java HotSpot(TM) 64-Bit Server VM (25.121-b13 mixed mode windows-amd64 compressed oops)
# Failed to write core dump. Minidumps are not enabled by default on client versions of Windows
#

---------------  T H R E A D  ---------------

Current thread (0x0000000002b10800):  JavaThread "Unknown thread" [_thread_in_vm, id=11336, stack(0x0000000002940000,0x0000000002a40000)]

Stack: [0x0000000002940000,0x0000000002a40000]
[error occurred during error reporting (printing stack bounds), id 0xc0000005]

Native frames: (J=compiled Java code, j=interpreted, Vv=VM code, C=native code)


---------------  P R O C E S S  ---------------

Java Threads: ( => current thread )

Other Threads:

=>0x0000000002b10800 (exited) JavaThread "Unknown thread" [_thread_in_vm, id=11336, stack(0x0000000002940000,0x0000000002a40000)]

VM state:not at safepoint (normal execution)

VM Mutex/Monitor currently owned by a thread: None

Heap:
 PSYoungGen      total 37888K, used 655K [0x00000000d6600000, 0x00000000d9000000, 0x0000000100000000)
  eden space 32768K, 2% used [0x00000000d6600000,0x00000000d66a3d80,0x00000000d8600000)
  from space 5120K, 0% used [0x00000000d8b00000,0x00000000d8b00000,0x00000000d9000000)
  to   space 5120K, 0% used [0x00000000d8600000,0x00000000d8600000,0x00000000d8b00000)
 ParOldGen       total 86016K, used 0K [0x0000000083200000, 0x0000000088600000, 0x00000000d6600000)
  object space 86016K, 0% used [0x0000000083200000,0x0000000083200000,0x0000000088600000)
 Metaspace       used 752K, capacity 1092K, committed 1152K, reserved 1060864K
  class space    used 75K, capacity 384K, committed 384K, reserved 1048576K

Card table byte_map: [0x0000000011fd0000,0x00000000123c0000] byte_map_base: 0x0000000011bb7000

Marking Bits: (ParMarkBitMap*) 0x000000005806b6d0
 Begin Bits: [0x0000000012e60000, 0x0000000014d98000)
 End Bits:   [0x0000000014d98000, 0x0000000016cd0000)

Polling page: 0x0000000001180000

CodeCache: size=245760Kb used=328Kb max_used=328Kb free=245431Kb
 bounds [0x0000000002c10000, 0x0000000002e80000, 0x0000000011c10000]
 total_blobs=58 nmethods=0 adapters=38
 compilation: enabled

Compilation events (0 events):
No events

GC Heap History (0 events):
No events

Deoptimization events (0 events):
No events

Internal exceptions (0 events):
No events

Events (10 events):
Event: 0.025 loading class java/lang/Short
Event: 0.025 loading class java/lang/Short done
Event: 0.025 loading class java/lang/Integer
Event: 0.025 loading class java/lang/Integer done
Event: 0.025 loading class java/lang/Long
Event: 0.026 loading class java/lang/Long done
Event: 0.026 loading class java/lang/NullPointerException
Event: 0.026 loading class java/lang/NullPointerException done
Event: 0.026 loading class java/lang/ArithmeticException
Event: 0.026 loading class java/lang/ArithmeticException done


Dynamic libraries:
0x00007ff75ab90000 - 0x00007ff75abc7000 	C:\Program Files\Java\jre1.8.0_121\bin\javaw.exe
0x00007ff84ee60000 - 0x00007ff84f03b000 	C:\WINDOWS\SYSTEM32\ntdll.dll
0x00007ff84e0e0000 - 0x00007ff84e18e000 	C:\WINDOWS\System32\KERNEL32.DLL
0x00007ff84bc70000 - 0x00007ff84beb9000 	C:\WINDOWS\System32\KERNELBASE.dll
0x00007ff84ed50000 - 0x00007ff84edf1000 	C:\WINDOWS\System32\ADVAPI32.dll
0x00007ff84ebe0000 - 0x00007ff84ec7d000 	C:\WINDOWS\System32\msvcrt.dll
0x00007ff84c4e0000 - 0x00007ff84c539000 	C:\WINDOWS\System32\sechost.dll
0x00007ff84c540000 - 0x00007ff84c665000 	C:\WINDOWS\System32\RPCRT4.dll
0x00007ff84e9d0000 - 0x00007ff84eb1a000 	C:\WINDOWS\System32\USER32.dll
0x00007ff84bb80000 - 0x00007ff84bb9e000 	C:\WINDOWS\System32\win32u.dll
0x00007ff84e190000 - 0x00007ff84e1b7000 	C:\WINDOWS\System32\GDI32.dll
0x00007ff84c0e0000 - 0x00007ff84c267000 	C:\WINDOWS\System32\gdi32full.dll
0x00007ff84c320000 - 0x00007ff84c3ba000 	C:\WINDOWS\System32\msvcp_win.dll
0x00007ff84ba80000 - 0x00007ff84bb76000 	C:\WINDOWS\System32\ucrtbase.dll
0x00007ff83e260000 - 0x00007ff83e4c7000 	C:\WINDOWS\WinSxS\amd64_microsoft.windows.common-controls_6595b64144ccf1df_6.0.15063.483_none_26002d27e7c744a2\COMCTL32.dll
0x00007ff84e6d0000 - 0x00007ff84e9c9000 	C:\WINDOWS\System32\combase.dll
0x00007ff84bc00000 - 0x00007ff84bc6a000 	C:\WINDOWS\System32\bcryptPrimitives.dll
0x00007ff84eb20000 - 0x00007ff84eb4d000 	C:\WINDOWS\System32\IMM32.DLL
0x0000000058410000 - 0x00000000584e2000 	C:\Program Files\Java\jre1.8.0_121\bin\msvcr100.dll
0x0000000057850000 - 0x00000000580eb000 	C:\Program Files\Java\jre1.8.0_121\bin\server\jvm.dll
0x00007ff84ec80000 - 0x00007ff84ec88000 	C:\WINDOWS\System32\PSAPI.DLL
0x00007ff8487c0000 - 0x00007ff8487c9000 	C:\WINDOWS\SYSTEM32\WSOCK32.dll
0x00007ff842540000 - 0x00007ff842563000 	C:\WINDOWS\SYSTEM32\WINMM.dll
0x00007ff841670000 - 0x00007ff84167a000 	C:\WINDOWS\SYSTEM32\VERSION.dll
0x00007ff84e660000 - 0x00007ff84e6cc000 	C:\WINDOWS\System32\WS2_32.dll
0x00007ff8423c0000 - 0x00007ff8423eb000 	C:\WINDOWS\SYSTEM32\WINMMBASE.dll
0x00007ff84bec0000 - 0x00007ff84bf09000 	C:\WINDOWS\System32\cfgmgr32.dll
0x00000000595c0000 - 0x00000000595cf000 	C:\Program Files\Java\jre1.8.0_121\bin\verify.dll
0x0000000059590000 - 0x00000000595b9000 	C:\Program Files\Java\jre1.8.0_121\bin\java.dll
0x0000000059570000 - 0x0000000059586000 	C:\Program Files\Java\jre1.8.0_121\bin\zip.dll

VM Arguments:
jvm_args: -Dfile.encoding=Cp1252 
java_command: application.Main
java_class_path (initial): C:\Users\mohamed kamal\workspace\Paint_GUI\bin;C:\Users\mohamed kamal\.p2\pool\plugins\org.eclipse.fx.ide.css.jfx8_2.4.0.201605112122.jar
Launcher Type: SUN_STANDARD

Environment Variables:
PATH=C:/Program Files/Java/jre1.8.0_121/bin/server;C:/Program Files/Java/jre1.8.0_121/bin;C:/Program Files/Java/jre1.8.0_121/lib/amd64;C:\Program Files\ImageMagick-6.9.8-Q16-HDRI;C:\ProgramData\Oracle\Java\javapath;C:\WINDOWS\system32;C:\WINDOWS;C:\WINDOWS\System32\Wbem;C:\WINDOWS\System32\WindowsPowerShell\v1.0\;C:\Program Files\Microsoft SQL Server\130\Tools\Binn\;C:\Program Files\Git\cmd;C:\RailsInstaller\Ruby2.2.0\bin;C:\Program Files\dotnet\;Z:\Git\cmd;C:\Program Files\Java\jdk1.8.0_121\bin;C:\RailsInstaller\Git\cmd;C:\RailsInstaller\Ruby2.2.0\bin;D:\Ruby23-x64\bin;C:\Users\mohamed kamal\AppData\Local\Microsoft\WindowsApps;C:\Users\mohamed kamal\workspace\Stack2\src\eg\edu\alexu\csd\datastructure\stack\cs58;Z:\Heroku\bin;C:\WINDOWS\System32;
USERNAME=mohamed kamal
OS=Windows_NT
PROCESSOR_IDENTIFIER=Intel64 Family 6 Model 94 Stepping 3, GenuineIntel



---------------  S Y S T E M  ---------------

OS: Windows 10.0 , 64 bit Build 15063 (10.0.15063.296)

CPU:total 8 (4 cores per cpu, 2 threads per core) family 6 model 94 stepping 3, cmov, cx8, fxsr, mmx, sse, sse2, sse3, ssse3, sse4.1, sse4.2, popcnt, avx, avx2, aes, clmul, erms, rtm, 3dnowpref, lzcnt, ht, tsc, tscinvbit, bmi1, bmi2, adx

Memory: 4k page, physical 8178536k(3403612k free), swap 8741728k(4448k free)

vm_info: Java HotSpot(TM) 64-Bit Server VM (25.121-b13) for windows-amd64 JRE (1.8.0_121-b13), built on Dec 12 2016 18:21:36 by "java_re" with MS VC++ 10.0 (VS2010)

time: Tue Nov 14 18:59:39 2017
elapsed time: 0 seconds (0d 0h 0m 0s)

