JvmtiExport can_access_local_variables 0
JvmtiExport can_hotswap_or_post_breakpoint 0
JvmtiExport can_post_on_exceptions 0
# 242 ciObject found
ciMethod java/lang/Object equals (Ljava/lang/Object;)Z 3241 1 6956 0 -1
ciMethod java/lang/String endsWith (Ljava/lang/String;)Z 3193 1 8389 0 -1
ciMethod java/lang/String indexOf (I)I 2065 1 8086 0 -1
ciMethod java/lang/Class forName (Ljava/lang/String;ZLjava/lang/ClassLoader;)Ljava/lang/Class; 649 1 96 0 -1
ciMethod java/lang/Class newInstance ()Ljava/lang/Object; 497 1 276 0 -1
ciMethod java/lang/Class isAssignableFrom (Ljava/lang/Class;)Z 2049 1 256 0 -1
ciMethod java/lang/Class getClassLoader ()Ljava/lang/ClassLoader; 2049 1 6979 0 -1
ciMethod java/lang/System arraycopy (Ljava/lang/Object;ILjava/lang/Object;II)V 5121 1 640 0 -1
ciMethod java/lang/System getProperty (Ljava/lang/String;)Ljava/lang/String; 1601 1 210 0 -1
ciMethod java/lang/Throwable printStackTrace ()V 0 0 1 0 -1
ciMethod java/lang/Boolean booleanValue ()Z 1025 1 128 0 -1
ciMethod java/security/AccessController doPrivileged (Ljava/security/PrivilegedAction;)Ljava/lang/Object; 3073 1 384 1 -1
ciMethod java/util/ArrayList ensureCapacityInternal (I)V 2673 1 11008 0 -1
ciMethod java/util/ArrayList add (Ljava/lang/Object;)Z 2769 1 7617 0 736
ciMethod java/util/ArrayList remove (Ljava/lang/Object;)Z 33 1 240 0 -1
ciMethod java/util/ArrayList fastRemove (I)V 1617 1 202 0 -1
ciMethod java/util/concurrent/atomic/AtomicBoolean set (Z)V 2049 1 1848 0 0
ciMethodData java/util/ArrayList add (Ljava/lang/Object;)Z 2 7619 orig 264 72 50 213 104 0 0 0 0 72 134 81 23 0 0 0 0 144 1 0 0 0 0 0 0 0 0 0 0 0 0 0 0 0 0 0 0 0 0 0 0 0 0 0 0 0 0 0 0 0 0 0 0 0 0 0 0 0 0 0 0 0 0 0 0 0 0 0 0 0 0 0 0 0 0 0 0 0 0 0 0 77 68 79 32 101 120 116 114 97 32 100 97 116 97 32 108 111 99 107 0 0 0 0 0 0 0 0 0 0 0 0 0 0 0 0 0 0 0 0 0 0 0 0 0 0 0 0 0 0 0 0 0 0 0 0 0 0 0 0 0 0 0 0 0 0 0 0 0 0 0 0 0 0 0 0 0 0 0 0 0 0 0 0 0 0 0 0 0 0 0 0 0 0 0 0 0 0 0 0 0 0 0 0 0 17 0 0 0 0 0 0 0 0 0 0 0 0 0 0 0 1 0 0 0 0 0 0 0 0 0 0 0 0 0 0 0 90 1 0 0 73 227 0 0 1 0 0 0 0 0 0 0 0 0 0 0 2 0 0 0 0 0 15 0 2 0 0 0 64 0 0 0 255 255 255 255 2 0 7 0 0 0 0 0 data 8 0x70002 0x1c69 0x1a0004 0x0 0x20c4b240 0x1 0x20c4b2f0 0xc oops 2 4 sun/misc/URLClassPath$JarLoader 6 com/sun/org/apache/xerces/internal/xni/XMLString
ciMethod javafx/beans/value/ObservableValue getValue ()Ljava/lang/Object; 0 0 1 0 -1
ciMethod java/lang/invoke/LambdaForm$MH linkToTargetMethod (Ljava/lang/Object;)Ljava/lang/Object; 1273 1 186 0 -1
ciMethod javafx/beans/value/ObservableBooleanValue get ()Z 0 0 1 0 -1
ciMethod javafx/beans/property/BooleanProperty get ()Z 0 0 1 0 -1
ciMethod javafx/beans/property/BooleanPropertyBase get ()Z 2249 1 6465 0 160
ciMethod javafx/beans/property/ObjectPropertyBase get ()Ljava/lang/Object; 2177 1 44746 0 96
ciMethod com/sun/javafx/tk/Toolkit lookupToolkitClass (Ljava/lang/String;)Ljava/lang/String; 0 0 1 0 -1
ciMethod com/sun/javafx/tk/Toolkit getDefaultToolkit ()Ljava/lang/String; 9 1 1 0 -1
ciMethod com/sun/javafx/tk/Toolkit getToolkit ()Lcom/sun/javafx/tk/Toolkit; 1809 1 3214 0 0
ciMethod com/sun/javafx/tk/Toolkit init ()Z 0 0 1 0 -1
ciMethod com/sun/javafx/tk/Toolkit requestNextPulse ()V 0 0 1 0 -1
ciMethod com/sun/javafx/PlatformUtil isWindows ()Z 49 1 8 0 -1
ciMethod com/sun/javafx/tk/quantum/QuantumToolkit requestNextPulse ()V 3089 1 774 0 0
ciMethod java/lang/invoke/LambdaForm$MH linkToTargetMethod (ILjava/lang/Object;)Ljava/lang/Object; 9 1 2 0 -1
ciMethod com/sun/javafx/geom/BaseBounds makeEmpty ()Lcom/sun/javafx/geom/BaseBounds; 0 0 1 0 -1
ciMethod com/sun/javafx/geom/RectBounds makeEmpty ()Lcom/sun/javafx/geom/RectBounds; 3073 1 5737 0 64
ciMethod com/sun/javafx/geom/RectBounds makeEmpty ()Lcom/sun/javafx/geom/BaseBounds; 3097 1 5517 0 64
ciMethod javafx/scene/Parent setChildDirty (Ljavafx/scene/Node;Z)V 2721 1 4559 0 0
ciMethod javafx/scene/Parent childBoundsChanged (Ljavafx/scene/Node;)V 2073 1 4242 0 0
ciMethod javafx/scene/Node impl_markDirty (Lcom/sun/javafx/scene/DirtyBits;)V 4097 1 7213 0 0
ciMethod javafx/scene/Node addToSceneDirtyList ()V 2065 1 1668 0 0
ciMethod javafx/scene/Node impl_isDirtyEmpty ()Z 2169 1 8979 0 0
ciMethod javafx/scene/Node getParent ()Ljavafx/scene/Parent; 3113 1 51045 0 160
ciMethod javafx/scene/Node getSubScene ()Ljavafx/scene/SubScene; 1025 1 128 0 0
ciMethod javafx/scene/Node getScene ()Ljavafx/scene/Scene; 3145 1 13795 0 160
ciMethod javafx/scene/Node isVisible ()Z 3073 1 11156 0 0
ciMethod javafx/scene/Node invalidateBoundsInParent ()V 0 0 1058 0 0
ciMethod javafx/scene/Node invalidateBoundsInLocal ()V 65 1 1180 0 0
ciMethod javafx/scene/Node impl_geomChanged ()V 3265 1 5408 0 0
ciMethod javafx/scene/Node localBoundsChanged ()V 65 1 1180 0 0
ciMethod javafx/scene/Node transformedBoundsChanged ()V 3305 1 5536 0 0
ciMethod javafx/scene/Node impl_notifyLayoutBoundsChanged ()V 4097 1 827 0 -1
ciMethod javafx/scene/Node notifyParentOfBoundsChange ()V 3089 1 5263 0 0
ciMethod javafx/scene/Node$LazyBoundsProperty invalidate ()V 41 1 234 0 0
ciMethod javafx/scene/SubScene setDirty (Ljavafx/scene/Node;)V 0 0 1 0 -1
ciMethod com/sun/javafx/binding/ExpressionHelper fireValueChangedEvent (Lcom/sun/javafx/binding/ExpressionHelper;)V 2065 1 6580 0 -1
ciMethod javafx/scene/Scene addToDirtyList (Ljavafx/scene/Node;)V 585 1 982 0 0
ciMethod com/sun/javafx/scene/DirtyBits getMask ()J 3089 1 60256 0 0
ciMethod javafx/scene/Node$MiscProperties invalidateBoundsInParent ()V 0 0 229 0 0
ciMethod javafx/scene/Node$MiscProperties invalidateBoundsInLocal ()V 65 1 398 0 0
ciMethodData javafx/beans/property/ObjectPropertyBase get ()Ljava/lang/Object; 2 44794 orig 264 72 50 213 104 0 0 0 0 128 103 136 23 0 0 0 0 176 1 0 0 32 0 0 0 0 0 0 0 0 0 0 0 0 0 0 0 0 0 0 0 0 0 0 0 0 0 0 0 0 0 0 0 0 0 0 0 0 0 0 0 0 0 0 0 0 0 0 0 0 0 0 0 0 0 0 0 0 0 0 0 77 68 79 32 101 120 116 114 97 32 100 97 116 97 32 108 111 99 107 0 0 0 0 0 0 0 0 0 0 0 0 0 0 0 0 0 0 0 0 0 0 0 0 0 0 0 0 0 0 0 0 0 0 0 0 0 0 0 0 0 0 0 0 0 0 0 0 0 0 0 0 0 0 0 0 0 0 0 0 0 0 0 0 0 0 0 0 0 0 0 0 0 0 0 0 0 0 0 0 0 0 0 0 0 0 0 0 0 0 0 0 0 0 0 0 0 0 0 0 0 0 0 0 0 0 0 0 0 0 0 0 0 0 0 0 0 16 1 0 0 81 111 5 0 1 0 0 0 0 0 0 0 0 0 0 0 2 0 0 0 0 0 6 0 2 0 0 0 104 0 0 0 255 255 255 255 7 0 9 0 0 0 0 0 data 13 0x90007 0x2f 0x38 0xadbb 0x100003 0xadbb 0x48 0x170005 0x14 0x1a010770 0xc 0x1a010820 0xf oops 2 9 javafx/beans/property/SimpleObjectProperty 11 javafx/scene/control/Labeled$14
ciMethodData javafx/scene/Node getParent ()Ljavafx/scene/Parent; 2 51059 orig 264 72 50 213 104 0 0 0 0 96 6 159 23 0 0 0 0 224 1 0 0 32 0 0 0 0 0 0 0 0 0 0 0 0 0 0 0 0 0 0 0 0 0 0 0 0 0 0 0 0 0 0 0 0 0 0 0 0 0 0 0 0 0 0 0 0 0 0 0 0 0 0 0 0 0 0 0 0 0 0 0 77 68 79 32 101 120 116 114 97 32 100 97 116 97 32 108 111 99 107 0 0 0 0 0 0 0 0 0 0 0 0 0 0 0 0 0 0 0 0 0 0 0 0 0 0 0 0 0 0 0 0 0 0 0 0 0 0 0 0 0 0 0 0 0 0 0 0 0 0 0 0 0 0 0 0 0 0 0 0 0 0 0 0 0 0 0 0 0 0 0 0 0 0 0 0 0 0 0 0 0 0 0 0 0 0 0 0 0 0 0 0 0 0 0 0 0 0 0 0 0 0 0 0 0 0 0 0 0 0 0 0 0 0 0 0 0 133 1 0 0 97 47 6 0 1 0 0 0 0 0 0 0 0 0 0 0 2 0 0 0 0 0 10 0 2 0 0 0 152 0 0 0 255 255 255 255 7 0 4 0 0 0 0 0 data 19 0x40007 0xa7b4 0x38 0x1e38 0x80003 0x1e38 0x78 0xf0005 0x0 0x1a00e9c0 0xa7b4 0x0 0x0 0x120104 0x0 0x207f8c90 0xeba 0x207f8df0 0x1800 oops 3 9 javafx/scene/Node$1 15 javafx/scene/layout/VBox 17 javafx/scene/layout/Pane
ciMethodData javafx/scene/Node getScene ()Ljavafx/scene/Scene; 2 13795 orig 264 72 50 213 104 0 0 0 0 192 11 159 23 0 0 0 0 168 1 0 0 0 0 0 0 0 0 0 0 0 0 0 0 0 0 0 0 0 0 0 0 0 0 0 0 0 0 0 0 0 0 0 0 0 0 0 0 0 0 0 0 0 0 0 0 0 0 0 0 0 0 0 0 0 0 0 0 0 0 0 0 77 68 79 32 101 120 116 114 97 32 100 97 116 97 32 108 111 99 107 0 0 0 0 0 0 0 0 0 0 0 0 0 0 0 0 0 0 0 0 0 0 0 0 0 0 0 0 0 0 0 0 0 0 0 0 0 0 0 0 0 0 0 0 0 0 0 0 0 0 0 0 0 0 0 0 0 0 0 0 0 0 0 0 0 0 0 0 0 0 0 0 0 0 0 0 0 0 0 0 0 0 0 0 0 0 0 0 0 0 0 0 0 0 0 0 0 0 0 0 0 0 0 0 0 0 0 0 0 0 0 0 0 0 0 0 0 137 1 0 0 209 162 1 0 1 0 0 0 0 0 0 0 0 0 0 0 2 0 0 0 0 0 7 0 2 0 0 0 96 0 0 0 255 255 255 255 5 0 4 0 0 0 0 0 data 12 0x40005 0x0 0x1adf6e50 0x345a 0x0 0x0 0x70104 0x0 0x209b6610 0x2941 0x209b7540 0x1e1 oops 3 2 javafx/scene/Node$ReadOnlyObjectWrapperManualFire 8 javafx/scene/Scene 10 javafx/scene/Scene$3$1
ciMethodData javafx/scene/Node impl_isDirtyEmpty ()Z 2 8984 orig 264 72 50 213 104 0 0 0 0 184 253 158 23 0 0 0 0 88 1 0 0 0 0 0 0 0 0 0 0 0 0 0 0 0 0 0 0 0 0 0 0 0 0 0 0 0 0 0 0 0 0 0 0 0 0 0 0 0 0 0 0 0 0 0 0 0 0 0 0 0 0 0 0 0 0 0 0 0 0 0 0 77 68 79 32 101 120 116 114 97 32 100 97 116 97 32 108 111 99 107 0 0 0 0 0 0 0 0 0 0 0 0 0 0 0 0 0 0 0 0 0 0 0 0 0 0 0 0 0 0 0 0 0 0 0 0 0 0 0 0 0 0 0 0 0 0 0 0 0 0 0 0 0 0 0 0 0 0 0 0 0 0 0 0 0 0 0 0 0 0 0 0 0 0 0 0 0 0 0 0 0 0 0 0 0 0 0 0 0 0 0 0 0 0 0 0 0 0 0 0 0 0 0 0 0 0 0 0 0 0 0 0 0 0 0 0 0 15 1 0 0 73 16 1 0 1 0 0 0 0 0 0 0 0 0 0 0 2 0 0 0 0 0 6 0 2 0 0 0 56 0 0 0 255 255 255 255 7 0 4 0 0 0 0 0 data 7 0x40007 0x1f62 0x38 0x2a7 0x80003 0x2a7 0x18 oops 0
ciMethodData javafx/scene/Node isVisible ()Z 2 11184 orig 264 72 50 213 104 0 0 0 0 248 18 159 23 0 0 0 0 176 1 0 0 32 0 0 0 0 0 0 0 0 0 0 0 0 0 0 0 0 0 0 0 0 0 0 0 0 0 0 0 0 0 0 0 0 0 0 0 0 0 0 0 0 0 0 0 0 0 0 0 0 0 0 0 0 0 0 0 0 0 0 0 77 68 79 32 101 120 116 114 97 32 100 97 116 97 32 108 111 99 107 0 0 0 0 0 0 0 0 0 0 0 0 0 0 0 0 0 0 0 0 0 0 0 0 0 0 0 0 0 0 0 0 0 0 0 0 0 0 0 0 0 0 0 0 0 0 0 0 0 0 0 0 0 0 0 0 0 0 0 0 0 0 0 0 0 0 0 0 0 0 0 0 0 0 0 0 0 0 0 0 0 0 0 0 0 0 0 0 0 0 0 0 0 0 0 0 0 0 0 0 0 0 0 0 0 0 0 0 0 0 0 0 0 0 0 0 0 128 1 0 0 129 81 1 0 1 0 0 0 0 0 0 0 0 0 0 0 2 0 0 0 0 0 9 0 2 0 0 0 104 0 0 0 255 255 255 255 7 0 4 0 0 0 0 0 data 13 0x40007 0x7a6 0x38 0x228a 0x80003 0x228a 0x48 0xf0005 0x0 0x1b18b060 0x7a6 0x0 0x0 oops 1 9 javafx/scene/Node$5
ciMethodData javafx/beans/property/BooleanPropertyBase get ()Z 2 6468 orig 264 72 50 213 104 0 0 0 0 192 180 135 23 0 0 0 0 176 1 0 0 32 0 0 0 0 0 0 0 0 0 0 0 0 0 0 0 0 0 0 0 0 0 0 0 0 0 0 0 0 0 0 0 0 0 0 0 0 0 0 0 0 0 0 0 0 0 0 0 0 0 0 0 0 0 0 0 0 0 0 0 77 68 79 32 101 120 116 114 97 32 100 97 116 97 32 108 111 99 107 0 0 0 0 0 0 0 0 0 0 0 0 0 0 0 0 0 0 0 0 0 0 0 0 0 0 0 0 0 0 0 0 0 0 0 0 0 0 0 0 0 0 0 0 0 0 0 0 0 0 0 0 0 0 0 0 0 0 0 0 0 0 0 0 0 0 0 0 0 0 0 0 0 0 0 0 0 0 0 0 0 0 0 0 0 0 0 0 0 0 0 0 0 0 0 0 0 0 0 0 0 0 0 0 0 0 0 0 0 0 0 0 0 0 0 0 0 25 1 0 0 89 193 0 0 1 0 0 0 0 0 0 0 0 0 0 0 2 0 0 0 0 0 6 0 2 0 0 0 104 0 0 0 255 255 255 255 7 0 9 0 0 0 0 0 data 13 0x90007 0x1c 0x38 0x180f 0x100003 0x180f 0x48 0x170005 0x0 0x1b18d7b0 0x1c 0x0 0x0 oops 1 9 javafx/scene/control/Labeled$9
ciMethodData com/sun/javafx/tk/Toolkit getToolkit ()Lcom/sun/javafx/tk/Toolkit; 2 3232 orig 264 72 50 213 104 0 0 0 0 168 164 136 23 0 0 0 0 56 7 0 0 184 5 0 0 0 0 0 0 0 0 0 0 0 0 0 0 0 0 0 0 0 0 0 0 0 0 0 0 0 0 0 0 0 0 0 0 0 0 0 0 0 0 0 0 0 0 0 0 0 0 0 0 0 0 0 0 0 0 0 0 77 68 79 32 101 120 116 114 97 32 100 97 116 97 32 108 111 99 107 0 0 0 0 0 0 0 0 0 0 0 0 0 0 0 0 0 0 0 0 0 0 0 0 0 0 0 0 0 0 0 0 0 0 0 0 0 0 0 0 0 0 0 0 0 0 0 0 0 0 0 0 0 0 0 0 0 0 0 0 0 0 0 0 0 0 0 0 0 0 0 0 0 0 0 0 0 0 0 0 0 0 0 0 0 0 0 0 0 0 0 0 0 0 0 0 0 0 0 0 0 0 0 0 0 0 0 0 0 0 0 0 0 0 0 0 0 226 0 0 0 241 93 0 0 1 0 0 0 0 0 0 0 0 0 0 0 2 0 0 0 1 0 78 0 2 0 0 0 248 5 0 0 255 255 255 255 7 0 3 0 0 0 0 0 data 191 0x30007 0x0 0x20 0xbbe 0xa000a 0x0 0x1 0x0 0xf0002 0x0 0x120004 0x0 0x0 0x0 0x0 0x0 0x150005 0x0 0x0 0x0 0x0 0x0 0x190002 0x0 0x1c0007 0x0 0x50 0x0 0x20000a 0x0 0x1 0x0 0x250002 0x0 0x29000a 0x0 0x1 0x0 0x2e0002 0x0 0x380002 0x0 0x3c0003 0x0 0x18 0x410007 0x0 0x20 0x0 0x490007 0x0 0x30 0x0 0x4e0002 0x0 0x550005 0x0 0x0 0x0 0x0 0x0 0x590007 0x0 0x30 0x0 0x5d0002 0x0 0x620007 0x0 0x90 0x0 0x660007 0x0 0x88 0x0 0x6c0005 0x0 0x0 0x0 0x0 0x0 0x6f0007 0x0 0x38 0x0 0x730003 0x0 0x18 0x7c0005 0x0 0x0 0x0 0x0 0x0 0x7f0002 0x0 0x880005 0x0 0x0 0x0 0x0 0x0 0x8b0007 0x0 0xd0 0x0 0x960002 0x0 0x9b0005 0x0 0x0 0x0 0x0 0x0 0x9f0005 0x0 0x0 0x0 0x0 0x0 0xa20005 0x0 0x0 0x0 0x0 0x0 0xa50002 0x0 0xab0005 0x0 0x0 0x0 0x0 0x0 0xae0004 0x0 0x0 0x0 0x0 0x0 0xb70005 0x0 0x0 0x0 0x0 0x0 0xba0007 0x0 0x110 0x0 0xbe0007 0x0 0xf0 0x0 0xc80002 0x0 0xcd0005 0x0 0x0 0x0 0x0 0x0 0xd10005 0x0 0x0 0x0 0x0 0x0 0xd40005 0x0 0x0 0x0 0x0 0x0 0xd70005 0x0 0x0 0x0 0x0 0x0 0xe20003 0x0 0x48 0xed0005 0x0 0x0 0x0 0x0 0x0 0xf60002 0x0 oops 0
ciMethodData javafx/scene/Node notifyParentOfBoundsChange ()V 2 5303 orig 264 72 50 213 104 0 0 0 0 112 115 159 23 0 0 0 0 24 2 0 0 80 0 0 0 0 0 0 0 0 0 0 0 0 0 0 0 0 0 0 0 0 0 0 0 0 0 0 0 0 0 0 0 0 0 0 0 0 0 0 0 0 0 0 0 0 0 0 0 0 0 0 0 0 0 0 0 0 0 0 0 77 68 79 32 101 120 116 114 97 32 100 97 116 97 32 108 111 99 107 0 0 0 0 0 0 0 0 0 0 0 0 0 0 0 0 0 0 0 0 0 0 0 0 0 0 0 0 0 0 0 0 0 0 0 0 0 0 0 0 0 0 0 0 0 0 0 0 0 0 0 0 0 0 0 0 0 0 0 0 0 0 0 0 0 0 0 0 0 0 0 0 0 0 0 0 0 0 0 0 0 0 0 0 0 0 0 0 0 0 0 0 0 0 0 0 0 0 0 0 0 0 0 0 0 0 0 0 0 0 0 0 0 0 0 0 0 130 1 0 0 169 153 0 0 1 0 0 0 0 0 0 0 0 0 0 0 2 0 0 0 0 0 32 0 2 0 0 0 208 0 0 0 255 255 255 255 5 0 1 0 0 0 0 0 data 26 0x10005 0x11c6 0x207f8df0 0x102 0x207f8ea0 0x6d 0x60007 0x3a6 0x50 0xf8f 0xb0005 0xbf3 0x207f8c90 0x11b 0x1a00ca80 0x281 0x120007 0x1318 0x50 0x1d 0x190005 0x0 0x1a00cb30 0x5 0x207f8d40 0x18 oops 6 2 javafx/scene/layout/Pane 4 javafx/scene/control/ToolBar 12 javafx/scene/layout/VBox 14 javafx/scene/layout/BorderPane 22 com/sun/javafx/scene/control/skin/VirtualFlow$ClippedContainer 24 com/sun/javafx/scene/control/skin/LabeledText
ciMethodData com/sun/javafx/scene/DirtyBits getMask ()J 2 61535 orig 264 72 50 213 104 0 0 0 0 32 248 75 32 0 0 0 0 32 1 0 0 0 0 0 0 0 0 0 0 0 0 0 0 0 0 0 0 0 0 0 0 0 0 0 0 0 0 0 0 0 0 0 0 0 0 0 0 0 0 0 0 0 0 0 0 0 0 0 0 0 0 0 0 0 0 0 0 0 0 0 0 77 68 79 32 101 120 116 114 97 32 100 97 116 97 32 108 111 99 107 0 0 0 0 0 0 0 0 0 0 0 0 0 0 0 0 0 0 0 0 0 0 0 0 0 0 0 0 0 0 0 0 0 0 0 0 0 0 0 0 0 0 0 0 0 0 0 0 0 0 0 0 0 0 0 0 0 0 0 0 0 0 0 0 0 0 0 0 0 0 0 0 0 0 0 0 0 0 0 0 0 0 0 0 0 0 0 0 0 0 0 0 0 0 0 0 0 0 0 0 0 0 0 0 0 0 0 0 0 0 0 0 0 0 0 0 0 130 1 0 0 233 118 7 0 1 0 0 0 0 0 0 0 0 0 0 0 2 0 0 0 0 0 3 0 1 0 0 0 0 0 0 0 255 255 255 255 0 0 0 0 0 0 0 0 data 0 oops 0
ciMethodData javafx/scene/Parent childBoundsChanged (Ljavafx/scene/Node;)V 2 4254 orig 264 72 50 213 104 0 0 0 0 40 249 157 23 0 0 0 0 176 1 0 0 0 0 0 0 0 0 0 0 0 0 0 0 0 0 0 0 0 0 0 0 0 0 0 0 0 0 0 0 0 0 0 0 0 0 0 0 0 0 0 0 0 0 0 0 0 0 0 0 0 0 0 0 0 0 0 0 0 0 0 0 77 68 79 32 101 120 116 114 97 32 100 97 116 97 32 108 111 99 107 0 0 0 0 0 0 0 0 0 0 0 0 0 0 0 0 0 0 0 0 0 0 0 0 0 0 0 0 0 0 0 0 0 0 0 0 0 0 0 0 0 0 0 0 0 0 0 0 0 0 0 0 0 0 0 0 0 0 0 0 0 0 0 0 0 0 0 0 0 0 0 0 0 0 0 0 0 0 0 0 0 0 0 0 0 0 0 0 0 0 0 0 0 0 0 0 0 0 0 0 0 0 0 0 0 0 0 0 0 0 0 0 0 0 0 0 0 3 1 0 0 217 124 0 0 1 0 0 0 0 0 0 0 0 0 0 0 2 0 0 0 0 0 0 0 0 0 0 0 96 0 0 0 255 255 255 255 7 0 5 0 0 0 0 0 data 12 0x50007 0xf9b 0x20 0x0 0x110002 0xf9b 0x150005 0xbfc 0x207f8c90 0x11b 0x1a00ca80 0x284 oops 2 8 javafx/scene/layout/VBox 10 javafx/scene/layout/BorderPane
ciMethodData javafx/scene/Parent setChildDirty (Ljavafx/scene/Node;Z)V 2 4569 orig 264 72 50 213 104 0 0 0 0 104 237 157 23 0 0 0 0 80 2 0 0 96 0 0 0 0 0 0 0 0 0 0 0 0 0 0 0 0 0 0 0 0 0 0 0 0 0 0 0 0 0 0 0 0 0 0 0 0 0 0 0 0 0 0 0 0 0 0 0 0 0 0 0 0 0 0 0 0 0 0 0 77 68 79 32 101 120 116 114 97 32 100 97 116 97 32 108 111 99 107 0 0 0 0 0 0 0 0 0 0 0 0 0 0 0 0 0 0 0 0 0 0 0 0 0 0 0 0 0 0 0 0 0 0 0 0 0 0 0 0 0 0 0 0 0 0 0 0 0 0 0 0 0 0 0 0 0 0 0 0 0 0 0 0 0 0 0 0 0 0 0 0 0 0 0 0 0 0 0 0 0 0 0 0 0 0 0 0 0 0 0 0 0 0 0 0 0 0 0 0 0 0 0 0 0 0 0 0 0 0 0 0 0 0 0 0 0 84 1 0 0 41 132 0 0 1 0 0 0 0 0 0 0 0 0 0 0 2 0 0 0 0 0 27 0 2 0 0 0 248 0 0 0 255 255 255 255 7 0 5 0 0 0 0 0 data 31 0x50007 0x484 0x20 0xc01 0xf0007 0x2c 0x88 0x458 0x160007 0x418 0x50 0x40 0x1e0005 0x0 0x19dcbdf0 0x40 0x0 0x0 0x2c0003 0x458 0x68 0x330007 0x14 0x50 0x18 0x3b0005 0x0 0x19dcbdf0 0x18 0x0 0x0 oops 2 14 java/util/ArrayList 27 java/util/ArrayList
ciMethodData javafx/scene/Node impl_geomChanged ()V 2 5458 orig 264 72 50 213 104 0 0 0 0 24 112 159 23 0 0 0 0 136 2 0 0 80 0 0 0 0 0 0 0 0 0 0 0 0 0 0 0 0 0 0 0 0 0 0 0 0 0 0 0 0 0 0 0 0 0 0 0 0 0 0 0 0 0 0 0 0 0 0 0 0 0 0 0 0 0 0 0 0 0 0 0 77 68 79 32 101 120 116 114 97 32 100 97 116 97 32 108 111 99 107 0 0 0 0 0 0 0 0 0 0 0 0 0 0 0 0 0 0 0 0 0 0 0 0 0 0 0 0 0 0 0 0 0 0 0 0 0 0 0 0 0 0 0 0 0 0 0 0 0 0 0 0 0 0 0 0 0 0 0 0 0 0 0 0 0 0 0 0 0 0 0 0 0 0 0 0 0 0 0 0 0 0 0 0 0 0 0 0 0 0 0 0 0 0 0 0 0 0 0 0 0 0 0 0 0 0 0 0 0 0 0 0 0 0 0 0 0 152 1 0 0 209 157 0 0 1 0 0 0 0 0 0 0 0 0 0 0 2 0 0 0 0 0 19 0 2 0 0 0 64 1 0 0 255 255 255 255 7 0 4 0 0 0 0 0 data 40 0x40007 0x43b 0x80 0xf7f 0x80005 0xee3 0x207f8df0 0x96 0x209b27a0 0x6 0xc0005 0xee3 0x207f8df0 0x96 0x209b27a0 0x6 0x140005 0x0 0x207f8b30 0x43b 0x0 0x0 0x210005 0x37d 0x207f8df0 0x6c 0x207f8be0 0x52 0x250005 0x37d 0x207f8df0 0x6c 0x207f8be0 0x52 0x290005 0x37d 0x207f8df0 0x6c 0x207f8be0 0x52 oops 11 6 javafx/scene/layout/Pane 8 com/sun/javafx/scene/control/skin/ToolBarSkin$ToolBarOverflowMenu 12 javafx/scene/layout/Pane 14 com/sun/javafx/scene/control/skin/ToolBarSkin$ToolBarOverflowMenu 18 com/sun/javafx/geom/RectBounds 24 javafx/scene/layout/Pane 26 javafx/scene/control/Label 30 javafx/scene/layout/Pane 32 javafx/scene/control/Label 36 javafx/scene/layout/Pane 38 javafx/scene/control/Label
ciMethodData javafx/scene/Node localBoundsChanged ()V 2 1180 orig 264 72 50 213 104 0 0 0 0 232 112 159 23 0 0 0 0 136 1 0 0 0 0 0 0 0 0 0 0 0 0 0 0 0 0 0 0 0 0 0 0 0 0 0 0 0 0 0 0 0 0 0 0 0 0 0 0 0 0 0 0 0 0 0 0 0 0 0 0 0 0 0 0 0 0 0 0 0 0 0 0 77 68 79 32 101 120 116 114 97 32 100 97 116 97 32 108 111 99 107 0 0 0 0 0 0 0 0 0 0 0 0 0 0 0 0 0 0 0 0 0 0 0 0 0 0 0 0 0 0 0 0 0 0 0 0 0 0 0 0 0 0 0 0 0 0 0 0 0 0 0 0 0 0 0 0 0 0 0 0 0 0 0 0 0 0 0 0 0 0 0 0 0 0 0 0 0 0 0 0 0 0 0 0 0 0 0 0 0 0 0 0 0 0 0 0 0 0 0 0 0 0 0 0 0 0 0 0 0 0 0 0 0 0 0 0 0 8 0 0 0 161 36 0 0 1 0 0 0 0 0 0 0 0 0 0 0 2 0 0 0 0 0 16 0 2 0 0 0 64 0 0 0 255 255 255 255 2 0 6 0 0 0 0 0 data 8 0x60002 0x494 0xa0005 0x3c6 0x207f8df0 0x6c 0x1a00cb30 0x62 oops 2 4 javafx/scene/layout/Pane 6 com/sun/javafx/scene/control/skin/VirtualFlow$ClippedContainer
ciMethodData javafx/scene/Node invalidateBoundsInLocal ()V 2 1180 orig 264 72 50 213 104 0 0 0 0 80 98 159 23 0 0 0 0 152 1 0 0 0 0 0 0 0 0 0 0 0 0 0 0 0 0 0 0 0 0 0 0 0 0 0 0 0 0 0 0 0 0 0 0 0 0 0 0 0 0 0 0 0 0 0 0 0 0 0 0 0 0 0 0 0 0 0 0 0 0 0 0 77 68 79 32 101 120 116 114 97 32 100 97 116 97 32 108 111 99 107 0 0 0 0 0 0 0 0 0 0 0 0 0 0 0 0 0 0 0 0 0 0 0 0 0 0 0 0 0 0 0 0 0 0 0 0 0 0 0 0 0 0 0 0 0 0 0 0 0 0 0 0 0 0 0 0 0 0 0 0 0 0 0 0 0 0 0 0 0 0 0 0 0 0 0 0 0 0 0 0 0 0 0 0 0 0 0 0 0 0 0 0 0 0 0 0 0 0 0 0 0 0 0 0 0 0 0 0 0 0 0 0 0 0 0 0 0 8 0 0 0 161 36 0 0 1 0 0 0 0 0 0 0 0 0 0 0 2 0 0 0 0 0 15 0 2 0 0 0 80 0 0 0 255 255 255 255 7 0 4 0 0 0 0 0 data 10 0x40007 0x30e 0x50 0x186 0xb0005 0x3d 0x1b1875a0 0x149 0x0 0x0 oops 1 6 javafx/scene/Node$MiscProperties
ciMethodData javafx/scene/Node$MiscProperties invalidateBoundsInLocal ()V 1 398 orig 264 72 50 213 104 0 0 0 0 80 201 86 32 0 0 0 0 152 1 0 0 0 0 0 0 0 0 0 0 0 0 0 0 0 0 0 0 0 0 0 0 0 0 0 0 0 0 0 0 0 0 0 0 0 0 0 0 0 0 0 0 0 0 0 0 0 0 0 0 0 0 0 0 0 0 0 0 0 0 0 0 77 68 79 32 101 120 116 114 97 32 100 97 116 97 32 108 111 99 107 0 0 0 0 0 0 0 0 0 0 0 0 0 0 0 0 0 0 0 0 0 0 0 0 0 0 0 0 0 0 0 0 0 0 0 0 0 0 0 0 0 0 0 0 0 0 0 0 0 0 0 0 0 0 0 0 0 0 0 0 0 0 0 0 0 0 0 0 0 0 0 0 0 0 0 0 0 0 0 0 0 0 0 0 0 0 0 0 0 0 0 0 0 0 0 0 0 0 0 0 0 0 0 0 0 0 0 0 0 0 0 0 0 0 0 0 0 8 0 0 0 49 12 0 0 1 0 0 0 0 0 0 0 0 0 0 0 2 0 0 0 0 0 0 0 0 0 0 0 80 0 0 0 255 255 255 255 7 0 4 0 0 0 0 0 data 10 0x40007 0x11d 0x50 0x69 0xb0005 0x0 0x19dad6e0 0x69 0x0 0x0 oops 1 6 javafx/scene/Node$MiscProperties$2
ciMethodData javafx/scene/Node$LazyBoundsProperty invalidate ()V 1 237 orig 264 72 50 213 104 0 0 0 0 80 200 173 23 0 0 0 0 120 1 0 0 0 0 0 0 0 0 0 0 0 0 0 0 0 0 0 0 0 0 0 0 0 0 0 0 0 0 0 0 0 0 0 0 0 0 0 0 0 0 0 0 0 0 0 0 0 0 0 0 0 0 0 0 0 0 0 0 0 0 0 0 77 68 79 32 101 120 116 114 97 32 100 97 116 97 32 108 111 99 107 0 0 0 0 0 0 0 0 0 0 0 0 0 0 0 0 0 0 0 0 0 0 0 0 0 0 0 0 0 0 0 0 0 0 0 0 0 0 0 0 0 0 0 0 0 0 0 0 0 0 0 0 0 0 0 0 0 0 0 0 0 0 0 0 0 0 0 0 0 0 0 0 0 0 0 0 0 0 0 0 0 0 0 0 0 0 0 0 0 0 0 0 0 0 0 0 0 0 0 0 0 0 0 0 0 0 0 0 0 0 0 0 0 0 0 0 0 5 0 0 0 65 7 0 0 1 0 0 0 0 0 0 0 0 0 0 0 2 0 0 0 0 0 0 0 0 0 0 0 48 0 0 0 255 255 255 255 7 0 4 0 0 0 0 0 data 6 0x40007 0x0 0x30 0xe8 0x100002 0xe8 oops 0
ciMethodData javafx/scene/Node transformedBoundsChanged ()V 2 5536 orig 264 72 50 213 104 0 0 0 0 168 113 159 23 0 0 0 0 88 2 0 0 96 0 0 0 0 0 0 0 0 0 0 0 0 0 0 0 0 0 0 0 0 0 0 0 0 0 0 0 0 0 0 0 0 0 0 0 0 0 0 0 0 0 0 0 0 0 0 0 0 0 0 0 0 0 0 0 0 0 0 0 77 68 79 32 101 120 116 114 97 32 100 97 116 97 32 108 111 99 107 0 0 0 0 0 0 0 0 0 0 0 0 0 0 0 0 0 0 0 0 0 0 0 0 0 0 0 0 0 0 0 0 0 0 0 0 0 0 0 0 0 0 0 0 0 0 0 0 0 0 0 0 0 0 0 0 0 0 0 0 0 0 0 0 0 0 0 0 0 0 0 0 0 0 0 0 0 0 0 0 0 0 0 0 0 0 0 0 0 0 0 0 0 0 0 0 0 0 0 0 0 0 0 0 0 0 0 0 0 0 0 0 0 0 0 0 0 157 1 0 0 25 160 0 0 1 0 0 0 0 0 0 0 0 0 0 0 2 0 0 0 0 0 54 0 2 0 0 0 16 1 0 0 255 255 255 255 7 0 4 0 0 0 0 0 data 34 0x40007 0xfe1 0x90 0x422 0xb0005 0x0 0x207f8b30 0x422 0x0 0x0 0x150002 0x422 0x1c0005 0x37d 0x207f8be0 0x52 0x207f8c90 0x53 0x200005 0x11fc 0x207f8d40 0x169 0x207f8be0 0x9e 0x230007 0xf6 0x50 0x130d 0x270005 0x119e 0x207f8df0 0x102 0x207f8ea0 0x6d oops 7 6 com/sun/javafx/geom/RectBounds 14 javafx/scene/control/Label 16 javafx/scene/layout/VBox 20 com/sun/javafx/scene/control/skin/LabeledText 22 javafx/scene/control/Label 30 javafx/scene/layout/Pane 32 javafx/scene/control/ToolBar
ciMethodData javafx/scene/Node addToSceneDirtyList ()V 2 1668 orig 264 72 50 213 104 0 0 0 0 32 250 158 23 0 0 0 0 120 2 0 0 0 0 0 0 0 0 0 0 0 0 0 0 0 0 0 0 0 0 0 0 0 0 0 0 0 0 0 0 0 0 0 0 0 0 0 0 0 0 0 0 0 0 0 0 0 0 0 0 0 0 0 0 0 0 0 0 0 0 0 0 77 68 79 32 101 120 116 114 97 32 100 97 116 97 32 108 111 99 107 0 0 0 0 0 0 0 0 0 0 0 0 0 0 0 0 0 0 0 0 0 0 0 0 0 0 0 0 0 0 0 0 0 0 0 0 0 0 0 0 0 0 0 0 0 0 0 0 0 0 0 0 0 0 0 0 0 0 0 0 0 0 0 0 0 0 0 0 0 0 0 0 0 0 0 0 0 0 0 0 0 0 0 0 0 0 0 0 0 0 0 0 0 0 0 0 0 0 0 0 0 0 0 0 0 0 0 0 0 0 0 0 0 0 0 0 0 2 1 0 0 17 44 0 0 1 0 0 0 0 0 0 0 0 0 0 0 2 0 0 0 0 0 13 0 2 0 0 0 48 1 0 0 255 255 255 255 5 0 1 0 0 0 0 0 data 38 0x10005 0x56a 0x209b7490 0x16 0x209b27a0 0x2 0x60007 0x1f5 0x100 0x38d 0xb0005 0x0 0x209b6610 0x353 0x209b7540 0x3a 0xf0005 0x371 0x209b7490 0xb 0x209b75f0 0x11 0x120007 0x38d 0x80 0x0 0x160005 0x0 0x0 0x0 0x0 0x0 0x1a0005 0x0 0x0 0x0 0x0 0x0 oops 6 2 javafx/scene/layout/HBox 4 com/sun/javafx/scene/control/skin/ToolBarSkin$ToolBarOverflowMenu 12 javafx/scene/Scene 14 javafx/scene/Scene$3$1 18 javafx/scene/layout/HBox 20 javafx/scene/layout/StackPane
ciMethodData javafx/scene/Scene addToDirtyList (Ljavafx/scene/Node;)V 1 982 orig 264 72 50 213 104 0 0 0 0 112 13 71 32 0 0 0 0 112 2 0 0 224 0 0 0 0 0 0 0 0 0 0 0 0 0 0 0 0 0 0 0 0 0 0 0 0 0 0 0 0 0 0 0 0 0 0 0 0 0 0 0 0 0 0 0 0 0 0 0 0 0 0 0 0 0 0 0 0 0 0 0 77 68 79 32 101 120 116 114 97 32 100 97 116 97 32 108 111 99 107 0 0 0 0 0 0 0 0 0 0 0 0 0 0 0 0 0 0 0 0 0 0 0 0 0 0 0 0 0 0 0 0 0 0 0 0 0 0 0 0 0 0 0 0 0 0 0 0 0 0 0 0 0 0 0 0 0 0 0 0 0 0 0 0 0 0 0 0 0 0 0 0 0 0 0 0 0 0 0 0 0 0 0 0 0 0 0 0 0 0 0 0 0 0 0 0 0 0 0 0 0 0 0 0 0 0 0 0 0 0 0 0 0 0 0 0 0 73 0 0 0 105 28 0 0 1 0 0 0 0 0 0 0 0 0 0 0 2 0 0 0 0 0 17 0 2 0 0 0 32 1 0 0 255 255 255 255 7 0 4 0 0 0 0 0 data 36 0x40007 0xa1 0x40 0x2ec 0xb0007 0x248 0x80 0xa4 0x120007 0x16 0x60 0x12f 0x150002 0x12f 0x180005 0x0 0x1adf9d20 0x12f 0x0 0x0 0x1f0007 0xa1 0x80 0x2ec 0x2b0007 0x2e7 0x30 0x5 0x480002 0x5 0x600004 0x0 0x1a00ca80 0x5b 0x207f8be0 0x5b oops 3 16 com/sun/javafx/tk/quantum/QuantumToolkit 32 javafx/scene/layout/BorderPane 34 javafx/scene/control/Label
ciMethodData javafx/scene/Node invalidateBoundsInParent ()V 2 1058 orig 264 72 50 213 104 0 0 0 0 104 96 159 23 0 0 0 0 152 1 0 0 0 0 0 0 0 0 0 0 0 0 0 0 0 0 0 0 0 0 0 0 0 0 0 0 0 0 0 0 0 0 0 0 0 0 0 0 0 0 0 0 0 0 0 0 0 0 0 0 0 0 0 0 0 0 0 0 0 0 0 0 77 68 79 32 101 120 116 114 97 32 100 97 116 97 32 108 111 99 107 0 0 0 0 0 0 0 0 0 0 0 0 0 0 0 0 0 0 0 0 0 0 0 0 0 0 0 0 0 0 0 0 0 0 0 0 0 0 0 0 0 0 0 0 0 0 0 0 0 0 0 0 0 0 0 0 0 0 0 0 0 0 0 0 0 0 0 0 0 0 0 0 0 0 0 0 0 0 0 0 0 0 0 0 0 0 0 0 0 0 0 0 0 0 0 0 0 0 0 0 0 0 0 0 0 0 0 0 0 0 0 0 0 0 0 0 0 0 0 0 0 17 33 0 0 1 0 0 0 0 0 0 0 0 0 0 0 2 0 0 0 0 0 0 0 0 0 0 0 80 0 0 0 255 255 255 255 7 0 4 0 0 0 0 0 data 10 0x40007 0x33d 0x50 0xe5 0xb0005 0x0 0x1b1875a0 0xe5 0x0 0x0 oops 1 6 javafx/scene/Node$MiscProperties
ciMethodData javafx/scene/Node$MiscProperties invalidateBoundsInParent ()V 1 229 orig 264 72 50 213 104 0 0 0 0 48 199 86 32 0 0 0 0 152 1 0 0 0 0 0 0 0 0 0 0 0 0 0 0 0 0 0 0 0 0 0 0 0 0 0 0 0 0 0 0 0 0 0 0 0 0 0 0 0 0 0 0 0 0 0 0 0 0 0 0 0 0 0 0 0 0 0 0 0 0 0 0 77 68 79 32 101 120 116 114 97 32 100 97 116 97 32 108 111 99 107 0 0 0 0 0 0 0 0 0 0 0 0 0 0 0 0 0 0 0 0 0 0 0 0 0 0 0 0 0 0 0 0 0 0 0 0 0 0 0 0 0 0 0 0 0 0 0 0 0 0 0 0 0 0 0 0 0 0 0 0 0 0 0 0 0 0 0 0 0 0 0 0 0 0 0 0 0 0 0 0 0 0 0 0 0 0 0 0 0 0 0 0 0 0 0 0 0 0 0 0 0 0 0 0 0 0 0 0 0 0 0 0 0 0 0 0 0 0 0 0 0 41 7 0 0 1 0 0 0 0 0 0 0 0 0 0 0 2 0 0 0 0 0 0 0 0 0 0 0 80 0 0 0 255 255 255 255 7 0 4 0 0 0 0 0 data 10 0x40007 0xe5 0x50 0x0 0xb0005 0x0 0x0 0x0 0x0 0x0 oops 0
ciMethodData java/util/ArrayList remove (Ljava/lang/Object;)Z 1 754 orig 264 72 50 213 104 0 0 0 0 176 136 81 23 0 0 0 0 136 2 0 0 136 0 0 0 0 0 0 0 0 0 0 0 0 0 0 0 0 0 0 0 0 0 0 0 0 0 0 0 0 0 0 0 0 0 0 0 0 0 0 0 0 0 0 0 0 0 0 0 0 0 0 0 0 0 0 0 0 0 0 0 77 68 79 32 101 120 116 114 97 32 100 97 116 97 32 108 111 99 107 0 0 0 0 0 0 0 0 0 0 0 0 0 0 0 0 0 0 0 0 0 0 0 0 0 0 0 0 0 0 0 0 0 0 0 0 0 0 0 0 0 0 0 0 0 0 0 0 0 0 0 0 0 0 0 0 0 0 0 0 0 0 0 0 0 0 0 0 0 0 0 0 0 0 0 0 0 0 0 0 0 0 0 0 0 0 0 0 0 0 0 0 0 0 0 0 0 0 0 0 0 0 0 0 0 0 0 0 0 0 0 0 0 0 0 0 0 4 0 0 0 97 7 0 0 145 23 0 0 0 0 0 0 0 0 0 0 2 0 0 0 0 0 0 0 0 0 0 0 56 1 0 0 255 255 255 255 7 0 1 0 0 0 0 0 data 39 0x10007 0xec 0xa0 0x0 0xb0007 0x0 0x68 0x0 0x140007 0x0 0x30 0x0 0x190002 0x0 0x210003 0x0 0xffffffffffffffb0 0x240003 0x0 0xb0 0x2e0007 0x22 0x98 0x3bc 0x380005 0x12c 0x2e7a3c0 0x28b 0x20c4c590 0x5 0x3b0007 0x2f2 0x30 0xca 0x400002 0xca 0x480003 0x2f2 0xffffffffffffff80 oops 2 26 java/lang/ref/SoftReference 28 com/sun/javafx/tk/quantum/WindowStage
ciMethodData java/util/concurrent/atomic/AtomicBoolean set (Z)V 2 1850 orig 264 72 50 213 104 0 0 0 0 56 95 98 23 0 0 0 0 96 1 0 0 0 0 0 0 0 0 0 0 0 0 0 0 0 0 0 0 0 0 0 0 0 0 0 0 0 0 0 0 0 0 0 0 0 0 0 0 0 0 0 0 0 0 0 0 0 0 0 0 0 0 0 0 0 0 0 0 0 0 0 0 77 68 79 32 101 120 116 114 97 32 100 97 116 97 32 108 111 99 107 0 0 0 0 0 0 0 0 0 0 0 0 0 0 0 0 0 0 0 0 0 0 0 0 0 0 0 0 0 0 0 0 0 0 0 0 0 0 0 0 0 0 0 0 0 0 0 0 0 0 0 0 0 0 0 0 0 0 0 0 0 0 0 0 0 0 0 0 0 0 0 0 0 0 0 0 0 0 0 0 0 0 0 0 0 0 0 0 0 0 0 0 0 0 0 0 0 0 0 0 0 0 0 0 0 0 0 0 0 0 0 0 0 0 0 0 0 0 1 0 0 209 49 0 0 1 0 0 0 0 0 0 0 0 0 0 0 2 0 0 0 0 0 6 0 2 0 0 0 56 0 0 0 255 255 255 255 7 0 2 0 0 0 0 0 data 7 0x20007 0x3f6 0x38 0x244 0x60003 0x244 0x18 oops 0
ciMethodData javafx/scene/Node impl_markDirty (Lcom/sun/javafx/scene/DirtyBits;)V 2 7263 orig 264 72 50 213 104 0 0 0 0 64 249 158 23 0 0 0 0 224 1 0 0 80 0 0 0 0 0 0 0 0 0 0 0 0 0 0 0 0 0 0 0 0 0 0 0 0 0 0 0 0 0 0 0 0 0 0 0 0 0 0 0 0 0 0 0 0 0 0 0 0 0 0 0 0 0 0 0 0 0 0 0 77 68 79 32 101 120 116 114 97 32 100 97 116 97 32 108 111 99 107 0 0 0 0 0 0 0 0 0 0 0 0 0 0 0 0 0 0 0 0 0 0 0 0 0 0 0 0 0 0 0 0 0 0 0 0 0 0 0 0 0 0 0 0 0 0 0 0 0 0 0 0 0 0 0 0 0 0 0 0 0 0 0 0 0 0 0 0 0 0 0 0 0 0 0 0 0 0 0 0 0 0 0 0 0 0 0 0 0 0 0 0 0 0 0 0 0 0 0 0 0 0 0 0 0 0 0 0 0 0 0 0 0 0 0 0 0 0 2 0 0 249 210 0 0 1 0 0 0 0 0 0 0 0 0 0 0 2 0 0 0 0 0 15 0 2 0 0 0 144 0 0 0 255 255 255 255 5 0 1 0 0 0 0 0 data 18 0x10005 0x1a53 0x209b4690 0x6 0x209b4740 0x6 0x40007 0x1839 0x30 0x226 0x80002 0x226 0x120005 0x8 0x207fb2e0 0x1a57 0x0 0x0 oops 3 2 com/sun/javafx/scene/control/skin/MenuBarSkin$MenuBarButton 4 com/sun/javafx/scene/control/skin/MenuButtonSkinBase$MenuLabeledImpl 14 com/sun/javafx/scene/DirtyBits
ciMethodData com/sun/javafx/geom/RectBounds makeEmpty ()Lcom/sun/javafx/geom/RectBounds; 2 5737 orig 264 72 50 213 104 0 0 0 0 112 227 153 23 0 0 0 0 32 1 0 0 0 0 0 0 0 0 0 0 0 0 0 0 0 0 0 0 0 0 0 0 0 0 0 0 0 0 0 0 0 0 0 0 0 0 0 0 0 0 0 0 0 0 0 0 0 0 0 0 0 0 0 0 0 0 0 0 0 0 0 0 77 68 79 32 101 120 116 114 97 32 100 97 116 97 32 108 111 99 107 0 0 0 0 0 0 0 0 0 0 0 0 0 0 0 0 0 0 0 0 0 0 0 0 0 0 0 0 0 0 0 0 0 0 0 0 0 0 0 0 0 0 0 0 0 0 0 0 0 0 0 0 0 0 0 0 0 0 0 0 0 0 0 0 0 0 0 0 0 0 0 0 0 0 0 0 0 0 0 0 0 0 0 0 0 3 0 0 0 0 0 0 0 0 0 0 0 0 0 0 0 1 0 0 0 0 0 0 0 1 0 0 0 0 0 0 0 128 1 0 0 73 167 0 0 1 0 0 0 0 0 0 0 0 0 0 0 2 0 0 0 0 0 3 0 1 0 0 0 0 0 0 0 255 255 255 255 0 0 0 0 0 0 0 0 data 0 oops 0
ciMethodData com/sun/javafx/geom/RectBounds makeEmpty ()Lcom/sun/javafx/geom/BaseBounds; 2 5517 orig 264 72 50 213 104 0 0 0 0 120 232 153 23 0 0 0 0 120 1 0 0 0 0 0 0 0 0 0 0 0 0 0 0 0 0 0 0 0 0 0 0 0 0 0 0 0 0 0 0 0 0 0 0 0 0 0 0 0 0 0 0 0 0 0 0 0 0 0 0 0 0 0 0 0 0 0 0 0 0 0 0 77 68 79 32 101 120 116 114 97 32 100 97 116 97 32 108 111 99 107 0 0 0 0 0 0 0 0 0 0 0 0 0 0 0 0 0 0 0 0 0 0 0 0 0 0 0 0 0 0 0 0 0 0 0 0 0 0 0 0 0 0 0 0 0 0 0 0 0 0 0 0 0 0 0 0 0 0 0 0 0 0 0 0 0 0 0 0 0 0 0 0 0 0 0 0 0 0 0 0 0 0 0 0 0 0 0 0 0 0 0 0 0 0 0 0 0 0 0 0 0 0 0 0 0 0 0 0 0 0 0 0 0 0 0 0 0 131 1 0 0 81 160 0 0 1 0 0 0 0 0 0 0 0 0 0 0 2 0 0 0 0 0 3 0 2 0 0 0 48 0 0 0 255 255 255 255 5 0 1 0 0 0 0 0 data 6 0x10005 0x0 0x207f8b30 0x140a 0x0 0x0 oops 1 2 com/sun/javafx/geom/RectBounds
ciMethodData com/sun/javafx/tk/quantum/QuantumToolkit requestNextPulse ()V 1 774 orig 264 72 50 213 104 0 0 0 0 232 70 138 23 0 0 0 0 120 1 0 0 0 0 0 0 0 0 0 0 0 0 0 0 0 0 0 0 0 0 0 0 0 0 0 0 0 0 0 0 0 0 0 0 0 0 0 0 0 0 0 0 0 0 0 0 0 0 0 0 0 0 0 0 0 0 0 0 0 0 0 0 77 68 79 32 101 120 116 114 97 32 100 97 116 97 32 108 111 99 107 0 0 0 0 0 0 0 0 0 0 0 0 0 0 0 0 0 0 0 0 0 0 0 0 0 0 0 0 0 0 0 0 0 0 0 0 0 0 0 0 0 0 0 0 0 0 0 0 0 0 0 0 0 0 0 0 0 0 0 0 0 0 0 0 0 0 0 0 0 0 0 0 0 0 0 0 0 0 0 0 0 0 0 0 0 0 0 0 0 0 0 0 0 0 0 0 0 0 0 0 0 0 0 0 0 0 0 0 0 0 0 0 0 0 0 0 0 130 1 0 0 33 12 0 0 1 0 0 0 0 0 0 0 0 0 0 0 2 0 0 0 0 0 6 0 2 0 0 0 48 0 0 0 255 255 255 255 5 0 5 0 0 0 0 0 data 6 0x50005 0x0 0x2082f490 0x184 0x0 0x0 oops 1 2 java/util/concurrent/atomic/AtomicBoolean
instanceKlass com/sun/javafx/geom/EllipseIterator
instanceKlass com/sun/scenario/effect/impl/state/BoxRenderState$1
instanceKlass com/sun/prism/shader/FillRoundRect_LinearGradient_PAD_Loader
instanceKlass com/sun/prism/shader/FillRoundRect_Color_Loader
instanceKlass eg/edu/alexu/csd/oop/draw/cs/gui/Controller$1
instanceKlass eg/edu/alexu/csd/oop/draw/cs/gui/Controller$$Lambda$307
instanceKlass eg/edu/alexu/csd/oop/draw/cs/gui/Controller$$Lambda$306
instanceKlass sun/invoke/util/VerifyAccess$1
instanceKlass eg/edu/alexu/csd/oop/draw/cs/AddShape
instanceKlass com/sun/prism/shader/DrawEllipse_Color_Loader
instanceKlass com/sun/prism/shader/FillEllipse_Color_Loader
instanceKlass java/lang/invoke/LambdaForm$MH
instanceKlass java/lang/invoke/LambdaForm$DMH
instanceKlass java/lang/invoke/LambdaForm$DMH
instanceKlass com/sun/javafx/tk/quantum/GlassSceneDnDEventHandler$$Lambda$305
instanceKlass java/lang/invoke/LambdaForm$DMH
instanceKlass java/lang/invoke/LambdaForm$MH
instanceKlass java/lang/invoke/LambdaForm$DMH
instanceKlass java/lang/invoke/LambdaForm$DMH
instanceKlass com/sun/javafx/tk/quantum/GlassViewEventHandler$$Lambda$304
instanceKlass java/lang/invoke/LambdaForm$DMH
instanceKlass com/sun/javafx/tk/quantum/WindowStage$$Lambda$303
instanceKlass com/sun/javafx/tk/quantum/ViewScene$$Lambda$302
instanceKlass com/sun/javafx/tk/quantum/WindowStage$$Lambda$301
instanceKlass com/sun/javafx/collections/MappingChange$1
instanceKlass javafx/scene/input/MouseEvent$1
instanceKlass com/sun/javafx/tk/quantum/SceneState$$Lambda$300
instanceKlass com/sun/scenario/effect/impl/BufferUtil$$Lambda$299
instanceKlass com/sun/scenario/effect/impl/BufferUtil
instanceKlass com/sun/scenario/effect/ImageData$$Lambda$298
instanceKlass com/sun/javafx/sg/prism/NodeEffectInput$1
instanceKlass com/sun/scenario/effect/impl/state/LinearConvolveRenderState$$Lambda$297
instanceKlass java/lang/invoke/LambdaForm$DMH
instanceKlass com/sun/scenario/effect/impl/prism/PrRenderInfo
instanceKlass com/sun/scenario/effect/ImageDataRenderer
instanceKlass com/sun/javafx/geom/transform/Affine2D$1
instanceKlass java/util/concurrent/CopyOnWriteArrayList$COWIterator
instanceKlass javafx/stage/PopupWindow$$Lambda$296
instanceKlass com/sun/glass/ui/Window$TrackingRectangle
instanceKlass com/sun/glass/ui/Window$UndecoratedMoveResizeHelper
instanceKlass com/sun/prism/impl/QueuedPixelSource
instanceKlass com/sun/prism/PixelSource
instanceKlass com/sun/javafx/geometry/BoundsUtils
instanceKlass com/sun/javafx/scene/control/skin/VirtualFlow$$Lambda$295
instanceKlass com/sun/javafx/scene/control/skin/ComboBoxPopupControl$$Lambda$294
instanceKlass com/sun/javafx/scene/control/skin/ComboBoxPopupControl$$Lambda$293
instanceKlass com/sun/javafx/scene/control/skin/ComboBoxPopupControl$$Lambda$292
instanceKlass com/sun/javafx/scene/control/skin/ComboBoxPopupControl$$Lambda$291
instanceKlass com/sun/javafx/scene/control/skin/ComboBoxPopupControl$$Lambda$290
instanceKlass com/sun/javafx/scene/control/skin/ComboBoxPopupControl$2$1
instanceKlass java/lang/invoke/LambdaForm$MH
instanceKlass java/lang/invoke/LambdaForm$DMH
instanceKlass java/lang/invoke/LambdaForm$DMH
instanceKlass javafx/animation/Animation$1$$Lambda$289
instanceKlass java/lang/invoke/LambdaForm$DMH
instanceKlass com/sun/scenario/animation/AnimationPulse$PulseData$$Lambda$288
instanceKlass com/sun/scenario/animation/AnimationPulse$PulseData$$Lambda$287
instanceKlass com/sun/scenario/animation/AnimationPulse$PulseData$$Lambda$286
instanceKlass com/sun/scenario/animation/AnimationPulse$PulseData$$Lambda$285
instanceKlass com/sun/scenario/animation/AnimationPulse$PulseData$$Lambda$284
instanceKlass com/sun/scenario/animation/AnimationPulse$PulseData$$Lambda$283
instanceKlass com/sun/scenario/animation/AnimationPulse$PulseData$$Lambda$282
instanceKlass com/sun/scenario/animation/AnimationPulse$PulseData$$Lambda$281
instanceKlass java/lang/invoke/LambdaForm$DMH
instanceKlass java/lang/invoke/LambdaForm$DMH
instanceKlass com/sun/scenario/animation/AnimationPulse$PulseData
instanceKlass com/sun/scenario/animation/AnimationPulse$PulseData$Accessor
instanceKlass java/util/concurrent/ConcurrentLinkedQueue$Node
instanceKlass com/sun/scenario/animation/AnimationPulse$AnimationPulseHolder
instanceKlass com/sun/scenario/animation/AnimationPulse
instanceKlass com/sun/scenario/animation/AnimationPulseMBean
instanceKlass javafx/animation/Animation$5
instanceKlass javafx/animation/KeyValue
